Tue Aug 25 06:48:01 2009 :[Kazmir]:who
Tue Aug 25 06:48:08 2009 :[Kazmir]:murder mar
Tue Aug 25 06:48:19 2009 :[Kazmir]:' uhm i se this still broken
Tue Aug 25 06:48:30 2009 :[Kazmir]:cast acid
Tue Aug 25 06:48:38 2009 :[Kazmir]:ODcast 'acid b
Tue Aug 25 06:48:42 2009 :[Kazmir]:ava 100
Fri Feb 26 11:04:58 2010 :[Kazmir]:who
Fri Feb 26 11:05:05 2010 :[Kazmir]:omni
Fri Feb 26 11:05:16 2010 :[Kazmir]:grant all kazmir
Fri Feb 26 11:05:21 2010 :[Kazmir]:wizh
Fri Feb 26 11:05:25 2010 :[Kazmir]:grant
Fri Feb 26 11:05:41 2010 :[Kazmir]:ava kazmir 100
Fri Feb 26 11:05:45 2010 :[Kazmir]:set
Fri Feb 26 11:05:49 2010 :[Kazmir]:command
Fri Feb 26 11:05:58 2010 :[Kazmir]:hworld
Fri Feb 26 11:09:59 2010 :[Kazmir]:note
Fri Feb 26 11:10:08 2010 :[Kazmir]:note
Fri Feb 26 11:10:10 2010 :[Kazmir]:note
Fri Feb 26 11:10:15 2010 :[Kazmir]:note
Fri Apr  2 07:11:25 2010 :[Kazmir]:who
Fri Apr  2 07:13:18 2010 :[Kazmir]:board 1
Fri Apr  2 07:13:21 2010 :[Kazmir]:note list
Fri Apr  2 07:16:47 2010 :[Kazmir]:ls
Fri Apr  2 07:18:20 2010 :[Kazmir]:okwho
Fri Apr  2 07:18:25 2010 :[Kazmir]:who
Fri Apr  2 07:18:57 2010 :[Kazmir]:who
Fri Apr  2 07:19:13 2010 :[Kazmir]:note list
Fri Apr  2 07:26:04 2010 :[Kazmir]:who
Fri Apr  2 07:26:09 2010 :[Kazmir]:ava 100
Fri Apr  2 07:26:48 2010 :[Kazmir]:' can balefire him?
Fri Apr  2 07:27:12 2010 :[Kazmir]:never min' never mind
Fri Apr  2 07:27:19 2010 :[Kazmir]:' never mind
Fri Apr  2 07:31:38 2010 :[Kazmir]:grant all kazmir
Fri Apr  2 07:31:48 2010 :[Kazmir]:grant level 100 kazmir
Fri Apr  2 07:32:02 2010 :[Kazmir]:wizh
Fri Apr  2 07:32:08 2010 :[Kazmir]:ooc hahah
Fri Apr  2 07:32:15 2010 :[Kazmir]:[4-ooc + power
Fri Apr  2 07:32:22 2010 :[Kazmir]:ooc + power
Fri Apr  2 07:32:40 2010 :[Kazmir]:omni
Fri Apr  2 07:32:49 2010 :[Kazmir]:omni
Fri Apr  2 07:32:55 2010 :[Kazmir]:grant omni kazmir
Fri Apr  2 07:33:04 2010 :[Kazmir]:grant command omni kazmir
Fri Apr  2 07:33:18 2010 :[Kazmir]:ooc WFT HAVE THEY ONE????
Fri Apr  2 07:33:23 2010 :[Kazmir]:who
Fri Apr  2 07:33:26 2010 :[Kazmir]:sco
Fri Apr  2 07:33:31 2010 :[Kazmir]:osco
Fri Apr  2 07:34:00 2010 :[Kazmir]:quit
Fri Apr  2 07:35:16 2010 :[Kazmir]:' much better
Fri Apr  2 07:35:25 2010 :[Kazmir]:grant level 100 kazmir
Fri Apr  2 07:35:32 2010 :[Kazmir]:wizh
Fri Apr  2 07:35:47 2010 :[Kazmir]:' now i have more power then you :P
Fri Apr  2 07:36:04 2010 :[Kazmir]:wizh
Fri Apr  2 07:36:07 2010 :[Kazmir]:who
Fri Apr  2 07:36:10 2010 :[Kazmir]:omni
Fri Apr  2 07:36:24 2010 :[Kazmir]:grant level 100 Grazzt
Fri Apr  2 07:53:21 2010 :[Kazmir]:alist
Fri Apr  2 07:57:45 2010 :[Kazmir]:q
Fri Apr  2 07:57:56 2010 :[Kazmir]:alist mage
Fri Apr  2 08:16:21 2010 :[Kazmir]:pload Villik
Fri Apr  2 08:16:27 2010 :[Kazmir]:look Villik
Fri Apr  2 08:16:41 2010 :[Kazmir]:look Villik
Fri Apr  2 08:16:47 2010 :[Kazmir]:holy
Fri Apr  2 08:16:51 2010 :[Kazmir]:look val
Fri Apr  2 08:16:57 2010 :[Kazmir]:look vil
Fri Apr  2 08:17:09 2010 :[Kazmir]:doas vil osco
Fri Apr  2 08:17:32 2010 :[Kazmir]:punload Villik
Fri Apr  2 08:17:49 2010 :[Kazmir]:look
Fri Apr  2 08:18:14 2010 :[Kazmir]:' this kind of funny
Fri Apr  2 08:19:47 2010 :[Kazmir]:pload Zalev
Fri Apr  2 08:19:51 2010 :[Kazmir]:look za
Fri Apr  2 08:20:08 2010 :[Kazmir]:doas osco
Fri Apr  2 08:20:17 2010 :[Kazmir]:doas zar osco
Fri Apr  2 08:21:04 2010 :[Kazmir]:stat zalev
Fri Apr  2 08:21:16 2010 :[Kazmir]:look
Fri Apr  2 08:21:24 2010 :[Kazmir]:doas zalev osco
Fri Apr  2 08:21:45 2010 :[Kazmir]:punload zalev
Fri Apr  2 08:21:53 2010 :[Kazmir]:' he is level 101 :P
Fri Apr  2 08:22:18 2010 :[Kazmir]:' that why you was unable to pload him
Sat Apr  3 15:51:26 2010 :[Kazmir]:who
Sat Apr  3 15:51:34 2010 :[Kazmir]:inv
Sat Apr  3 15:58:00 2010 :[Kazmir]:who
Sat Apr  3 19:16:18 2010 :[Kazmir]:who
Sat Apr  3 19:27:23 2010 :[Kazmir]:who
Sat Apr  3 19:27:26 2010 :[Kazmir]:alist
Sat Apr  3 19:27:58 2010 :[Kazmir]:giti 11000
Sat Apr  3 19:28:04 2010 :[Kazmir]:goto  11000
Sat Apr  3 19:28:09 2010 :[Kazmir]:n
Sat Apr  3 19:28:13 2010 :[Kazmir]:e
Sat Apr  3 19:28:16 2010 :[Kazmir]:e
Sat Apr  3 19:28:18 2010 :[Kazmir]:e
Sat Apr  3 19:28:23 2010 :[Kazmir]:look
Sat Apr  3 19:28:27 2010 :[Kazmir]:aedit
Sat Apr  3 19:28:41 2010 :[Kazmir]:w
Sat Apr  3 19:28:42 2010 :[Kazmir]:w
Sat Apr  3 19:28:44 2010 :[Kazmir]:e
Sat Apr  3 19:28:45 2010 :[Kazmir]:e
Sat Apr  3 19:28:47 2010 :[Kazmir]:e
Sat Apr  3 19:28:48 2010 :[Kazmir]:e
Sat Apr  3 19:28:49 2010 :[Kazmir]:e
Sat Apr  3 19:28:51 2010 :[Kazmir]:e
Sat Apr  3 19:28:53 2010 :[Kazmir]:e
Sat Apr  3 19:28:54 2010 :[Kazmir]:e
Sat Apr  3 19:28:55 2010 :[Kazmir]:e
Sat Apr  3 19:28:56 2010 :[Kazmir]:e
Sat Apr  3 19:28:58 2010 :[Kazmir]:e
Sat Apr  3 19:28:59 2010 :[Kazmir]:e
Sat Apr  3 19:29:00 2010 :[Kazmir]:e
Sat Apr  3 19:29:34 2010 :[Kazmir]:alist
Sat Apr  3 19:30:21 2010 :[Kazmir]:goto 48500
Sat Apr  3 19:30:24 2010 :[Kazmir]:n
Sat Apr  3 19:30:25 2010 :[Kazmir]:n
Sat Apr  3 19:30:27 2010 :[Kazmir]:n
Sat Apr  3 19:30:29 2010 :[Kazmir]:n
Sat Apr  3 19:30:30 2010 :[Kazmir]:n
Sat Apr  3 19:30:31 2010 :[Kazmir]:n
Sat Apr  3 19:30:33 2010 :[Kazmir]:n
Sat Apr  3 19:30:36 2010 :[Kazmir]:s
Sat Apr  3 19:30:38 2010 :[Kazmir]:s
Sat Apr  3 19:30:39 2010 :[Kazmir]:s
Sat Apr  3 19:30:42 2010 :[Kazmir]:who
Sat Apr  3 19:30:48 2010 :[Kazmir]:wiznet login
Sat Apr  3 19:30:53 2010 :[Kazmir]:who
Sat Apr  3 19:30:55 2010 :[Kazmir]:omni
Sat Apr  3 19:31:04 2010 :[Kazmir]:look
Sat Apr  3 19:31:06 2010 :[Kazmir]:w
Sat Apr  3 19:31:08 2010 :[Kazmir]:w
Sat Apr  3 19:31:10 2010 :[Kazmir]:w
Sat Apr  3 19:31:16 2010 :[Kazmir]:q
Sat Apr  3 19:31:19 2010 :[Kazmir]:w
Sat Apr  3 19:31:21 2010 :[Kazmir]:w
Sat Apr  3 19:31:24 2010 :[Kazmir]:e
Sat Apr  3 19:31:26 2010 :[Kazmir]:s
Sat Apr  3 19:31:30 2010 :[Kazmir]:n
Sat Apr  3 19:31:31 2010 :[Kazmir]:n
Sat Apr  3 19:31:33 2010 :[Kazmir]:e
Sat Apr  3 19:31:34 2010 :[Kazmir]:e
Sat Apr  3 19:31:36 2010 :[Kazmir]:e
Sat Apr  3 19:31:37 2010 :[Kazmir]:e
Sat Apr  3 19:31:39 2010 :[Kazmir]:e
Sat Apr  3 19:31:42 2010 :[Kazmir]:e
Sat Apr  3 19:31:46 2010 :[Kazmir]:e
Sat Apr  3 19:31:47 2010 :[Kazmir]:w
Sat Apr  3 19:31:50 2010 :[Kazmir]:w
Sat Apr  3 19:31:51 2010 :[Kazmir]:n
Sat Apr  3 19:31:53 2010 :[Kazmir]:n
Sat Apr  3 19:31:55 2010 :[Kazmir]:e
Sat Apr  3 19:32:03 2010 :[Kazmir]:e
Sat Apr  3 19:32:05 2010 :[Kazmir]:n
Sat Apr  3 19:32:07 2010 :[Kazmir]:e
Sat Apr  3 19:32:09 2010 :[Kazmir]:e
Sat Apr  3 19:32:13 2010 :[Kazmir]:ew
Sat Apr  3 19:32:15 2010 :[Kazmir]:s
Sat Apr  3 19:32:18 2010 :[Kazmir]:n
Sat Apr  3 19:32:29 2010 :[Kazmir]:' this the area i did work on
Sat Apr  3 19:32:42 2010 :[Kazmir]:' sadly i did never have time to complete it
Sat Apr  3 19:34:05 2010 :[Kazmir]:' i did really nice idea
Sat Apr  3 19:43:05 2010 :[Kazmir]:vnum security
Sat Apr  3 19:43:21 2010 :[Kazmir]:goto 9907
Sat Apr  3 19:43:34 2010 :[Kazmir]:ooc goto me :)
Sat Apr  3 19:43:37 2010 :[Kazmir]:e
Sat Apr  3 19:43:43 2010 :[Kazmir]:e
Sat Apr  3 19:43:44 2010 :[Kazmir]:e
Sat Apr  3 19:43:46 2010 :[Kazmir]:w
Sat Apr  3 19:43:47 2010 :[Kazmir]:w
Sat Apr  3 19:43:49 2010 :[Kazmir]:e
Sat Apr  3 19:44:03 2010 :[Kazmir]:' ones the best object in was in this area
Sat Apr  3 19:44:16 2010 :[Kazmir]:' yes
Sat Apr  3 19:44:41 2010 :[Kazmir]:owhere sight
Sat Apr  3 19:44:54 2010 :[Kazmir]:goto 9948
Sat Apr  3 19:45:02 2010 :[Kazmir]:ooc yes
Sat Apr  3 19:45:32 2010 :[Kazmir]:vnum 9948
Sat Apr  3 19:45:38 2010 :[Kazmir]:vnum sight
Sat Apr  3 19:45:48 2010 :[Kazmir]:load obj 9904
Sat Apr  3 19:45:57 2010 :[Kazmir]:cast id sight
Sat Apr  3 19:46:05 2010 :[Kazmir]:stat sight
Sat Apr  3 19:46:17 2010 :[Kazmir]:' 
Sat Apr  3 20:06:21 2010 :[Kazmir]:restor
Sat Apr  3 20:06:29 2010 :[Kazmir]:crestor
Sat Apr  3 20:25:54 2010 :[Kazmir]:help
Sat Apr  3 20:25:58 2010 :[Kazmir]:help eq
Sat Apr  3 20:26:05 2010 :[Kazmir]:help 580
Sat Apr  3 20:26:12 2010 :[Kazmir]:help 576
Sat Apr  3 20:26:28 2010 :[Kazmir]:help
Sat Apr  3 20:27:25 2010 :[Kazmir]:helpc buildpoints
Sat Apr  3 20:27:31 2010 :[Kazmir]:help buildpoints
Mon Apr  5 17:55:01 2010 :[Kazmir]:set char kazmir class spe
Mon Apr  5 17:55:08 2010 :[Kazmir]:sco
Mon Apr  5 17:55:14 2010 :[Kazmir]:skill
Mon Apr  5 17:58:34 2010 :[Kazmir]:slist spe
Mon Apr  5 17:58:46 2010 :[Kazmir]:spel
Mon Apr  5 17:58:55 2010 :[Kazmir]:osco
Mon Apr  5 17:59:04 2010 :[Kazmir]:set char kazmir spe
Mon Apr  5 17:59:13 2010 :[Kazmir]:set char kazmir class spe
Mon Apr  5 17:59:20 2010 :[Kazmir]:osco
Mon Apr  5 17:59:25 2010 :[Kazmir]:spell
Mon Apr  5 17:59:54 2010 :[Kazmir]:oskil
Mon Apr  5 17:59:57 2010 :[Kazmir]:skill
Mon Apr  5 18:00:30 2010 :[Kazmir]:skill
Mon Apr  5 18:00:51 2010 :[Kazmir]:set skill kazmir all 100
Mon Apr  5 18:00:59 2010 :[Kazmir]:set char kazmir spe
Mon Apr  5 18:01:08 2010 :[Kazmir]:set char kazmir class spe
Mon Apr  5 18:01:15 2010 :[Kazmir]:skill
Mon Apr  5 18:07:45 2010 :[Kazmir]:skill
Mon Apr  5 18:08:52 2010 :[Kazmir]:replay
Mon Apr  5 18:10:46 2010 :[Kazmir]:set char kazmir class spe
Mon Apr  5 18:10:49 2010 :[Kazmir]:osco
Mon Apr  5 18:10:55 2010 :[Kazmir]:save
Mon Apr  5 18:11:07 2010 :[Kazmir]:skill
Mon Apr  5 18:12:32 2010 :[Kazmir]:osco
Mon Apr  5 18:12:36 2010 :[Kazmir]:skill
Mon Apr  5 18:14:15 2010 :[Kazmir]:skill
Mon Apr  5 18:17:13 2010 :[Kazmir]:sco
Mon Apr  5 18:17:16 2010 :[Kazmir]:skill
Mon Apr  5 18:20:55 2010 :[Kazmir]:copy
Mon Apr  5 18:20:59 2010 :[Kazmir]:copy now
Mon Apr  5 18:21:09 2010 :[Kazmir]:set char kazmir class pro
Mon Apr  5 18:21:12 2010 :[Kazmir]:skill
Mon Apr  5 18:22:48 2010 :[Kazmir]:copy
Mon Apr  5 18:22:52 2010 :[Kazmir]:copy now
Mon Apr  5 18:23:01 2010 :[Kazmir]:skill
Mon Apr  5 18:24:41 2010 :[Kazmir]:sco
Mon Apr  5 18:24:44 2010 :[Kazmir]:skill
Mon Apr  5 18:25:26 2010 :[Kazmir]:skill
Mon Apr  5 18:27:42 2010 :[Kazmir]:copyover
Mon Apr  5 18:27:47 2010 :[Kazmir]:copy over now
Mon Apr  5 18:27:50 2010 :[Kazmir]:copy now
Mon Apr  5 18:27:56 2010 :[Kazmir]:slist spe
Mon Apr  5 18:28:01 2010 :[Kazmir]:skill
Mon Apr  5 18:28:10 2010 :[Kazmir]:set char kazmir class spe
Mon Apr  5 18:28:15 2010 :[Kazmir]:skill
Mon Apr  5 18:28:49 2010 :[Kazmir]:setskill dagger spe 1
Mon Apr  5 18:29:00 2010 :[Kazmir]:setskill spe dagger 1
Mon Apr  5 18:29:04 2010 :[Kazmir]:skill
Mon Apr  5 18:31:33 2010 :[Kazmir]:spe
Mon Apr  5 18:32:53 2010 :[Kazmir]:copy now
Mon Apr  5 18:34:11 2010 :[Kazmir]:skill
Mon Apr  5 19:23:13 2010 :[Kazmir]:skill
Mon Apr  5 19:50:08 2010 :[Kazmir]:who
Mon Apr  5 19:50:10 2010 :[Kazmir]:note
Mon Apr  5 19:50:15 2010 :[Kazmir]:note
Mon Apr  5 19:50:25 2010 :[Kazmir]:note
Mon Apr  5 19:50:43 2010 :[Kazmir]:note
Mon Apr  5 19:51:04 2010 :[Kazmir]:note
Mon Apr  5 19:51:18 2010 :[Kazmir]:note
Mon Apr  5 19:51:30 2010 :[Kazmir]:note
Mon Apr  5 19:51:40 2010 :[Kazmir]:note
Mon Apr  5 19:51:52 2010 :[Kazmir]:note
Mon Apr  5 19:51:55 2010 :[Kazmir]:note
Mon Apr  5 19:52:04 2010 :[Kazmir]:note list
Mon Apr  5 19:52:09 2010 :[Kazmir]:board
Mon Apr  5 19:52:14 2010 :[Kazmir]:note
Mon Apr  5 19:52:18 2010 :[Kazmir]:list list
Mon Apr  5 19:52:21 2010 :[Kazmir]:note
Mon Apr  5 19:53:25 2010 :[Kazmir]:board
Mon Apr  5 19:53:29 2010 :[Kazmir]:note
Mon Apr  5 19:53:31 2010 :[Kazmir]:note
Mon Apr  5 19:53:33 2010 :[Kazmir]:note
Mon Apr  5 19:53:36 2010 :[Kazmir]:note
Mon Apr  5 19:54:13 2010 :[Kazmir]:note
Mon Apr  5 19:54:19 2010 :[Kazmir]:nite
Mon Apr  5 19:54:21 2010 :[Kazmir]:note
Mon Apr  5 19:54:34 2010 :[Kazmir]:note
Mon Apr  5 19:54:38 2010 :[Kazmir]:board
Mon Apr  5 19:54:51 2010 :[Kazmir]:who
Tue May 18 12:18:20 2010 :[Kazmir]:who
Tue May 18 12:18:23 2010 :[Kazmir]:inv
Tue May 18 12:18:28 2010 :[Kazmir]:eq
Tue May 18 12:18:36 2010 :[Kazmir]:quit
Sat Aug 14 19:22:58 2010 :[Kazmir]:who
Sat Aug 14 19:23:01 2010 :[Kazmir]:look
Sat Aug 14 19:23:03 2010 :[Kazmir]:who
Sat Aug 14 19:23:06 2010 :[Kazmir]:n
Sat Aug 14 19:23:08 2010 :[Kazmir]:n
Sat Aug 14 19:23:12 2010 :[Kazmir]:w
Sat Aug 14 19:23:14 2010 :[Kazmir]:n
Sat Aug 14 19:23:16 2010 :[Kazmir]:n
Sat Aug 14 19:23:17 2010 :[Kazmir]:d
Sat Aug 14 19:23:20 2010 :[Kazmir]:u
Sat Aug 14 19:23:23 2010 :[Kazmir]:w
Sat Aug 14 19:23:25 2010 :[Kazmir]:d
Sat Aug 14 19:23:27 2010 :[Kazmir]:n
Sat Aug 14 19:23:29 2010 :[Kazmir]:kill 
Sat Aug 14 19:23:33 2010 :[Kazmir]:kill m
Sat Aug 14 19:23:41 2010 :[Kazmir]:bonus kazmir 1000
Sat Aug 14 19:23:48 2010 :[Kazmir]:grant all kazmir
Sat Aug 14 19:23:54 2010 :[Kazmir]:grant level 100 kazmir
Sat Aug 14 19:24:00 2010 :[Kazmir]:wizh
Sat Aug 14 19:24:07 2010 :[Kazmir]:set
Sat Aug 14 19:24:09 2010 :[Kazmir]:set
Sat Aug 14 19:24:23 2010 :[Kazmir]:bonus
Sat Aug 14 19:24:46 2010 :[Kazmir]:grant command set kazmir
Sat Aug 14 19:24:53 2010 :[Kazmir]:n
Sat Aug 14 19:24:56 2010 :[Kazmir]:s
Sat Aug 14 19:24:57 2010 :[Kazmir]:s
Sat Aug 14 19:24:59 2010 :[Kazmir]:kill m
Sat Aug 14 19:25:08 2010 :[Kazmir]:n
Sat Aug 14 19:25:09 2010 :[Kazmir]:w
Sat Aug 14 19:25:12 2010 :[Kazmir]:kill m
Sat Aug 14 19:25:17 2010 :[Kazmir]:e
Sat Aug 14 19:25:18 2010 :[Kazmir]:e
Sat Aug 14 19:25:20 2010 :[Kazmir]:kill m
Sat Aug 14 19:25:55 2010 :[Kazmir]:w
Sat Aug 14 19:25:55 2010 :[Kazmir]:d
Sat Aug 14 19:25:57 2010 :[Kazmir]:e
Sat Aug 14 19:26:00 2010 :[Kazmir]:n
Sat Aug 14 19:26:08 2010 :[Kazmir]:kill m
Sat Aug 14 19:26:12 2010 :[Kazmir]:wear ban
Sat Aug 14 19:26:15 2010 :[Kazmir]:rem shi
Sat Aug 14 19:26:19 2010 :[Kazmir]:s
Sat Aug 14 19:26:23 2010 :[Kazmir]:wear ban
Sat Aug 14 19:26:26 2010 :[Kazmir]:rem shi
Sat Aug 14 19:26:29 2010 :[Kazmir]:wear ban
Sat Aug 14 19:26:31 2010 :[Kazmir]:n
Sat Aug 14 19:26:33 2010 :[Kazmir]:kill m
Sat Aug 14 19:28:34 2010 :[Kazmir]:save
Sat Aug 14 19:28:36 2010 :[Kazmir]:quit
Sat Aug 14 19:30:02 2010 :[Kazmir]:who
Thu Mar  1 17:03:41 2012 :[Kazmir]:n
Thu Mar  1 17:23:21 2012 :[Kazmir]:look ani
Thu Mar  1 17:27:29 2012 :[Kazmir]:set char kazmir hp 10000
Thu Mar  1 17:28:25 2012 :[Kazmir]:kill  imi
Thu Mar  1 17:30:21 2012 :[Kazmir]:lookimi
Tue Mar  6 16:08:21 2012 :[Kazmir]:set char hp kazmir 10
Tue Mar  6 16:10:02 2012 :[Kazmir]:look
Tue May 29 13:50:14 2012 :[Kazmir]:ooc Hello Zardic
