Tue Nov 10 00:11:06 2009 :[Throkmaw]:wiz
Tue Nov 10 00:11:33 2009 :[Throkmaw]:say yea lok's mud did that too :p
Tue Nov 10 00:11:42 2009 :[Throkmaw]:wiz
Tue Nov 10 00:12:00 2009 :[Throkmaw]:who
Tue Nov 10 00:12:24 2009 :[Throkmaw]:nod
Tue Nov 10 00:12:31 2009 :[Throkmaw]:wiz
Tue Nov 10 00:12:48 2009 :[Throkmaw]:ooc + tip vanos
Tue Nov 10 00:12:59 2009 :[Throkmaw]:ooc try anyway
Tue Nov 10 00:13:52 2009 :[Throkmaw]:l van
Tue Nov 10 00:14:25 2009 :[Throkmaw]:l
Tue Nov 10 00:14:30 2009 :[Throkmaw]:s
Tue Nov 10 00:14:32 2009 :[Throkmaw]:n
Tue Nov 10 00:14:35 2009 :[Throkmaw]:get cor
Tue Nov 10 00:14:43 2009 :[Throkmaw]:s
Tue Nov 10 00:14:46 2009 :[Throkmaw]:s
Tue Nov 10 00:14:52 2009 :[Throkmaw]:s
Tue Nov 10 00:14:53 2009 :[Throkmaw]:s
Tue Nov 10 00:15:05 2009 :[Throkmaw]:pet mal
Tue Nov 10 00:15:13 2009 :[Throkmaw]:pat mal
Tue Nov 10 00:16:24 2009 :[Throkmaw]:wizhelp
Tue Nov 10 00:17:40 2009 :[Throkmaw]:iimt wow its been a LONG time since i've been an imm on a mud :p
Tue Nov 10 00:17:46 2009 :[Throkmaw]:immt wow its been a LONG time since i've been an imm on a mud :p
Tue Nov 10 00:17:53 2009 :[Throkmaw]:who
Tue Nov 10 00:18:09 2009 :[Throkmaw]:goto vanos
Tue Nov 10 00:18:38 2009 :[Throkmaw]:holylight
Tue Nov 10 00:18:49 2009 :[Throkmaw]:immprompt
Tue Nov 10 00:18:54 2009 :[Throkmaw]:help prompt
Tue Nov 10 00:19:55 2009 :[Throkmaw]:prompt <&r &R &z>
Tue Nov 10 00:20:07 2009 :[Throkmaw]:l
Tue Nov 10 00:20:15 2009 :[Throkmaw]:n
Tue Nov 10 00:20:21 2009 :[Throkmaw]:n
Tue Nov 10 00:20:23 2009 :[Throkmaw]:w
Tue Nov 10 00:20:39 2009 :[Throkmaw]:list
Tue Nov 10 00:20:44 2009 :[Throkmaw]:job list
Tue Nov 10 00:21:00 2009 :[Throkmaw]:job buy boot
Tue Nov 10 00:21:17 2009 :[Throkmaw]:wizhelp
Tue Nov 10 00:21:40 2009 :[Throkmaw]:restore self
Tue Nov 10 00:21:43 2009 :[Throkmaw]:l
Tue Nov 10 00:21:54 2009 :[Throkmaw]:eye
Tue Nov 10 00:22:32 2009 :[Throkmaw]:help skill
Tue Nov 10 00:22:36 2009 :[Throkmaw]:help skills
Tue Nov 10 00:22:50 2009 :[Throkmaw]:skills
Tue Nov 10 00:23:23 2009 :[Throkmaw]:score
Tue Nov 10 00:24:01 2009 :[Throkmaw]:wimpy
Tue Nov 10 00:24:05 2009 :[Throkmaw]:score
Tue Nov 10 00:24:28 2009 :[Throkmaw]:wizhelp
Tue Nov 10 00:24:39 2009 :[Throkmaw]:l
Tue Nov 10 00:24:56 2009 :[Throkmaw]:say there a place where i can train my skills?
Tue Nov 10 00:25:40 2009 :[Throkmaw]:l
Tue Nov 10 00:26:06 2009 :[Throkmaw]:who
Tue Nov 10 00:26:35 2009 :[Throkmaw]:board
Tue Nov 10 00:27:05 2009 :[Throkmaw]:wizhelp
Tue Nov 10 00:27:13 2009 :[Throkmaw]:help load
Tue Nov 10 00:27:47 2009 :[Throkmaw]:help clone
Tue Nov 10 00:28:36 2009 :[Throkmaw]:l old
Tue Nov 10 00:28:42 2009 :[Throkmaw]:l man
Tue Nov 10 00:28:44 2009 :[Throkmaw]:l
Tue Nov 10 00:28:50 2009 :[Throkmaw]:scan
Tue Nov 10 00:29:05 2009 :[Throkmaw]:e
Tue Nov 10 00:29:11 2009 :[Throkmaw]:scan west
Tue Nov 10 00:29:20 2009 :[Throkmaw]:w
Tue Nov 10 00:29:32 2009 :[Throkmaw]:l human
Tue Nov 10 00:29:39 2009 :[Throkmaw]:peek human
Tue Nov 10 00:29:57 2009 :[Throkmaw]:wizhelp
Tue Nov 10 00:30:47 2009 :[Throkmaw]:say no
Tue Nov 10 00:31:31 2009 :[Throkmaw]:immt zalev can you set my skills/spells?
Tue Nov 10 00:31:49 2009 :[Throkmaw]:spells
Tue Nov 10 00:32:10 2009 :[Throkmaw]:immt thank you
Tue Nov 10 00:32:28 2009 :[Throkmaw]:who
Tue Nov 10 00:34:33 2009 :[Throkmaw]:immt i could use some glory points and some money
Tue Nov 10 00:34:38 2009 :[Throkmaw]:score
Tue Nov 10 00:35:15 2009 :[Throkmaw]:score
Tue Nov 10 00:35:16 2009 :[Throkmaw]:osc
Tue Nov 10 00:35:33 2009 :[Throkmaw]:job buy boot
Tue Nov 10 00:35:40 2009 :[Throkmaw]:wear boot
Tue Nov 10 00:35:52 2009 :[Throkmaw]:immc ok
Tue Nov 10 00:35:55 2009 :[Throkmaw]:immt ok
Tue Nov 10 00:36:51 2009 :[Throkmaw]:job list
Tue Nov 10 00:37:05 2009 :[Throkmaw]:job buy armor
Tue Nov 10 00:37:13 2009 :[Throkmaw]:wear armor
Tue Nov 10 00:37:28 2009 :[Throkmaw]:job buy bag
Tue Nov 10 00:37:41 2009 :[Throkmaw]:job buy arm
Tue Nov 10 00:37:54 2009 :[Throkmaw]:job sell arm
Tue Nov 10 00:38:25 2009 :[Throkmaw]:immt see ya tomorrow
Tue Nov 10 00:38:38 2009 :[Throkmaw]:who
Tue Nov 10 00:38:57 2009 :[Throkmaw]:inv
Tue Nov 10 00:39:09 2009 :[Throkmaw]:eat arm
Tue Nov 10 00:39:28 2009 :[Throkmaw]:job buy armg
Tue Nov 10 00:39:34 2009 :[Throkmaw]:wear arm
Tue Nov 10 00:39:44 2009 :[Throkmaw]:job list
Tue Nov 10 00:39:56 2009 :[Throkmaw]:job buy collar
Tue Nov 10 00:39:57 2009 :[Throkmaw]:job buy collar
Tue Nov 10 00:40:02 2009 :[Throkmaw]:wear coll
Tue Nov 10 00:40:03 2009 :[Throkmaw]:wear coll
Tue Nov 10 00:40:16 2009 :[Throkmaw]:rem coll
Tue Nov 10 00:40:22 2009 :[Throkmaw]:c 'identify' coll
Tue Nov 10 00:41:07 2009 :[Throkmaw]:job list
Tue Nov 10 00:41:22 2009 :[Throkmaw]:job buy crown
Tue Nov 10 00:41:30 2009 :[Throkmaw]:c 'identify' crown
Tue Nov 10 00:41:41 2009 :[Throkmaw]:wear crown
Tue Nov 10 00:41:55 2009 :[Throkmaw]:job list
Tue Nov 10 00:42:05 2009 :[Throkmaw]:job buy ring
Tue Nov 10 00:42:07 2009 :[Throkmaw]:job buy ring
Tue Nov 10 00:42:11 2009 :[Throkmaw]:wear ring
Tue Nov 10 00:42:12 2009 :[Throkmaw]:wear ring
Tue Nov 10 00:42:26 2009 :[Throkmaw]:job buy bracer
Tue Nov 10 00:42:32 2009 :[Throkmaw]:wear brace
Tue Nov 10 00:42:35 2009 :[Throkmaw]:job buy bracer
Tue Nov 10 00:42:37 2009 :[Throkmaw]:wear brace
Tue Nov 10 00:42:42 2009 :[Throkmaw]:eq
Tue Nov 10 00:42:52 2009 :[Throkmaw]:wear coll
Tue Nov 10 00:43:02 2009 :[Throkmaw]:job list
Tue Nov 10 00:43:21 2009 :[Throkmaw]:job buy amu
Tue Nov 10 00:43:27 2009 :[Throkmaw]:c 'identify' amu
Tue Nov 10 00:44:03 2009 :[Throkmaw]:spells
Tue Nov 10 00:44:14 2009 :[Throkmaw]:rd
Tue Nov 10 00:44:42 2009 :[Throkmaw]:c 'raise dead'
Tue Nov 10 00:44:46 2009 :[Throkmaw]:l
Tue Nov 10 00:44:49 2009 :[Throkmaw]:e
Tue Nov 10 00:44:50 2009 :[Throkmaw]:n
Tue Nov 10 00:44:51 2009 :[Throkmaw]:n
Tue Nov 10 00:44:55 2009 :[Throkmaw]:c 'raise dead'
Tue Nov 10 00:45:02 2009 :[Throkmaw]:spells
Tue Nov 10 00:45:29 2009 :[Throkmaw]:c 'raise shadelich'
Tue Nov 10 00:45:34 2009 :[Throkmaw]:l
Tue Nov 10 00:45:44 2009 :[Throkmaw]:s
Tue Nov 10 00:45:51 2009 :[Throkmaw]:help slay
Tue Nov 10 00:45:55 2009 :[Throkmaw]:slay
Tue Nov 10 00:46:16 2009 :[Throkmaw]:immwrath
Tue Nov 10 00:46:23 2009 :[Throkmaw]:c 'immwrath'
Tue Nov 10 00:53:22 2009 :[Throkmaw]:l
Tue Nov 10 00:53:25 2009 :[Throkmaw]:s
Tue Nov 10 00:53:34 2009 :[Throkmaw]:kill city
Tue Nov 10 00:54:10 2009 :[Throkmaw]:get all cor
Tue Nov 10 00:54:19 2009 :[Throkmaw]:l
Tue Nov 10 00:54:24 2009 :[Throkmaw]:get en
Tue Nov 10 00:54:32 2009 :[Throkmaw]:vd en
Tue Nov 10 00:54:42 2009 :[Throkmaw]:c 'voodoo' en
Tue Nov 10 00:55:09 2009 :[Throkmaw]:help allspells
Tue Nov 10 00:55:17 2009 :[Throkmaw]:spells cleric
Tue Nov 10 00:55:46 2009 :[Throkmaw]:autosac
Tue Nov 10 00:55:48 2009 :[Throkmaw]:l
Tue Nov 10 00:55:50 2009 :[Throkmaw]:s
Tue Nov 10 00:55:51 2009 :[Throkmaw]:s
Tue Nov 10 00:55:54 2009 :[Throkmaw]:n
Tue Nov 10 00:55:56 2009 :[Throkmaw]:e
Tue Nov 10 00:56:00 2009 :[Throkmaw]:s
Tue Nov 10 00:56:01 2009 :[Throkmaw]:e
Tue Nov 10 00:56:03 2009 :[Throkmaw]:w
Tue Nov 10 00:56:16 2009 :[Throkmaw]:kil city
Tue Nov 10 00:56:42 2009 :[Throkmaw]:l
Tue Nov 10 00:56:48 2009 :[Throkmaw]:c 'raise dead'
Tue Nov 10 00:57:11 2009 :[Throkmaw]:c 'raise dead'
Tue Nov 10 00:57:15 2009 :[Throkmaw]:l
Tue Nov 10 01:09:44 2009 :[Throkmaw]:e
Tue Nov 10 01:09:50 2009 :[Throkmaw]:goto jon
Tue Nov 10 01:10:02 2009 :[Throkmaw]:goto jonathan
Tue Nov 10 01:10:10 2009 :[Throkmaw]:help goto
Tue Nov 10 01:11:04 2009 :[Throkmaw]:l
Tue Nov 10 01:11:11 2009 :[Throkmaw]:kil city
Tue Nov 10 01:11:27 2009 :[Throkmaw]:wield sword
Tue Nov 10 01:11:33 2009 :[Throkmaw]:eq
Tue Nov 10 01:11:47 2009 :[Throkmaw]:second sword
Tue Nov 10 01:19:25 2009 :[Throkmaw]:who
Tue Nov 10 01:31:00 2009 :[Throkmaw]:goto vanos
Tue Nov 10 01:31:16 2009 :[Throkmaw]:spells
Tue Nov 10 01:32:29 2009 :[Throkmaw]:c 'detect invis'
Tue Nov 10 01:32:31 2009 :[Throkmaw]:c 'detect hidden'
Tue Nov 10 01:32:38 2009 :[Throkmaw]:aff
Tue Nov 10 01:33:32 2009 :[Throkmaw]:l
Tue Nov 10 01:33:34 2009 :[Throkmaw]:s
Tue Nov 10 01:33:38 2009 :[Throkmaw]:w
Tue Nov 10 01:33:42 2009 :[Throkmaw]:e
Tue Nov 10 01:33:46 2009 :[Throkmaw]:n
Tue Nov 10 01:33:49 2009 :[Throkmaw]:s
Tue Nov 10 01:33:50 2009 :[Throkmaw]:e
Tue Nov 10 01:33:56 2009 :[Throkmaw]:kil city
Tue Nov 10 01:34:17 2009 :[Throkmaw]:c 'raise vampire'
Tue Nov 10 01:34:30 2009 :[Throkmaw]:c 'raise dead'
Tue Nov 10 01:34:34 2009 :[Throkmaw]:l
Tue Nov 10 01:34:46 2009 :[Throkmaw]:l
Tue Nov 10 01:34:48 2009 :[Throkmaw]:e
Tue Nov 10 01:34:49 2009 :[Throkmaw]:e
Tue Nov 10 01:34:51 2009 :[Throkmaw]:e
Tue Nov 10 01:34:53 2009 :[Throkmaw]:e
Tue Nov 10 01:34:57 2009 :[Throkmaw]:e
Tue Nov 10 01:34:58 2009 :[Throkmaw]:e
Tue Nov 10 01:35:00 2009 :[Throkmaw]:e
Tue Nov 10 01:35:04 2009 :[Throkmaw]:n
Tue Nov 10 01:35:18 2009 :[Throkmaw]:deposit 1000000
Tue Nov 10 01:35:23 2009 :[Throkmaw]:deposit 100000
Tue Nov 10 01:35:26 2009 :[Throkmaw]:score
Tue Nov 10 01:35:41 2009 :[Throkmaw]:help bank
Tue Nov 10 01:35:58 2009 :[Throkmaw]:deposit 1000000 gold
Tue Nov 10 01:36:09 2009 :[Throkmaw]:score
Tue Nov 10 01:36:37 2009 :[Throkmaw]:who
Tue Nov 10 01:36:43 2009 :[Throkmaw]:save
Tue Nov 10 01:36:53 2009 :[Throkmaw]:quit
Tue Nov 10 01:41:57 2009 :[Throkmaw]:l sam
Tue Nov 10 01:42:35 2009 :[Throkmaw]:help commandments
Tue Nov 10 01:45:15 2009 :[Throkmaw]:wizhelp
Tue Nov 10 01:45:35 2009 :[Throkmaw]:help sedit
Tue Nov 10 01:46:31 2009 :[Throkmaw]:sedit
Tue Nov 10 01:50:16 2009 :[Throkmaw]:l
Tue Nov 10 01:50:24 2009 :[Throkmaw]:n
Tue Nov 10 01:50:35 2009 :[Throkmaw]:open east
Tue Nov 10 01:50:41 2009 :[Throkmaw]:pick east
Tue Nov 10 01:50:43 2009 :[Throkmaw]:e
Tue Nov 10 01:50:51 2009 :[Throkmaw]:w
Tue Nov 10 01:50:55 2009 :[Throkmaw]:open west
Tue Nov 10 01:50:59 2009 :[Throkmaw]:w
Tue Nov 10 01:51:07 2009 :[Throkmaw]:e
Tue Nov 10 01:51:09 2009 :[Throkmaw]:w
Tue Nov 10 01:51:12 2009 :[Throkmaw]:n
Tue Nov 10 01:51:14 2009 :[Throkmaw]:s
Tue Nov 10 01:51:35 2009 :[Throkmaw]:pick east
Tue Nov 10 01:51:39 2009 :[Throkmaw]:open east
Tue Nov 10 01:51:43 2009 :[Throkmaw]:e
Tue Nov 10 01:51:45 2009 :[Throkmaw]:pick east
Tue Nov 10 01:51:48 2009 :[Throkmaw]:open east
Tue Nov 10 01:51:51 2009 :[Throkmaw]:e
Tue Nov 10 01:51:59 2009 :[Throkmaw]:n
Tue Nov 10 01:52:02 2009 :[Throkmaw]:s
Tue Nov 10 01:52:04 2009 :[Throkmaw]:w
Tue Nov 10 01:52:05 2009 :[Throkmaw]:s
Tue Nov 10 01:52:47 2009 :[Throkmaw]:who
Tue Nov 10 01:54:33 2009 :[Throkmaw]:withdraw 10000
Tue Nov 10 01:54:41 2009 :[Throkmaw]:l
Tue Nov 10 01:54:51 2009 :[Throkmaw]:read sign
Tue Nov 10 01:55:05 2009 :[Throkmaw]:l sign
Tue Nov 10 01:55:12 2009 :[Throkmaw]:l 2.sign
Tue Nov 10 01:55:34 2009 :[Throkmaw]:balance
Tue Nov 10 01:55:48 2009 :[Throkmaw]:withdraw 10000
Tue Nov 10 01:56:12 2009 :[Throkmaw]:withdraw 10000 gold
Tue Nov 10 01:56:34 2009 :[Throkmaw]:score
Tue Nov 10 01:57:05 2009 :[Throkmaw]:give 32 silver banker
Tue Nov 10 02:32:12 2009 :[Throkmaw]:who
Tue Nov 10 02:32:25 2009 :[Throkmaw]:save
Tue Nov 10 02:32:28 2009 :[Throkmaw]:quit
Tue Nov 10 21:54:24 2009 :[Throkmaw]:who
Tue Nov 10 21:54:44 2009 :[Throkmaw]:score
Tue Nov 10 21:54:56 2009 :[Throkmaw]:l
Tue Nov 10 21:54:58 2009 :[Throkmaw]:s
Tue Nov 10 21:55:00 2009 :[Throkmaw]:e
Tue Nov 10 21:55:06 2009 :[Throkmaw]:s
Tue Nov 10 21:55:16 2009 :[Throkmaw]:train
Tue Nov 10 21:55:34 2009 :[Throkmaw]:oscore
Tue Nov 10 21:56:11 2009 :[Throkmaw]:train str
Tue Nov 10 21:56:16 2009 :[Throkmaw]:train str
Tue Nov 10 21:56:18 2009 :[Throkmaw]:train str
Tue Nov 10 21:56:19 2009 :[Throkmaw]:train str
Tue Nov 10 21:56:20 2009 :[Throkmaw]:train str
Tue Nov 10 21:56:21 2009 :[Throkmaw]:train str
Tue Nov 10 21:56:22 2009 :[Throkmaw]:train str
Tue Nov 10 21:56:24 2009 :[Throkmaw]:train str
Tue Nov 10 21:56:30 2009 :[Throkmaw]:oscore
Tue Nov 10 21:56:39 2009 :[Throkmaw]:train con
Tue Nov 10 21:56:40 2009 :[Throkmaw]:train con
Tue Nov 10 21:56:41 2009 :[Throkmaw]:train con
Tue Nov 10 21:56:42 2009 :[Throkmaw]:train con
Tue Nov 10 21:56:43 2009 :[Throkmaw]:train con
Tue Nov 10 21:56:44 2009 :[Throkmaw]:train con
Tue Nov 10 21:56:47 2009 :[Throkmaw]:oscore
Tue Nov 10 21:56:51 2009 :[Throkmaw]:train con
Tue Nov 10 21:56:52 2009 :[Throkmaw]:train con
Tue Nov 10 21:56:54 2009 :[Throkmaw]:train con
Tue Nov 10 21:56:57 2009 :[Throkmaw]:oscore
Tue Nov 10 21:57:19 2009 :[Throkmaw]:train
Tue Nov 10 21:57:38 2009 :[Throkmaw]:train int
Tue Nov 10 21:57:39 2009 :[Throkmaw]:train int
Tue Nov 10 21:57:41 2009 :[Throkmaw]:oscore
Tue Nov 10 21:57:54 2009 :[Throkmaw]:train int
Tue Nov 10 21:57:56 2009 :[Throkmaw]:oscore
Tue Nov 10 21:58:08 2009 :[Throkmaw]:repo
Tue Nov 10 21:58:17 2009 :[Throkmaw]:l
Tue Nov 10 21:58:25 2009 :[Throkmaw]:prac
Tue Nov 10 22:01:12 2009 :[Throkmaw]:smile zalev
Tue Nov 10 22:01:53 2009 :[Throkmaw]:say its different, but i like it
Tue Nov 10 22:02:29 2009 :[Throkmaw]:fol zalev
Tue Nov 10 22:02:50 2009 :[Throkmaw]:map 40
Tue Nov 10 22:03:07 2009 :[Throkmaw]:map 40
Tue Nov 10 22:03:13 2009 :[Throkmaw]:say whoa
Tue Nov 10 22:05:52 2009 :[Throkmaw]:l
Tue Nov 10 22:06:16 2009 :[Throkmaw]:wizhelp
Tue Nov 10 22:06:38 2009 :[Throkmaw]:l zal
Tue Nov 10 22:08:43 2009 :[Throkmaw]:immt yea
Tue Nov 10 22:09:20 2009 :[Throkmaw]:immt oh before u go can i get access to sedit?
Tue Nov 10 22:10:03 2009 :[Throkmaw]:immt it was one of my jobs on drm, i'm rather good at it :p
Tue Nov 10 22:11:24 2009 :[Throkmaw]:who
Tue Nov 10 22:11:44 2009 :[Throkmaw]:wizhelp
Tue Nov 10 22:11:55 2009 :[Throkmaw]:help fvlist
Tue Nov 10 22:12:23 2009 :[Throkmaw]:help uvlist
Tue Nov 10 22:12:45 2009 :[Throkmaw]:wizhelp
Tue Nov 10 22:13:01 2009 :[Throkmaw]:help punish
Tue Nov 10 22:13:27 2009 :[Throkmaw]:help imotd
Tue Nov 10 22:14:09 2009 :[Throkmaw]:help wiznet
Tue Nov 10 22:14:46 2009 :[Throkmaw]:wiznet show
Tue Nov 10 22:14:57 2009 :[Throkmaw]:wiznet
Tue Nov 10 22:15:02 2009 :[Throkmaw]:wiznet on
Tue Nov 10 22:15:05 2009 :[Throkmaw]:wiznet show
Tue Nov 10 22:15:14 2009 :[Throkmaw]:wiznet status
Tue Nov 10 22:15:22 2009 :[Throkmaw]:wiznet
Tue Nov 10 22:15:40 2009 :[Throkmaw]:wiznet logins
Tue Nov 10 22:15:53 2009 :[Throkmaw]:wiznet links
Tue Nov 10 22:16:03 2009 :[Throkmaw]:wiznet newbies
Tue Nov 10 23:57:08 2009 :[Throkmaw]:who
Tue Nov 10 23:57:19 2009 :[Throkmaw]:afk
Tue Nov 10 23:57:28 2009 :[Throkmaw]:who
Tue Nov 10 23:59:06 2009 :[Throkmaw]:afk
Tue Nov 10 23:59:12 2009 :[Throkmaw]:replay
Tue Nov 10 23:59:15 2009 :[Throkmaw]:who
Tue Nov 10 23:59:21 2009 :[Throkmaw]:save
Tue Nov 10 23:59:28 2009 :[Throkmaw]:quit
Wed Nov 11 21:12:06 2009 :[Throkmaw]:who
Wed Nov 11 21:12:11 2009 :[Throkmaw]:e
Wed Nov 11 21:12:17 2009 :[Throkmaw]:map 40
Wed Nov 11 21:12:27 2009 :[Throkmaw]:n
Wed Nov 11 21:12:31 2009 :[Throkmaw]:n
Wed Nov 11 21:12:34 2009 :[Throkmaw]:e
Wed Nov 11 21:12:50 2009 :[Throkmaw]:enter yore
Wed Nov 11 21:12:58 2009 :[Throkmaw]:l
Wed Nov 11 21:13:02 2009 :[Throkmaw]:e
Wed Nov 11 21:13:14 2009 :[Throkmaw]:w
Wed Nov 11 21:13:15 2009 :[Throkmaw]:w
Wed Nov 11 21:13:20 2009 :[Throkmaw]:w
Wed Nov 11 21:13:21 2009 :[Throkmaw]:s
Wed Nov 11 21:13:21 2009 :[Throkmaw]:s
Wed Nov 11 21:13:30 2009 :[Throkmaw]:n
Wed Nov 11 21:13:31 2009 :[Throkmaw]:n
Wed Nov 11 21:13:33 2009 :[Throkmaw]:e
Wed Nov 11 21:13:33 2009 :[Throkmaw]:e
Wed Nov 11 21:13:34 2009 :[Throkmaw]:e
Wed Nov 11 21:13:35 2009 :[Throkmaw]:e
Wed Nov 11 21:13:40 2009 :[Throkmaw]:s
Wed Nov 11 21:13:42 2009 :[Throkmaw]:e
Wed Nov 11 21:13:48 2009 :[Throkmaw]:n
Wed Nov 11 21:21:18 2009 :[Throkmaw]:who
Wed Nov 11 21:21:21 2009 :[Throkmaw]:n
Wed Nov 11 21:21:29 2009 :[Throkmaw]:con rabb
Wed Nov 11 21:21:42 2009 :[Throkmaw]:l rab
Wed Nov 11 21:22:11 2009 :[Throkmaw]:l
Wed Nov 11 21:22:20 2009 :[Throkmaw]:n
Wed Nov 11 21:22:34 2009 :[Throkmaw]:e
Wed Nov 11 21:22:48 2009 :[Throkmaw]:l pix
Wed Nov 11 21:22:56 2009 :[Throkmaw]:l fairy
Wed Nov 11 21:23:21 2009 :[Throkmaw]:l
Wed Nov 11 21:23:23 2009 :[Throkmaw]:w
Wed Nov 11 21:23:24 2009 :[Throkmaw]:w
Wed Nov 11 21:23:35 2009 :[Throkmaw]:l pix
Wed Nov 11 21:23:59 2009 :[Throkmaw]:l 2.pix
Wed Nov 11 21:24:44 2009 :[Throkmaw]:l
Wed Nov 11 21:24:53 2009 :[Throkmaw]:n
Wed Nov 11 21:25:06 2009 :[Throkmaw]:n
Wed Nov 11 21:25:13 2009 :[Throkmaw]:e
Wed Nov 11 21:25:19 2009 :[Throkmaw]:e
Wed Nov 11 21:25:22 2009 :[Throkmaw]:s
Wed Nov 11 21:25:24 2009 :[Throkmaw]:w
Wed Nov 11 21:25:43 2009 :[Throkmaw]:u
Wed Nov 11 21:25:55 2009 :[Throkmaw]:s
Wed Nov 11 21:26:12 2009 :[Throkmaw]:n
Wed Nov 11 21:26:16 2009 :[Throkmaw]:l wisp
Wed Nov 11 21:26:48 2009 :[Throkmaw]:w
Wed Nov 11 21:26:58 2009 :[Throkmaw]:force wisp remove wand
Wed Nov 11 21:27:09 2009 :[Throkmaw]:order wisp remove wand
Wed Nov 11 21:27:16 2009 :[Throkmaw]:c 'charm person' wisp
Wed Nov 11 21:27:21 2009 :[Throkmaw]:order wisp remove wand
Wed Nov 11 21:27:34 2009 :[Throkmaw]:order wisp give wand throk
Wed Nov 11 21:27:41 2009 :[Throkmaw]:c 'identify' nac
Wed Nov 11 21:28:11 2009 :[Throkmaw]:kill wisp
Wed Nov 11 21:28:23 2009 :[Throkmaw]:l
Wed Nov 11 21:28:27 2009 :[Throkmaw]:kill wisp
Wed Nov 11 21:28:53 2009 :[Throkmaw]:score
Wed Nov 11 21:29:32 2009 :[Throkmaw]:l
Wed Nov 11 21:29:38 2009 :[Throkmaw]:get cor
Wed Nov 11 21:29:43 2009 :[Throkmaw]:c 'raise dead'
Wed Nov 11 21:30:01 2009 :[Throkmaw]:l
Wed Nov 11 21:30:09 2009 :[Throkmaw]:kill wisp
Wed Nov 11 21:30:19 2009 :[Throkmaw]:kill wisp
Wed Nov 11 21:30:25 2009 :[Throkmaw]:l
Wed Nov 11 21:30:39 2009 :[Throkmaw]:get brain
Wed Nov 11 21:30:44 2009 :[Throkmaw]:ani brain
Wed Nov 11 21:30:54 2009 :[Throkmaw]:c 'animate' brain
Wed Nov 11 21:31:03 2009 :[Throkmaw]:dro brain
Wed Nov 11 21:31:05 2009 :[Throkmaw]:c 'animate' brain
Wed Nov 11 21:32:18 2009 :[Throkmaw]:e
Wed Nov 11 21:32:26 2009 :[Throkmaw]:l pix
Wed Nov 11 21:32:59 2009 :[Throkmaw]:l young
Wed Nov 11 21:33:13 2009 :[Throkmaw]:l
Wed Nov 11 21:33:22 2009 :[Throkmaw]:w
Wed Nov 11 21:33:25 2009 :[Throkmaw]:e
Wed Nov 11 21:33:25 2009 :[Throkmaw]:e
Wed Nov 11 21:33:39 2009 :[Throkmaw]:l pink
Wed Nov 11 21:41:01 2009 :[Throkmaw]:who
Wed Nov 11 21:45:42 2009 :[Throkmaw]:save
Wed Nov 11 21:45:51 2009 :[Throkmaw]:board
Wed Nov 11 21:45:55 2009 :[Throkmaw]:save
Wed Nov 11 21:45:58 2009 :[Throkmaw]:quit
Fri Nov 13 22:08:34 2009 :[Throkmaw]:who
Fri Nov 13 22:08:47 2009 :[Throkmaw]:w
Fri Nov 13 22:08:51 2009 :[Throkmaw]:u
Fri Nov 13 22:08:55 2009 :[Throkmaw]:u
Fri Nov 13 22:08:59 2009 :[Throkmaw]:u
Fri Nov 13 22:09:03 2009 :[Throkmaw]:u
Fri Nov 13 22:09:04 2009 :[Throkmaw]:u
Fri Nov 13 22:09:17 2009 :[Throkmaw]:l sprite
Fri Nov 13 22:09:45 2009 :[Throkmaw]:u
Fri Nov 13 22:10:00 2009 :[Throkmaw]:u
Fri Nov 13 22:10:13 2009 :[Throkmaw]:l green
Fri Nov 13 22:10:44 2009 :[Throkmaw]:u
Fri Nov 13 22:10:51 2009 :[Throkmaw]:u
Fri Nov 13 22:10:58 2009 :[Throkmaw]:u
Fri Nov 13 22:11:09 2009 :[Throkmaw]:l noble
Fri Nov 13 22:11:42 2009 :[Throkmaw]:kill nob
Fri Nov 13 22:12:55 2009 :[Throkmaw]:c 'identify' blade
Fri Nov 13 22:13:43 2009 :[Throkmaw]:l
Fri Nov 13 22:14:00 2009 :[Throkmaw]:c 'raise skeleton'
Fri Nov 13 22:14:08 2009 :[Throkmaw]:spells
Fri Nov 13 22:15:10 2009 :[Throkmaw]:c 'raise vampire'
Fri Nov 13 22:15:17 2009 :[Throkmaw]:l
Fri Nov 13 22:15:28 2009 :[Throkmaw]:u
Fri Nov 13 22:15:37 2009 :[Throkmaw]:l pixie
Fri Nov 13 22:16:12 2009 :[Throkmaw]:u
Fri Nov 13 22:16:32 2009 :[Throkmaw]:u
Fri Nov 13 22:16:41 2009 :[Throkmaw]:l pix
Fri Nov 13 22:16:48 2009 :[Throkmaw]:inv
Fri Nov 13 22:16:57 2009 :[Throkmaw]:eat blade
Fri Nov 13 22:17:13 2009 :[Throkmaw]:eat war
Fri Nov 13 22:17:25 2009 :[Throkmaw]:eat ring
Fri Nov 13 22:17:33 2009 :[Throkmaw]:eat vest
Fri Nov 13 22:17:39 2009 :[Throkmaw]:inv
Fri Nov 13 22:17:46 2009 :[Throkmaw]:eat wand
Sun Nov 15 04:35:05 2009 :[Throkmaw]:who
Sun Nov 15 04:35:25 2009 :[Throkmaw]:ooc + tip
Sun Nov 15 04:35:42 2009 :[Throkmaw]:ooc hello
Sun Nov 15 04:35:59 2009 :[Throkmaw]:l
Sun Nov 15 04:36:07 2009 :[Throkmaw]:goto vanos
Sun Nov 15 04:36:52 2009 :[Throkmaw]:ooc + chuckle
Sun Nov 15 04:37:12 2009 :[Throkmaw]:who
Sun Nov 15 04:37:23 2009 :[Throkmaw]:gate
Sun Nov 15 04:37:28 2009 :[Throkmaw]:c gate
Sun Nov 15 04:37:34 2009 :[Throkmaw]:c gate vanos
Sun Nov 15 04:37:36 2009 :[Throkmaw]:c gate vanos
Sun Nov 15 04:37:44 2009 :[Throkmaw]:c 'gate' vanos
Sun Nov 15 04:37:49 2009 :[Throkmaw]:prac gate
Sun Nov 15 04:38:00 2009 :[Throkmaw]:recall
Sun Nov 15 04:38:39 2009 :[Throkmaw]:d
Sun Nov 15 04:38:40 2009 :[Throkmaw]:d
Sun Nov 15 04:38:41 2009 :[Throkmaw]:d
Sun Nov 15 04:38:41 2009 :[Throkmaw]:d
Sun Nov 15 04:38:41 2009 :[Throkmaw]:d
Sun Nov 15 04:38:42 2009 :[Throkmaw]:d
Sun Nov 15 04:38:43 2009 :[Throkmaw]:d
Sun Nov 15 04:38:44 2009 :[Throkmaw]:d
Sun Nov 15 04:38:45 2009 :[Throkmaw]:d
Sun Nov 15 04:38:46 2009 :[Throkmaw]:d
Sun Nov 15 04:38:47 2009 :[Throkmaw]:d
Sun Nov 15 04:38:47 2009 :[Throkmaw]:d
Sun Nov 15 04:38:48 2009 :[Throkmaw]:d
Sun Nov 15 04:38:49 2009 :[Throkmaw]:d
Sun Nov 15 04:38:51 2009 :[Throkmaw]:s
Sun Nov 15 04:38:52 2009 :[Throkmaw]:s
Sun Nov 15 04:38:52 2009 :[Throkmaw]:s
Sun Nov 15 04:38:54 2009 :[Throkmaw]:s
Sun Nov 15 04:38:56 2009 :[Throkmaw]:w
Sun Nov 15 04:38:57 2009 :[Throkmaw]:w
Sun Nov 15 04:39:00 2009 :[Throkmaw]:w
Sun Nov 15 04:39:01 2009 :[Throkmaw]:w
Sun Nov 15 04:39:02 2009 :[Throkmaw]:s
Sun Nov 15 04:39:05 2009 :[Throkmaw]:s
Sun Nov 15 04:39:08 2009 :[Throkmaw]:s
Sun Nov 15 04:39:13 2009 :[Throkmaw]:s
Sun Nov 15 04:39:14 2009 :[Throkmaw]:s
Sun Nov 15 04:39:17 2009 :[Throkmaw]:s
Sun Nov 15 04:39:18 2009 :[Throkmaw]:s
Sun Nov 15 04:39:19 2009 :[Throkmaw]:s
Sun Nov 15 04:39:20 2009 :[Throkmaw]:s
Sun Nov 15 04:39:22 2009 :[Throkmaw]:s
Sun Nov 15 04:39:24 2009 :[Throkmaw]:e
Sun Nov 15 04:39:26 2009 :[Throkmaw]:w
Sun Nov 15 04:39:27 2009 :[Throkmaw]:s
Sun Nov 15 04:39:28 2009 :[Throkmaw]:s
Sun Nov 15 04:39:30 2009 :[Throkmaw]:e
Sun Nov 15 04:39:33 2009 :[Throkmaw]:s
Sun Nov 15 04:39:36 2009 :[Throkmaw]:e
Sun Nov 15 04:39:38 2009 :[Throkmaw]:s
Sun Nov 15 04:39:41 2009 :[Throkmaw]:s
Sun Nov 15 04:39:43 2009 :[Throkmaw]:s
Sun Nov 15 04:39:44 2009 :[Throkmaw]:s
Sun Nov 15 04:39:47 2009 :[Throkmaw]:e
Sun Nov 15 04:39:49 2009 :[Throkmaw]:w
Sun Nov 15 04:39:50 2009 :[Throkmaw]:w
Sun Nov 15 04:39:52 2009 :[Throkmaw]:s
Sun Nov 15 04:39:56 2009 :[Throkmaw]:n
Sun Nov 15 04:39:57 2009 :[Throkmaw]:w
Sun Nov 15 04:40:12 2009 :[Throkmaw]:l
Sun Nov 15 04:40:18 2009 :[Throkmaw]:l being
Sun Nov 15 04:40:29 2009 :[Throkmaw]:l eth
Sun Nov 15 04:41:07 2009 :[Throkmaw]:con mal
Sun Nov 15 04:52:21 2009 :[Throkmaw]:l
Sun Nov 15 04:52:23 2009 :[Throkmaw]:e
Sun Nov 15 04:52:26 2009 :[Throkmaw]:e
Sun Nov 15 04:52:26 2009 :[Throkmaw]:e
Sun Nov 15 04:52:29 2009 :[Throkmaw]:e
Sun Nov 15 04:52:39 2009 :[Throkmaw]:e
Sun Nov 15 04:52:41 2009 :[Throkmaw]:s
Sun Nov 15 04:52:49 2009 :[Throkmaw]:n
Sun Nov 15 04:52:50 2009 :[Throkmaw]:e
Sun Nov 15 04:52:52 2009 :[Throkmaw]:e
Sun Nov 15 04:52:56 2009 :[Throkmaw]:w
Sun Nov 15 04:52:57 2009 :[Throkmaw]:m
Sun Nov 15 04:53:03 2009 :[Throkmaw]:m
Sun Nov 15 04:53:04 2009 :[Throkmaw]:n
Sun Nov 15 04:53:09 2009 :[Throkmaw]:list
Sun Nov 15 04:53:13 2009 :[Throkmaw]:s
Sun Nov 15 04:53:15 2009 :[Throkmaw]:e
Sun Nov 15 04:53:16 2009 :[Throkmaw]:e
Sun Nov 15 04:53:26 2009 :[Throkmaw]:n
Sun Nov 15 04:53:30 2009 :[Throkmaw]:s
Sun Nov 15 04:53:31 2009 :[Throkmaw]:e
Sun Nov 15 04:53:33 2009 :[Throkmaw]:e
Sun Nov 15 04:53:37 2009 :[Throkmaw]:e
Sun Nov 15 04:53:51 2009 :[Throkmaw]:e
Sun Nov 15 04:53:58 2009 :[Throkmaw]:e
Sun Nov 15 04:54:00 2009 :[Throkmaw]:e
Sun Nov 15 04:54:03 2009 :[Throkmaw]:e
Sun Nov 15 04:54:06 2009 :[Throkmaw]:w
Sun Nov 15 04:54:07 2009 :[Throkmaw]:w
Sun Nov 15 04:54:07 2009 :[Throkmaw]:w
Sun Nov 15 04:54:08 2009 :[Throkmaw]:w
Sun Nov 15 04:54:09 2009 :[Throkmaw]:w
Sun Nov 15 04:54:10 2009 :[Throkmaw]:w
Sun Nov 15 04:54:10 2009 :[Throkmaw]:w
Sun Nov 15 04:54:11 2009 :[Throkmaw]:w
Sun Nov 15 04:54:11 2009 :[Throkmaw]:w
Sun Nov 15 04:54:12 2009 :[Throkmaw]:w
Sun Nov 15 04:54:13 2009 :[Throkmaw]:w
Sun Nov 15 04:54:14 2009 :[Throkmaw]:w
Sun Nov 15 04:54:14 2009 :[Throkmaw]:w
Sun Nov 15 04:54:15 2009 :[Throkmaw]:w
Sun Nov 15 04:54:16 2009 :[Throkmaw]:w
Sun Nov 15 04:54:16 2009 :[Throkmaw]:w
Sun Nov 15 04:54:17 2009 :[Throkmaw]:w
Sun Nov 15 04:54:19 2009 :[Throkmaw]:w
Sun Nov 15 04:54:41 2009 :[Throkmaw]:w
Sun Nov 15 04:54:54 2009 :[Throkmaw]:n
Sun Nov 15 04:55:02 2009 :[Throkmaw]:s
Sun Nov 15 04:55:03 2009 :[Throkmaw]:w
Sun Nov 15 04:55:05 2009 :[Throkmaw]:w
Sun Nov 15 04:55:11 2009 :[Throkmaw]:w
Sun Nov 15 04:55:18 2009 :[Throkmaw]:w
Sun Nov 15 04:55:23 2009 :[Throkmaw]:w
Sun Nov 15 04:55:25 2009 :[Throkmaw]:w
Sun Nov 15 04:55:28 2009 :[Throkmaw]:w
Sun Nov 15 04:55:29 2009 :[Throkmaw]:w
Sun Nov 15 04:55:41 2009 :[Throkmaw]:n
Sun Nov 15 04:55:53 2009 :[Throkmaw]:m
Sun Nov 15 04:55:58 2009 :[Throkmaw]:m
Sun Nov 15 04:55:59 2009 :[Throkmaw]:n
Sun Nov 15 04:56:03 2009 :[Throkmaw]:w
Sun Nov 15 04:56:25 2009 :[Throkmaw]:help redit
Sun Nov 15 04:57:26 2009 :[Throkmaw]:l
Sun Nov 15 04:57:32 2009 :[Throkmaw]:s
Sun Nov 15 04:57:37 2009 :[Throkmaw]:list
Sun Nov 15 05:00:04 2009 :[Throkmaw]:help immortal
Sun Nov 15 05:00:20 2009 :[Throkmaw]:help immortallevel
Sun Nov 15 05:00:28 2009 :[Throkmaw]:help immlevel
Sun Nov 15 05:00:39 2009 :[Throkmaw]:help immortal level
Sun Nov 15 05:28:26 2009 :[Throkmaw]:who
Sun Nov 15 05:32:11 2009 :[Throkmaw]:wiznet on
Sun Nov 15 05:32:28 2009 :[Throkmaw]:who
Sun Nov 15 05:32:46 2009 :[Throkmaw]:help title
Sun Nov 15 05:33:49 2009 :[Throkmaw]:l
Sun Nov 15 05:33:55 2009 :[Throkmaw]:n
Sun Nov 15 05:34:02 2009 :[Throkmaw]:e
Sun Nov 15 05:34:03 2009 :[Throkmaw]:s
Sun Nov 15 05:34:04 2009 :[Throkmaw]:s
Sun Nov 15 05:34:06 2009 :[Throkmaw]:w
Sun Nov 15 05:34:08 2009 :[Throkmaw]:w
Sun Nov 15 05:34:10 2009 :[Throkmaw]:w
Sun Nov 15 05:34:13 2009 :[Throkmaw]:e
Sun Nov 15 05:34:14 2009 :[Throkmaw]:e
Sun Nov 15 05:34:15 2009 :[Throkmaw]:e
Sun Nov 15 05:34:15 2009 :[Throkmaw]:e
Sun Nov 15 05:34:16 2009 :[Throkmaw]:e
Sun Nov 15 05:34:16 2009 :[Throkmaw]:e
Sun Nov 15 05:34:18 2009 :[Throkmaw]:e
Sun Nov 15 05:34:18 2009 :[Throkmaw]:e
Sun Nov 15 05:34:19 2009 :[Throkmaw]:e
Sun Nov 15 05:34:20 2009 :[Throkmaw]:e
Sun Nov 15 05:34:20 2009 :[Throkmaw]:e
Sun Nov 15 05:34:21 2009 :[Throkmaw]:e
Sun Nov 15 05:34:22 2009 :[Throkmaw]:e
Sun Nov 15 05:34:23 2009 :[Throkmaw]:e
Sun Nov 15 05:34:23 2009 :[Throkmaw]:e
Sun Nov 15 05:34:24 2009 :[Throkmaw]:e
Sun Nov 15 05:34:25 2009 :[Throkmaw]:w
Sun Nov 15 05:34:26 2009 :[Throkmaw]:s
Sun Nov 15 05:34:26 2009 :[Throkmaw]:s
Sun Nov 15 05:34:31 2009 :[Throkmaw]:s
Sun Nov 15 05:34:53 2009 :[Throkmaw]:e
Sun Nov 15 05:35:10 2009 :[Throkmaw]:e
Sun Nov 15 05:35:21 2009 :[Throkmaw]:l oak
Sun Nov 15 05:35:36 2009 :[Throkmaw]:s
Sun Nov 15 05:35:39 2009 :[Throkmaw]:s
Sun Nov 15 05:36:22 2009 :[Throkmaw]:ooc vanos where do you practice spells/skills?
Sun Nov 15 05:36:28 2009 :[Throkmaw]:l
Sun Nov 15 05:36:31 2009 :[Throkmaw]:n
Sun Nov 15 05:36:36 2009 :[Throkmaw]:m
Sun Nov 15 05:36:39 2009 :[Throkmaw]:m
Sun Nov 15 05:36:40 2009 :[Throkmaw]:n
Sun Nov 15 05:36:43 2009 :[Throkmaw]:w
Sun Nov 15 05:36:44 2009 :[Throkmaw]:w
Sun Nov 15 05:36:46 2009 :[Throkmaw]:n
Sun Nov 15 05:36:47 2009 :[Throkmaw]:n
Sun Nov 15 05:36:48 2009 :[Throkmaw]:n
Sun Nov 15 05:37:09 2009 :[Throkmaw]:e
Sun Nov 15 05:37:10 2009 :[Throkmaw]:e
Sun Nov 15 05:37:10 2009 :[Throkmaw]:e
Sun Nov 15 05:37:10 2009 :[Throkmaw]:e
Sun Nov 15 05:37:11 2009 :[Throkmaw]:e
Sun Nov 15 05:37:11 2009 :[Throkmaw]:e
Sun Nov 15 05:37:11 2009 :[Throkmaw]:e
Sun Nov 15 05:37:12 2009 :[Throkmaw]:e
Sun Nov 15 05:37:12 2009 :[Throkmaw]:e
Sun Nov 15 05:37:12 2009 :[Throkmaw]:e
Sun Nov 15 05:37:13 2009 :[Throkmaw]:e
Sun Nov 15 05:37:14 2009 :[Throkmaw]:s
Sun Nov 15 05:37:20 2009 :[Throkmaw]:prac gate
Sun Nov 15 05:37:35 2009 :[Throkmaw]:c gate vanos
Sun Nov 15 05:37:52 2009 :[Throkmaw]:say may i follow u around for a bit?
Sun Nov 15 05:38:03 2009 :[Throkmaw]:fol van
Sun Nov 15 05:40:32 2009 :[Throkmaw]:help restring
Sun Nov 15 05:40:45 2009 :[Throkmaw]:restring
Sun Nov 15 05:40:52 2009 :[Throkmaw]:help string
Sun Nov 15 05:41:48 2009 :[Throkmaw]:get heart
Sun Nov 15 05:42:15 2009 :[Throkmaw]:c animate heart
Sun Nov 15 05:42:28 2009 :[Throkmaw]:c 'animate' heart
Sun Nov 15 05:43:22 2009 :[Throkmaw]:eat heart
Sun Nov 15 05:43:35 2009 :[Throkmaw]:inv
Sun Nov 15 05:43:43 2009 :[Throkmaw]:stat sword
Sun Nov 15 05:43:51 2009 :[Throkmaw]:mutter
Sun Nov 15 05:43:57 2009 :[Throkmaw]:eat sword
Sun Nov 15 05:44:09 2009 :[Throkmaw]:exa bag
Sun Nov 15 05:44:13 2009 :[Throkmaw]:open bag
Sun Nov 15 05:44:18 2009 :[Throkmaw]:exa bag
Sun Nov 15 05:44:28 2009 :[Throkmaw]:c 'identify' bag
Sun Nov 15 05:46:47 2009 :[Throkmaw]:map 40
Sun Nov 15 05:46:59 2009 :[Throkmaw]:map 40
Sun Nov 15 05:47:29 2009 :[Throkmaw]:wizi
Sun Nov 15 05:49:13 2009 :[Throkmaw]:who
Sun Nov 15 05:50:00 2009 :[Throkmaw]:l
Sun Nov 15 05:50:38 2009 :[Throkmaw]:spells
Sun Nov 15 05:51:21 2009 :[Throkmaw]:c 'summon dead'
Sun Nov 15 05:51:41 2009 :[Throkmaw]:c 'summon dead'
Sun Nov 15 05:51:55 2009 :[Throkmaw]:c 'summon dead'
Sun Nov 15 05:52:29 2009 :[Throkmaw]:whistle
Sun Nov 15 05:54:03 2009 :[Throkmaw]:kill zom
Sun Nov 15 05:55:06 2009 :[Throkmaw]:c 'summon dead'
Sun Nov 15 05:55:16 2009 :[Throkmaw]:restore self
Sun Nov 15 05:55:19 2009 :[Throkmaw]:c 'summon dead'
Sun Nov 15 05:59:20 2009 :[Throkmaw]:c 'charm person' zombie
Sun Nov 15 05:59:27 2009 :[Throkmaw]:c 'charm person' zombie
Sun Nov 15 06:00:34 2009 :[Throkmaw]:disengage
Sun Nov 15 06:01:08 2009 :[Throkmaw]:c 'lightning breath'
Sun Nov 15 06:01:15 2009 :[Throkmaw]:c 'lightning breath'
Sun Nov 15 06:01:34 2009 :[Throkmaw]:scan
Sun Nov 15 06:01:40 2009 :[Throkmaw]:scan east
Sun Nov 15 06:01:49 2009 :[Throkmaw]:scan west
Sun Nov 15 06:01:53 2009 :[Throkmaw]:w
Sun Nov 15 06:02:04 2009 :[Throkmaw]:c 'lightning breath' zombie
Sun Nov 15 06:02:13 2009 :[Throkmaw]:wimpy 0
Sun Nov 15 06:02:20 2009 :[Throkmaw]:wimpy off
Sun Nov 15 06:02:24 2009 :[Throkmaw]:w
Sun Nov 15 06:02:26 2009 :[Throkmaw]:e
Sun Nov 15 06:02:26 2009 :[Throkmaw]:e
Sun Nov 15 06:02:34 2009 :[Throkmaw]:get all
Sun Nov 15 06:02:39 2009 :[Throkmaw]:drink
Sun Nov 15 06:02:41 2009 :[Throkmaw]:drink
Sun Nov 15 06:02:43 2009 :[Throkmaw]:drink
Sun Nov 15 06:02:47 2009 :[Throkmaw]:drink
Sun Nov 15 06:02:48 2009 :[Throkmaw]:drink
Sun Nov 15 06:03:02 2009 :[Throkmaw]:c 'lightning breath' zombie
Sun Nov 15 06:03:08 2009 :[Throkmaw]:c 'lightning breath' zombie
Sun Nov 15 06:03:13 2009 :[Throkmaw]:c 'lightning breath' zombie
Sun Nov 15 06:03:19 2009 :[Throkmaw]:c 'lightning breath' zombie
Sun Nov 15 06:03:24 2009 :[Throkmaw]:c 'lightning breath' zombie
Sun Nov 15 06:03:32 2009 :[Throkmaw]:c 'lightning breath' zombie
Sun Nov 15 06:03:39 2009 :[Throkmaw]:c 'lightning breath' zombie
Sun Nov 15 06:03:53 2009 :[Throkmaw]:c 'raise dead'
Sun Nov 15 06:03:59 2009 :[Throkmaw]:l
Sun Nov 15 06:11:04 2009 :[Throkmaw]:c 'word of recall'
Sun Nov 15 06:11:09 2009 :[Throkmaw]:s
Sun Nov 15 06:11:13 2009 :[Throkmaw]:n
Sun Nov 15 06:11:14 2009 :[Throkmaw]:r
Sun Nov 15 06:11:19 2009 :[Throkmaw]:st
Sun Nov 15 06:11:20 2009 :[Throkmaw]:e
Sun Nov 15 06:11:22 2009 :[Throkmaw]:s
Sun Nov 15 06:11:24 2009 :[Throkmaw]:s
Sun Nov 15 06:11:25 2009 :[Throkmaw]:s
Sun Nov 15 06:11:34 2009 :[Throkmaw]:who
Sun Nov 15 06:12:44 2009 :[Throkmaw]:nosum
Sun Nov 15 06:13:30 2009 :[Throkmaw]:who
Sun Nov 15 07:20:04 2009 :[Throkmaw]:who
Sun Nov 15 07:20:11 2009 :[Throkmaw]:wizi
Sun Nov 15 07:20:29 2009 :[Throkmaw]:save
Sun Nov 15 07:20:38 2009 :[Throkmaw]:quit
Fri Nov 20 02:22:59 2009 :[Throkmaw]:who
Fri Nov 20 02:23:15 2009 :[Throkmaw]:s
Fri Nov 20 02:23:16 2009 :[Throkmaw]:s
Fri Nov 20 02:23:17 2009 :[Throkmaw]:s
Fri Nov 20 02:23:20 2009 :[Throkmaw]:s
Fri Nov 20 02:23:21 2009 :[Throkmaw]:s
Fri Nov 20 02:23:22 2009 :[Throkmaw]:s
Fri Nov 20 02:23:23 2009 :[Throkmaw]:s
Fri Nov 20 02:23:29 2009 :[Throkmaw]:s
Fri Nov 20 02:23:30 2009 :[Throkmaw]:s
Fri Nov 20 02:23:33 2009 :[Throkmaw]:w
Fri Nov 20 02:23:38 2009 :[Throkmaw]:e
Fri Nov 20 02:23:39 2009 :[Throkmaw]:s
Fri Nov 20 02:23:43 2009 :[Throkmaw]:n
Fri Nov 20 02:23:44 2009 :[Throkmaw]:w
Fri Nov 20 02:23:45 2009 :[Throkmaw]:w
Fri Nov 20 02:23:48 2009 :[Throkmaw]:s
Fri Nov 20 02:23:56 2009 :[Throkmaw]:n
Fri Nov 20 02:24:08 2009 :[Throkmaw]:w
Fri Nov 20 02:24:09 2009 :[Throkmaw]:w
Fri Nov 20 02:24:10 2009 :[Throkmaw]:w
Fri Nov 20 02:24:13 2009 :[Throkmaw]:s
Fri Nov 20 02:24:14 2009 :[Throkmaw]:s
Fri Nov 20 02:24:15 2009 :[Throkmaw]:s
Fri Nov 20 02:24:16 2009 :[Throkmaw]:s
Fri Nov 20 02:24:17 2009 :[Throkmaw]:s
Fri Nov 20 02:24:26 2009 :[Throkmaw]:e
Fri Nov 20 02:24:30 2009 :[Throkmaw]:e
Fri Nov 20 02:24:33 2009 :[Throkmaw]:e
Fri Nov 20 02:24:37 2009 :[Throkmaw]:e
Fri Nov 20 02:24:40 2009 :[Throkmaw]:w
Fri Nov 20 02:24:41 2009 :[Throkmaw]:w
Fri Nov 20 02:24:41 2009 :[Throkmaw]:w
Fri Nov 20 02:24:43 2009 :[Throkmaw]:w
Fri Nov 20 02:24:44 2009 :[Throkmaw]:w
Fri Nov 20 02:24:45 2009 :[Throkmaw]:w
Fri Nov 20 02:24:46 2009 :[Throkmaw]:w
Fri Nov 20 02:24:48 2009 :[Throkmaw]:w
Fri Nov 20 02:25:10 2009 :[Throkmaw]:w
Fri Nov 20 02:25:11 2009 :[Throkmaw]:w
Fri Nov 20 02:25:13 2009 :[Throkmaw]:w
Fri Nov 20 02:25:20 2009 :[Throkmaw]:w
Fri Nov 20 02:25:25 2009 :[Throkmaw]:n
Fri Nov 20 02:25:31 2009 :[Throkmaw]:w
Fri Nov 20 02:25:34 2009 :[Throkmaw]:n
Fri Nov 20 02:25:47 2009 :[Throkmaw]:w
Fri Nov 20 02:25:53 2009 :[Throkmaw]:m
Fri Nov 20 02:25:56 2009 :[Throkmaw]:m
Fri Nov 20 02:25:59 2009 :[Throkmaw]:n
Fri Nov 20 02:26:06 2009 :[Throkmaw]:w
Fri Nov 20 02:26:09 2009 :[Throkmaw]:n
Fri Nov 20 02:26:10 2009 :[Throkmaw]:w
Fri Nov 20 02:26:15 2009 :[Throkmaw]:n
Fri Nov 20 02:26:20 2009 :[Throkmaw]:n
Fri Nov 20 02:26:22 2009 :[Throkmaw]:n
Fri Nov 20 02:26:26 2009 :[Throkmaw]:n
Fri Nov 20 02:26:27 2009 :[Throkmaw]:n
Fri Nov 20 02:26:29 2009 :[Throkmaw]:n
Fri Nov 20 02:26:30 2009 :[Throkmaw]:n
Fri Nov 20 02:26:31 2009 :[Throkmaw]:n
Fri Nov 20 02:26:32 2009 :[Throkmaw]:n
Fri Nov 20 02:26:37 2009 :[Throkmaw]:n
Fri Nov 20 02:26:39 2009 :[Throkmaw]:n
Fri Nov 20 02:26:42 2009 :[Throkmaw]:n
Fri Nov 20 02:26:44 2009 :[Throkmaw]:n
Fri Nov 20 02:26:45 2009 :[Throkmaw]:n
Fri Nov 20 02:26:51 2009 :[Throkmaw]:n
Fri Nov 20 02:26:54 2009 :[Throkmaw]:n
Fri Nov 20 02:26:56 2009 :[Throkmaw]:n
Fri Nov 20 02:26:59 2009 :[Throkmaw]:n
Fri Nov 20 02:27:01 2009 :[Throkmaw]:s
Fri Nov 20 02:27:11 2009 :[Throkmaw]:c 'charm person' cat
Fri Nov 20 02:27:17 2009 :[Throkmaw]:l cat
Fri Nov 20 02:27:27 2009 :[Throkmaw]:pet cat
Fri Nov 20 02:27:38 2009 :[Throkmaw]:pat cat
Fri Nov 20 02:47:58 2009 :[Throkmaw]:l
Fri Nov 20 02:48:08 2009 :[Throkmaw]:n
Fri Nov 20 02:48:14 2009 :[Throkmaw]:l
Fri Nov 20 02:48:16 2009 :[Throkmaw]:s
Fri Nov 20 02:48:17 2009 :[Throkmaw]:s
Fri Nov 20 02:48:20 2009 :[Throkmaw]:n
Fri Nov 20 02:48:28 2009 :[Throkmaw]:s
Fri Nov 20 02:48:34 2009 :[Throkmaw]:dismiss
Fri Nov 20 02:48:40 2009 :[Throkmaw]:kil cat
Fri Nov 20 02:52:10 2009 :[Throkmaw]:get gut
Fri Nov 20 02:52:15 2009 :[Throkmaw]:get en
Fri Nov 20 02:52:18 2009 :[Throkmaw]:l
Fri Nov 20 02:52:27 2009 :[Throkmaw]:kil cat
Fri Nov 20 02:52:31 2009 :[Throkmaw]:l
Fri Nov 20 02:52:39 2009 :[Throkmaw]:get en
Fri Nov 20 02:52:44 2009 :[Throkmaw]:vd en
Fri Nov 20 02:52:56 2009 :[Throkmaw]:c 'voodoo' en
Fri Nov 20 02:54:54 2009 :[Throkmaw]:l
Fri Nov 20 02:55:03 2009 :[Throkmaw]:eat cor
Fri Nov 20 02:55:07 2009 :[Throkmaw]:get cor
Fri Nov 20 02:55:09 2009 :[Throkmaw]:get cor
Fri Nov 20 02:55:11 2009 :[Throkmaw]:eat cor
Fri Nov 20 02:55:11 2009 :[Throkmaw]:eat cor
Fri Nov 20 02:56:15 2009 :[Throkmaw]:save
Fri Nov 20 02:56:18 2009 :[Throkmaw]:quit
Fri Nov 27 03:34:22 2009 :[Throkmaw]:note
Fri Nov 27 03:34:35 2009 :[Throkmaw]:who
Fri Nov 27 03:35:15 2009 :[Throkmaw]:board
Fri Nov 27 03:35:23 2009 :[Throkmaw]:save
Fri Nov 27 03:35:36 2009 :[Throkmaw]:quit
Sun Nov 29 17:55:53 2009 :[Throkmaw]:who
Sun Nov 29 17:56:24 2009 :[Throkmaw]:save
Sun Nov 29 17:56:33 2009 :[Throkmaw]:quit
Wed Dec  2 15:12:05 2009 :[Throkmaw]:who
Wed Dec  2 15:12:12 2009 :[Throkmaw]:save
Wed Dec  2 15:12:18 2009 :[Throkmaw]:quit
Thu Dec  3 01:47:13 2009 :[Throkmaw]:who
Thu Dec  3 01:47:42 2009 :[Throkmaw]:save
Thu Dec  3 01:47:47 2009 :[Throkmaw]:quit
Sun Dec 13 07:15:03 2009 :[Throkmaw]:who
Sun Dec 13 07:15:12 2009 :[Throkmaw]:board
Sun Dec 13 07:15:17 2009 :[Throkmaw]:note
Sun Dec 13 07:15:41 2009 :[Throkmaw]:note
Sun Dec 13 07:16:22 2009 :[Throkmaw]:note
Sun Dec 13 08:03:04 2009 :[Throkmaw]:who
Sun Dec 13 08:03:10 2009 :[Throkmaw]:save
Sun Dec 13 08:03:13 2009 :[Throkmaw]:quit
Mon Dec 14 02:19:32 2009 :[Throkmaw]:who
Mon Dec 14 02:19:44 2009 :[Throkmaw]:save
Mon Dec 14 02:19:48 2009 :[Throkmaw]:quit
Mon Feb  8 01:59:54 2010 :[Throkmaw]:who
Mon Feb  8 02:00:04 2010 :[Throkmaw]:note
Mon Feb  8 02:00:35 2010 :[Throkmaw]:note
Mon Feb  8 02:02:30 2010 :[Throkmaw]:note
Mon Feb  8 02:03:35 2010 :[Throkmaw]:wizhelp
Mon Feb  8 02:03:58 2010 :[Throkmaw]:vnum
Mon Feb  8 02:04:17 2010 :[Throkmaw]:help fvlist
Mon Feb  8 02:04:43 2010 :[Throkmaw]:help uvlist
Mon Feb  8 02:05:06 2010 :[Throkmaw]:uvlist obj
Mon Feb  8 02:05:31 2010 :[Throkmaw]:uvlist obj sword
Mon Feb  8 02:05:52 2010 :[Throkmaw]:wizhelp
Mon Feb  8 02:07:03 2010 :[Throkmaw]:help wizhelp
Mon Feb  8 02:07:19 2010 :[Throkmaw]:help build
Mon Feb  8 02:07:36 2010 :[Throkmaw]:help builder
Mon Feb  8 02:07:45 2010 :[Throkmaw]:help builderl
Mon Feb  8 02:07:52 2010 :[Throkmaw]:help builderlevel
Mon Feb  8 02:08:23 2010 :[Throkmaw]:who
Mon Feb  8 02:08:33 2010 :[Throkmaw]:save
Mon Feb  8 02:08:37 2010 :[Throkmaw]:quit
Sun Mar  7 07:21:31 2010 :[Throkmaw]:who
Sun Mar  7 07:22:05 2010 :[Throkmaw]:alist
Sun Mar  7 07:22:16 2010 :[Throkmaw]:whizhelp
Sun Mar  7 07:22:20 2010 :[Throkmaw]:wizhelp
Sun Mar  7 07:23:15 2010 :[Throkmaw]:restore all
Sun Mar  7 07:23:45 2010 :[Throkmaw]:vnum
Sun Mar  7 07:23:57 2010 :[Throkmaw]:save
Sun Mar  7 07:24:09 2010 :[Throkmaw]:quit
Mon Mar  8 01:49:39 2010 :[Throkmaw]:wizhelp
Mon Mar  8 01:49:57 2010 :[Throkmaw]:help fvlist
Mon Mar  8 01:50:12 2010 :[Throkmaw]:help uvlist
Mon Mar  8 01:52:44 2010 :[Throkmaw]:wizhelp
Mon Mar  8 02:25:10 2010 :[Throkmaw]:replay
Mon Mar  8 02:25:13 2010 :[Throkmaw]:who
Mon Mar  8 02:25:19 2010 :[Throkmaw]:wizhelp
Mon Mar  8 02:25:39 2010 :[Throkmaw]:uvlist obj
Mon Mar  8 02:27:05 2010 :[Throkmaw]:save
Mon Mar  8 02:27:09 2010 :[Throkmaw]:quit
Wed Mar 10 05:30:30 2010 :[Throkmaw]:who
Wed Mar 10 05:30:37 2010 :[Throkmaw]:wizlist
Wed Mar 10 05:31:07 2010 :[Throkmaw]:help kazmir
Wed Mar 10 05:31:42 2010 :[Throkmaw]:help zalev
Wed Mar 10 05:33:36 2010 :[Throkmaw]:l
Wed Mar 10 05:33:51 2010 :[Throkmaw]:eat cat
Wed Mar 10 05:33:58 2010 :[Throkmaw]:slay cat
Wed Mar 10 05:34:31 2010 :[Throkmaw]:save
Wed Mar 10 05:34:38 2010 :[Throkmaw]:quit
