Thu Jul  2 17:35:57 2009 :[Darthe]:n
Thu Jul  2 17:35:57 2009 :[Darthe]:w
Thu Jul  2 17:35:58 2009 :[Darthe]:w
Thu Jul  2 17:35:58 2009 :[Darthe]:w
Thu Jul  2 17:35:59 2009 :[Darthe]:n
Thu Jul  2 17:36:00 2009 :[Darthe]:w
Thu Jul  2 17:36:01 2009 :[Darthe]:n
Thu Jul  2 17:36:01 2009 :[Darthe]:n
Thu Jul  2 17:36:03 2009 :[Darthe]:w
Thu Jul  2 17:36:03 2009 :[Darthe]:w
Thu Jul  2 17:36:05 2009 :[Darthe]:w
Thu Jul  2 17:36:06 2009 :[Darthe]:n
Thu Jul  2 17:36:06 2009 :[Darthe]:n
Thu Jul  2 17:36:09 2009 :[Darthe]:n
Thu Jul  2 17:36:16 2009 :[Darthe]:ope north
Thu Jul  2 17:36:16 2009 :[Darthe]:n
Thu Jul  2 17:36:22 2009 :[Darthe]:rem war
Thu Jul  2 17:36:24 2009 :[Darthe]:hol dip
Thu Jul  2 17:36:25 2009 :[Darthe]:l
Thu Jul  2 17:36:26 2009 :[Darthe]:n
Thu Jul  2 17:36:28 2009 :[Darthe]:k c
Thu Jul  2 17:36:32 2009 :[Darthe]:bash 
Thu Jul  2 17:36:48 2009 :[Darthe]:dirt 
Thu Jul  2 17:36:50 2009 :[Darthe]:l
Thu Jul  2 17:36:54 2009 :[Darthe]:cons pro
Thu Jul  2 17:36:55 2009 :[Darthe]:l
Thu Jul  2 17:36:56 2009 :[Darthe]:ex
Thu Jul  2 17:36:58 2009 :[Darthe]:n
Thu Jul  2 17:37:02 2009 :[Darthe]:w
Thu Jul  2 17:37:03 2009 :[Darthe]:e
Thu Jul  2 17:37:04 2009 :[Darthe]:w
Thu Jul  2 17:37:05 2009 :[Darthe]:n
Thu Jul  2 17:37:06 2009 :[Darthe]:ex
Thu Jul  2 17:37:07 2009 :[Darthe]:n
Thu Jul  2 17:37:08 2009 :[Darthe]:w
Thu Jul  2 17:37:10 2009 :[Darthe]:k c
Thu Jul  2 17:37:13 2009 :[Darthe]:bash 
Thu Jul  2 17:37:15 2009 :[Darthe]:oscore 
Thu Jul  2 17:38:27 2009 :[Darthe]:dri water
Thu Jul  2 17:38:28 2009 :[Darthe]:dri water
Thu Jul  2 17:38:30 2009 :[Darthe]:l
Thu Jul  2 17:42:16 2009 :[Darthe]:k cit
Thu Jul  2 17:42:20 2009 :[Darthe]:trip 
Thu Jul  2 17:42:22 2009 :[Darthe]:dirt 
Thu Jul  2 17:42:28 2009 :[Darthe]:bash 
Thu Jul  2 17:42:45 2009 :[Darthe]:l
Thu Jul  2 17:42:46 2009 :[Darthe]:s
Thu Jul  2 17:42:48 2009 :[Darthe]:k c
Thu Jul  2 17:42:51 2009 :[Darthe]:trip 
Thu Jul  2 17:43:08 2009 :[Darthe]:l
Thu Jul  2 17:43:11 2009 :[Darthe]:k cit
Thu Jul  2 17:43:14 2009 :[Darthe]:eq
Thu Jul  2 17:43:18 2009 :[Darthe]:i
Thu Jul  2 17:43:23 2009 :[Darthe]:rem dip
Thu Jul  2 17:43:26 2009 :[Darthe]:wear war
Thu Jul  2 17:43:27 2009 :[Darthe]:l
Thu Jul  2 17:43:32 2009 :[Darthe]:k cit
Thu Jul  2 17:43:35 2009 :[Darthe]:trip 
Thu Jul  2 17:44:26 2009 :[Darthe]:score
Thu Jul  2 17:44:42 2009 :[Darthe]:ooc only getting 300+ for citizens
Thu Jul  2 17:46:42 2009 :[Darthe]:get pie bag
Thu Jul  2 17:46:43 2009 :[Darthe]:get pie bag
Thu Jul  2 17:46:45 2009 :[Darthe]:eat pie
Thu Jul  2 17:46:46 2009 :[Darthe]:eat pie
Thu Jul  2 17:46:47 2009 :[Darthe]:l
Thu Jul  2 17:46:49 2009 :[Darthe]:s
Thu Jul  2 17:46:52 2009 :[Darthe]:l pro
Thu Jul  2 17:46:54 2009 :[Darthe]:cons por
Thu Jul  2 17:46:58 2009 :[Darthe]:cons pro
Thu Jul  2 17:46:59 2009 :[Darthe]:l
Thu Jul  2 17:47:01 2009 :[Darthe]:n
Thu Jul  2 17:47:02 2009 :[Darthe]:n
Thu Jul  2 17:47:04 2009 :[Darthe]:sca e
Thu Jul  2 17:47:08 2009 :[Darthe]:sca w
Thu Jul  2 17:47:09 2009 :[Darthe]:w
Thu Jul  2 17:47:10 2009 :[Darthe]:sca s
Thu Jul  2 17:47:11 2009 :[Darthe]:s
Thu Jul  2 17:47:14 2009 :[Darthe]:k cit
Thu Jul  2 17:50:25 2009 :[Darthe]:l
Thu Jul  2 17:50:25 2009 :[Darthe]:sca
Thu Jul  2 17:50:26 2009 :[Darthe]:sca w
Thu Jul  2 17:50:28 2009 :[Darthe]:w
Thu Jul  2 17:50:30 2009 :[Darthe]:k c
Thu Jul  2 17:51:21 2009 :[Darthe]:k c
Thu Jul  2 17:51:51 2009 :[Darthe]:trip 
Thu Jul  2 17:51:54 2009 :[Darthe]:dirt 
Thu Jul  2 17:53:24 2009 :[Darthe]:who
Thu Jul  2 17:53:30 2009 :[Darthe]:where
Thu Jul  2 17:53:31 2009 :[Darthe]:sca
Thu Jul  2 17:53:32 2009 :[Darthe]:l
Thu Jul  2 17:53:33 2009 :[Darthe]:k c
Thu Jul  2 17:53:36 2009 :[Darthe]:dirt 
Thu Jul  2 17:53:38 2009 :[Darthe]:oscore 
Thu Jul  2 17:53:38 2009 :[Darthe]:bash 
Thu Jul  2 17:53:52 2009 :[Darthe]:l
Thu Jul  2 17:53:57 2009 :[Darthe]:get gol
Thu Jul  2 17:54:01 2009 :[Darthe]:k c
Thu Jul  2 17:54:04 2009 :[Darthe]:i
Thu Jul  2 17:54:11 2009 :[Darthe]:exa map
Thu Jul  2 17:54:24 2009 :[Darthe]:exa map
Thu Jul  2 17:54:27 2009 :[Darthe]:l map
Thu Jul  2 17:54:28 2009 :[Darthe]:l
Thu Jul  2 17:54:29 2009 :[Darthe]:i
Thu Jul  2 17:54:34 2009 :[Darthe]:exa 2map
Thu Jul  2 17:54:37 2009 :[Darthe]:l 2.map
Thu Jul  2 17:54:49 2009 :[Darthe]:l
Thu Jul  2 17:54:51 2009 :[Darthe]:w
Thu Jul  2 17:54:51 2009 :[Darthe]:s
Thu Jul  2 17:54:53 2009 :[Darthe]:k c
Thu Jul  2 17:54:57 2009 :[Darthe]:trip 
Thu Jul  2 17:54:59 2009 :[Darthe]:dirt 
Thu Jul  2 17:55:10 2009 :[Darthe]:who
Thu Jul  2 17:55:19 2009 :[Darthe]:bash 
Thu Jul  2 17:56:18 2009 :[Darthe]:save
Thu Jul  2 17:56:21 2009 :[Darthe]:quit
Thu Jul  2 17:56:23 2009 :[Darthe]:l
Thu Jul  2 17:56:25 2009 :[Darthe]:quit
Thu Jul  2 17:56:34 2009 :[Darthe]:quit
Thu Jul  2 17:56:36 2009 :[Darthe]:quit
Thu Jul  2 18:03:06 2009 :[Darthe]:quit
Sun Jul 12 23:17:43 2009 :[Darthe]:who
Sun Jul 12 23:17:49 2009 :[Darthe]:eq
Sun Jul 12 23:17:57 2009 :[Darthe]:ooc hello all
Sun Jul 12 23:17:59 2009 :[Darthe]:l
Sun Jul 12 23:18:00 2009 :[Darthe]:k c
Sun Jul 12 23:18:13 2009 :[Darthe]:l
Sun Jul 12 23:18:18 2009 :[Darthe]:eq
Sun Jul 12 23:18:25 2009 :[Darthe]:l
Sun Jul 12 23:18:42 2009 :[Darthe]:k c
Sun Jul 12 23:18:46 2009 :[Darthe]:eq
Sun Jul 12 23:18:48 2009 :[Darthe]:i
Sun Jul 12 23:19:06 2009 :[Darthe]:who
Sun Jul 12 23:19:12 2009 :[Darthe]:alias
Sun Jul 12 23:20:16 2009 :[Darthe]:l
Sun Jul 12 23:20:17 2009 :[Darthe]:score
Sun Jul 12 23:20:38 2009 :[Darthe]:score
Sun Jul 12 23:20:43 2009 :[Darthe]:oscore
Sun Jul 12 23:21:00 2009 :[Darthe]:l
Sun Jul 12 23:21:05 2009 :[Darthe]:get go
Sun Jul 12 23:21:08 2009 :[Darthe]:k c
Sun Jul 12 23:21:33 2009 :[Darthe]:l
Sun Jul 12 23:21:36 2009 :[Darthe]:k c
Sun Jul 12 23:21:39 2009 :[Darthe]:where
Sun Jul 12 23:21:45 2009 :[Darthe]:who
Sun Jul 12 23:21:52 2009 :[Darthe]:eq
Sun Jul 12 23:21:55 2009 :[Darthe]:i
Sun Jul 12 23:21:57 2009 :[Darthe]:prac
Sun Jul 12 23:22:19 2009 :[Darthe]:l
Sun Jul 12 23:22:22 2009 :[Darthe]:get go
Sun Jul 12 23:22:23 2009 :[Darthe]:e
Sun Jul 12 23:22:25 2009 :[Darthe]:k c
Sun Jul 12 23:23:02 2009 :[Darthe]:ooc sure take a look at me to see if Im ok?... was given a few things
Sun Jul 12 23:23:09 2009 :[Darthe]:eq
Sun Jul 12 23:23:15 2009 :[Darthe]:recall
Sun Jul 12 23:23:19 2009 :[Darthe]:i
Sun Jul 12 23:23:21 2009 :[Darthe]:exa bag
Sun Jul 12 23:23:31 2009 :[Darthe]:get recall bag
Sun Jul 12 23:23:38 2009 :[Darthe]:qua potion
Sun Jul 12 23:23:40 2009 :[Darthe]:e
Sun Jul 12 23:23:41 2009 :[Darthe]:s
Sun Jul 12 23:23:44 2009 :[Darthe]:ex
Sun Jul 12 23:23:46 2009 :[Darthe]:e
Sun Jul 12 23:23:47 2009 :[Darthe]:n
Sun Jul 12 23:23:48 2009 :[Darthe]:e
Sun Jul 12 23:23:48 2009 :[Darthe]:ex
Sun Jul 12 23:23:50 2009 :[Darthe]:s
Sun Jul 12 23:23:55 2009 :[Darthe]:exa pit
Sun Jul 12 23:24:10 2009 :[Darthe]:get leg pit
Sun Jul 12 23:24:14 2009 :[Darthe]:wear leg
Sun Jul 12 23:24:20 2009 :[Darthe]:comp leg
Sun Jul 12 23:24:33 2009 :[Darthe]:eq
Sun Jul 12 23:24:38 2009 :[Darthe]:get shield pit
Sun Jul 12 23:24:41 2009 :[Darthe]:wear shield
Sun Jul 12 23:24:53 2009 :[Darthe]:rem banner
Sun Jul 12 23:24:57 2009 :[Darthe]:wear shield
Sun Jul 12 23:24:59 2009 :[Darthe]:sco
Sun Jul 12 23:25:03 2009 :[Darthe]:eq
Sun Jul 12 23:25:13 2009 :[Darthe]:exa pit
Sun Jul 12 23:26:34 2009 :[Darthe]:get arm pit
Sun Jul 12 23:26:38 2009 :[Darthe]:wear arm
Sun Jul 12 23:26:42 2009 :[Darthe]:comp arm
Sun Jul 12 23:26:51 2009 :[Darthe]:comp sleeves
Sun Jul 12 23:26:57 2009 :[Darthe]:put sleeves pit
Sun Jul 12 23:27:01 2009 :[Darthe]:ooc thanks 
Sun Jul 12 23:27:02 2009 :[Darthe]:eq
Sun Jul 12 23:27:03 2009 :[Darthe]:i
Sun Jul 12 23:27:13 2009 :[Darthe]:put legg pit
Sun Jul 12 23:27:17 2009 :[Darthe]:dri water
Sun Jul 12 23:27:18 2009 :[Darthe]:dri water
Sun Jul 12 23:27:19 2009 :[Darthe]:dri water
Sun Jul 12 23:27:22 2009 :[Darthe]:exa pit
Sun Jul 12 23:27:46 2009 :[Darthe]:grumble
Sun Jul 12 23:27:47 2009 :[Darthe]:l
Sun Jul 12 23:28:10 2009 :[Darthe]:ooc bah.. dumb  internet
Sun Jul 12 23:28:12 2009 :[Darthe]:i
Sun Jul 12 23:28:26 2009 :[Darthe]:ooc did you give me a look over?
Sun Jul 12 23:28:29 2009 :[Darthe]:i
Sun Jul 12 23:28:33 2009 :[Darthe]:exa bag
Sun Jul 12 23:28:38 2009 :[Darthe]:get pi bag
Sun Jul 12 23:28:39 2009 :[Darthe]:get pi bag
Sun Jul 12 23:28:40 2009 :[Darthe]:get pi bag
Sun Jul 12 23:28:42 2009 :[Darthe]:eat pie
Sun Jul 12 23:28:43 2009 :[Darthe]:eat pie
Sun Jul 12 23:28:44 2009 :[Darthe]:l
Sun Jul 12 23:28:46 2009 :[Darthe]:n
Sun Jul 12 23:28:47 2009 :[Darthe]:w
Sun Jul 12 23:28:48 2009 :[Darthe]:s
Sun Jul 12 23:28:50 2009 :[Darthe]:s
Sun Jul 12 23:28:52 2009 :[Darthe]:ex
Sun Jul 12 23:28:54 2009 :[Darthe]:w
Sun Jul 12 23:28:55 2009 :[Darthe]:e
Sun Jul 12 23:28:55 2009 :[Darthe]:s
Sun Jul 12 23:28:57 2009 :[Darthe]:s
Sun Jul 12 23:28:58 2009 :[Darthe]:s
Sun Jul 12 23:29:00 2009 :[Darthe]:n
Sun Jul 12 23:29:00 2009 :[Darthe]:w
Sun Jul 12 23:29:01 2009 :[Darthe]:e
Sun Jul 12 23:29:02 2009 :[Darthe]:e
Sun Jul 12 23:29:06 2009 :[Darthe]:w
Sun Jul 12 23:29:07 2009 :[Darthe]:n
Sun Jul 12 23:29:12 2009 :[Darthe]:n
Sun Jul 12 23:29:13 2009 :[Darthe]:n
Sun Jul 12 23:29:16 2009 :[Darthe]:n
Sun Jul 12 23:29:17 2009 :[Darthe]:w
Sun Jul 12 23:29:18 2009 :[Darthe]:s
Sun Jul 12 23:29:20 2009 :[Darthe]:n
Sun Jul 12 23:29:20 2009 :[Darthe]:e
Sun Jul 12 23:29:21 2009 :[Darthe]:e
Sun Jul 12 23:29:22 2009 :[Darthe]:s
Sun Jul 12 23:29:24 2009 :[Darthe]:i
Sun Jul 12 23:29:32 2009 :[Darthe]:qua vial
Sun Jul 12 23:29:42 2009 :[Darthe]:who
Sun Jul 12 23:29:47 2009 :[Darthe]:l
Sun Jul 12 23:29:48 2009 :[Darthe]:n
Sun Jul 12 23:29:49 2009 :[Darthe]:e
Sun Jul 12 23:29:50 2009 :[Darthe]:w
Sun Jul 12 23:29:51 2009 :[Darthe]:s
Sun Jul 12 23:29:55 2009 :[Darthe]:eq
Sun Jul 12 23:29:58 2009 :[Darthe]:i
Sun Jul 12 23:30:09 2009 :[Darthe]:l
Sun Jul 12 23:30:24 2009 :[Darthe]:l
Sun Jul 12 23:30:26 2009 :[Darthe]:s
Sun Jul 12 23:30:27 2009 :[Darthe]:e
Sun Jul 12 23:30:28 2009 :[Darthe]:ex
Sun Jul 12 23:30:28 2009 :[Darthe]:s
Sun Jul 12 23:30:29 2009 :[Darthe]:ex
Sun Jul 12 23:30:30 2009 :[Darthe]:e
Sun Jul 12 23:30:31 2009 :[Darthe]:ex
Sun Jul 12 23:30:38 2009 :[Darthe]:w
Sun Jul 12 23:30:39 2009 :[Darthe]:w
Sun Jul 12 23:30:40 2009 :[Darthe]:ex
Sun Jul 12 23:30:41 2009 :[Darthe]:w
Sun Jul 12 23:30:41 2009 :[Darthe]:ex
Sun Jul 12 23:30:43 2009 :[Darthe]:s
Sun Jul 12 23:30:44 2009 :[Darthe]:ex
Sun Jul 12 23:30:45 2009 :[Darthe]:e
Sun Jul 12 23:30:46 2009 :[Darthe]:ex
Sun Jul 12 23:30:50 2009 :[Darthe]:ooc me?
Sun Jul 12 23:30:52 2009 :[Darthe]:s
Sun Jul 12 23:30:53 2009 :[Darthe]:e
Sun Jul 12 23:30:54 2009 :[Darthe]:s
Sun Jul 12 23:30:55 2009 :[Darthe]:n
Sun Jul 12 23:30:56 2009 :[Darthe]:n
Sun Jul 12 23:30:56 2009 :[Darthe]:e
Sun Jul 12 23:30:58 2009 :[Darthe]:n
Sun Jul 12 23:30:59 2009 :[Darthe]:ex
Sun Jul 12 23:31:00 2009 :[Darthe]:e
Sun Jul 12 23:31:01 2009 :[Darthe]:ex
Sun Jul 12 23:31:04 2009 :[Darthe]:n
Sun Jul 12 23:31:05 2009 :[Darthe]:ex
Sun Jul 12 23:31:06 2009 :[Darthe]:n
Sun Jul 12 23:31:07 2009 :[Darthe]:ex
Sun Jul 12 23:31:08 2009 :[Darthe]:n
Sun Jul 12 23:31:09 2009 :[Darthe]:n
Sun Jul 12 23:31:10 2009 :[Darthe]:w
Sun Jul 12 23:31:11 2009 :[Darthe]:ex
Sun Jul 12 23:31:12 2009 :[Darthe]:n
Sun Jul 12 23:31:13 2009 :[Darthe]:ex
Sun Jul 12 23:31:13 2009 :[Darthe]:w
Sun Jul 12 23:31:15 2009 :[Darthe]:ex
Sun Jul 12 23:31:16 2009 :[Darthe]:w
Sun Jul 12 23:31:17 2009 :[Darthe]:s
Sun Jul 12 23:31:18 2009 :[Darthe]:w
Sun Jul 12 23:31:27 2009 :[Darthe]:ell
Sun Jul 12 23:31:28 2009 :[Darthe]:w
Sun Jul 12 23:31:29 2009 :[Darthe]:s
Sun Jul 12 23:31:29 2009 :[Darthe]:e
Sun Jul 12 23:31:30 2009 :[Darthe]:s
Sun Jul 12 23:31:31 2009 :[Darthe]:s
Sun Jul 12 23:31:32 2009 :[Darthe]:s
Sun Jul 12 23:31:33 2009 :[Darthe]:s
Sun Jul 12 23:31:33 2009 :[Darthe]:e
Sun Jul 12 23:31:34 2009 :[Darthe]:e
Sun Jul 12 23:31:38 2009 :[Darthe]:dri
Sun Jul 12 23:31:40 2009 :[Darthe]:dri
Sun Jul 12 23:31:41 2009 :[Darthe]:dri
Sun Jul 12 23:31:45 2009 :[Darthe]:fill water
Sun Jul 12 23:31:46 2009 :[Darthe]:l
Sun Jul 12 23:31:49 2009 :[Darthe]:who
Sun Jul 12 23:32:12 2009 :[Darthe]:l
Sun Jul 12 23:32:25 2009 :[Darthe]:bow darses
Sun Jul 12 23:32:27 2009 :[Darthe]:who
Sun Jul 12 23:32:28 2009 :[Darthe]:eq
Sun Jul 12 23:32:31 2009 :[Darthe]:eq
Sun Jul 12 23:32:35 2009 :[Darthe]:i
Sun Jul 12 23:32:59 2009 :[Darthe]:ooc kinda sucks you have to chose between light or shield
Sun Jul 12 23:33:29 2009 :[Darthe]:who
Sun Jul 12 23:33:43 2009 :[Darthe]:ooc chuckle
Sun Jul 12 23:35:56 2009 :[Darthe]:l
Sun Jul 12 23:35:59 2009 :[Darthe]:eq
Sun Jul 12 23:36:00 2009 :[Darthe]:l
Sun Jul 12 23:36:01 2009 :[Darthe]:n
Sun Jul 12 23:36:02 2009 :[Darthe]:n
Sun Jul 12 23:36:04 2009 :[Darthe]:n
Sun Jul 12 23:36:05 2009 :[Darthe]:e
Sun Jul 12 23:36:06 2009 :[Darthe]:e
Sun Jul 12 23:36:07 2009 :[Darthe]:s
Sun Jul 12 23:36:10 2009 :[Darthe]:exa pit
Sun Jul 12 23:36:22 2009 :[Darthe]:get breast pit
Sun Jul 12 23:36:26 2009 :[Darthe]:comp breast
Sun Jul 12 23:36:30 2009 :[Darthe]:wear breast
Sun Jul 12 23:36:38 2009 :[Darthe]:don suit
Sun Jul 12 23:36:39 2009 :[Darthe]:o
Sun Jul 12 23:36:42 2009 :[Darthe]:scp
Sun Jul 12 23:36:45 2009 :[Darthe]:i
Sun Jul 12 23:36:46 2009 :[Darthe]:scp
Sun Jul 12 23:36:47 2009 :[Darthe]:oscore 
Sun Jul 12 23:37:04 2009 :[Darthe]:l
Sun Jul 12 23:37:07 2009 :[Darthe]:exa pit
Sun Jul 12 23:37:17 2009 :[Darthe]:get mace pit
Sun Jul 12 23:37:19 2009 :[Darthe]:comp mace
Sun Jul 12 23:37:25 2009 :[Darthe]:lore mace
Sun Jul 12 23:37:30 2009 :[Darthe]:wie mace
Sun Jul 12 23:37:32 2009 :[Darthe]:pra
Sun Jul 12 23:37:40 2009 :[Darthe]:lore claymore
Sun Jul 12 23:37:44 2009 :[Darthe]:l
Sun Jul 12 23:37:51 2009 :[Darthe]:wear orb
Sun Jul 12 23:37:56 2009 :[Darthe]:sc
Sun Jul 12 23:38:00 2009 :[Darthe]:comp orb
Sun Jul 12 23:38:01 2009 :[Darthe]:l
Sun Jul 12 23:38:30 2009 :[Darthe]:wear leg
Sun Jul 12 23:38:34 2009 :[Darthe]:put leg pit
Sun Jul 12 23:38:35 2009 :[Darthe]:sco
Sun Jul 12 23:38:37 2009 :[Darthe]:oscore 
Sun Jul 12 23:39:00 2009 :[Darthe]:eq
Sun Jul 12 23:39:13 2009 :[Darthe]:l
Sun Jul 12 23:39:16 2009 :[Darthe]:n
Sun Jul 12 23:39:17 2009 :[Darthe]:w
Sun Jul 12 23:39:18 2009 :[Darthe]:s
Sun Jul 12 23:39:19 2009 :[Darthe]:ex
Sun Jul 12 23:39:22 2009 :[Darthe]:s
Sun Jul 12 23:39:23 2009 :[Darthe]:ex
Sun Jul 12 23:39:24 2009 :[Darthe]:s
Sun Jul 12 23:39:25 2009 :[Darthe]:ex
Sun Jul 12 23:39:32 2009 :[Darthe]:w
Sun Jul 12 23:39:34 2009 :[Darthe]:ex
Sun Jul 12 23:39:37 2009 :[Darthe]:exa map
Sun Jul 12 23:39:40 2009 :[Darthe]:l 2.map
Sun Jul 12 23:39:47 2009 :[Darthe]:i
Sun Jul 12 23:40:07 2009 :[Darthe]:l
Sun Jul 12 23:40:08 2009 :[Darthe]:e
Sun Jul 12 23:40:09 2009 :[Darthe]:e
Sun Jul 12 23:40:09 2009 :[Darthe]:e
Sun Jul 12 23:40:10 2009 :[Darthe]:ex
Sun Jul 12 23:40:11 2009 :[Darthe]:e
Sun Jul 12 23:40:12 2009 :[Darthe]:ex
Sun Jul 12 23:40:12 2009 :[Darthe]:e
Sun Jul 12 23:40:13 2009 :[Darthe]:e
Sun Jul 12 23:40:14 2009 :[Darthe]:ex
Sun Jul 12 23:40:17 2009 :[Darthe]:e
Sun Jul 12 23:40:19 2009 :[Darthe]:e
Sun Jul 12 23:40:19 2009 :[Darthe]:e
Sun Jul 12 23:40:20 2009 :[Darthe]:e
Sun Jul 12 23:40:21 2009 :[Darthe]:e
Sun Jul 12 23:40:22 2009 :[Darthe]:e
Sun Jul 12 23:40:23 2009 :[Darthe]:ex
Sun Jul 12 23:40:24 2009 :[Darthe]:s
Sun Jul 12 23:40:25 2009 :[Darthe]:pra
Sun Jul 12 23:40:27 2009 :[Darthe]:prac mace
Sun Jul 12 23:40:27 2009 :[Darthe]:prac mace
Sun Jul 12 23:40:28 2009 :[Darthe]:prac mace
Sun Jul 12 23:40:28 2009 :[Darthe]:prac mace
Sun Jul 12 23:40:29 2009 :[Darthe]:prac mace
Sun Jul 12 23:40:30 2009 :[Darthe]:prac mace
Sun Jul 12 23:40:30 2009 :[Darthe]:prac mace
Sun Jul 12 23:40:37 2009 :[Darthe]:pra shiel
Sun Jul 12 23:40:38 2009 :[Darthe]:pra shiel
Sun Jul 12 23:40:38 2009 :[Darthe]:pra shiel
Sun Jul 12 23:40:39 2009 :[Darthe]:pra shiel
Sun Jul 12 23:40:39 2009 :[Darthe]:pra shiel
Sun Jul 12 23:40:43 2009 :[Darthe]:pra shiel
Sun Jul 12 23:40:53 2009 :[Darthe]:n
Sun Jul 12 23:40:55 2009 :[Darthe]:w
Sun Jul 12 23:40:55 2009 :[Darthe]:w
Sun Jul 12 23:40:56 2009 :[Darthe]:w
Sun Jul 12 23:40:56 2009 :[Darthe]:w
Sun Jul 12 23:40:56 2009 :[Darthe]:w
Sun Jul 12 23:40:57 2009 :[Darthe]:w
Sun Jul 12 23:40:57 2009 :[Darthe]:w
Sun Jul 12 23:40:58 2009 :[Darthe]:w
Sun Jul 12 23:40:58 2009 :[Darthe]:w
Sun Jul 12 23:40:59 2009 :[Darthe]:w
Sun Jul 12 23:41:00 2009 :[Darthe]:w
Sun Jul 12 23:41:02 2009 :[Darthe]:n
Sun Jul 12 23:41:03 2009 :[Darthe]:n
Sun Jul 12 23:41:04 2009 :[Darthe]:n
Sun Jul 12 23:41:05 2009 :[Darthe]:e
Sun Jul 12 23:41:06 2009 :[Darthe]:s
Sun Jul 12 23:41:08 2009 :[Darthe]:exa pit
Sun Jul 12 23:41:20 2009 :[Darthe]:exa 2.map
Sun Jul 12 23:41:29 2009 :[Darthe]:l
Sun Jul 12 23:41:30 2009 :[Darthe]:n
Sun Jul 12 23:41:31 2009 :[Darthe]:w
Sun Jul 12 23:41:31 2009 :[Darthe]:s
Sun Jul 12 23:41:34 2009 :[Darthe]:s
Sun Jul 12 23:41:36 2009 :[Darthe]:w
Sun Jul 12 23:41:38 2009 :[Darthe]:w
Sun Jul 12 23:41:39 2009 :[Darthe]:e
Sun Jul 12 23:41:39 2009 :[Darthe]:s
Sun Jul 12 23:41:40 2009 :[Darthe]:w
Sun Jul 12 23:41:41 2009 :[Darthe]:w
Sun Jul 12 23:41:43 2009 :[Darthe]:n
Sun Jul 12 23:41:44 2009 :[Darthe]:ls
Sun Jul 12 23:41:45 2009 :[Darthe]:w
Sun Jul 12 23:41:46 2009 :[Darthe]:s
Sun Jul 12 23:41:47 2009 :[Darthe]:w
Sun Jul 12 23:41:48 2009 :[Darthe]:w
Sun Jul 12 23:41:49 2009 :[Darthe]:ex
Sun Jul 12 23:41:51 2009 :[Darthe]:w
Sun Jul 12 23:41:53 2009 :[Darthe]:w
Sun Jul 12 23:41:54 2009 :[Darthe]:n
Sun Jul 12 23:41:56 2009 :[Darthe]:lis
Sun Jul 12 23:42:01 2009 :[Darthe]:buy recall
Sun Jul 12 23:42:02 2009 :[Darthe]:buy recall
Sun Jul 12 23:42:03 2009 :[Darthe]:buy recall
Sun Jul 12 23:42:05 2009 :[Darthe]:i
Sun Jul 12 23:42:10 2009 :[Darthe]:drop vial
Sun Jul 12 23:42:11 2009 :[Darthe]:drop vial
Sun Jul 12 23:42:18 2009 :[Darthe]:drop map
Sun Jul 12 23:42:19 2009 :[Darthe]:l
Sun Jul 12 23:42:21 2009 :[Darthe]:sac map
Sun Jul 12 23:42:22 2009 :[Darthe]:i
Sun Jul 12 23:42:29 2009 :[Darthe]:eat pie
Sun Jul 12 23:42:32 2009 :[Darthe]:put all bag
Sun Jul 12 23:42:33 2009 :[Darthe]:i
Sun Jul 12 23:42:35 2009 :[Darthe]:who
Sun Jul 12 23:42:39 2009 :[Darthe]:buy recall
Sun Jul 12 23:42:40 2009 :[Darthe]:buy recall
Sun Jul 12 23:42:41 2009 :[Darthe]:sco
Sun Jul 12 23:42:43 2009 :[Darthe]:lis
Sun Jul 12 23:42:53 2009 :[Darthe]:buy fly
Sun Jul 12 23:42:53 2009 :[Darthe]:buy fly
Sun Jul 12 23:42:54 2009 :[Darthe]:buy fly
Sun Jul 12 23:42:54 2009 :[Darthe]:buy fly
Sun Jul 12 23:42:56 2009 :[Darthe]:put all bag
Sun Jul 12 23:43:00 2009 :[Darthe]:wear bel
Sun Jul 12 23:43:06 2009 :[Darthe]:get belt bag
Sun Jul 12 23:43:09 2009 :[Darthe]:wear belt
Sun Jul 12 23:43:14 2009 :[Darthe]:comp crowm
Sun Jul 12 23:43:19 2009 :[Darthe]:comp crown
Sun Jul 12 23:43:24 2009 :[Darthe]:wear crow
Sun Jul 12 23:43:26 2009 :[Darthe]:sco
Sun Jul 12 23:43:29 2009 :[Darthe]:aff
Sun Jul 12 23:43:30 2009 :[Darthe]:oscore 
Sun Jul 12 23:43:52 2009 :[Darthe]:wear helm
Sun Jul 12 23:43:54 2009 :[Darthe]:i
Sun Jul 12 23:43:58 2009 :[Darthe]:wear crown
Sun Jul 12 23:44:00 2009 :[Darthe]:i
Sun Jul 12 23:44:21 2009 :[Darthe]:ooc the crown of Triasel hinder your abilities
Sun Jul 12 23:44:25 2009 :[Darthe]:ooc ?
Sun Jul 12 23:44:41 2009 :[Darthe]:s
Sun Jul 12 23:44:47 2009 :[Darthe]:don crown
Sun Jul 12 23:44:49 2009 :[Darthe]:l
Sun Jul 12 23:44:50 2009 :[Darthe]:e
Sun Jul 12 23:44:50 2009 :[Darthe]:e
Sun Jul 12 23:44:51 2009 :[Darthe]:e
Sun Jul 12 23:44:51 2009 :[Darthe]:e
Sun Jul 12 23:44:52 2009 :[Darthe]:e
Sun Jul 12 23:44:52 2009 :[Darthe]:e
Sun Jul 12 23:44:56 2009 :[Darthe]:dri
Sun Jul 12 23:45:02 2009 :[Darthe]:get map bag
Sun Jul 12 23:45:05 2009 :[Darthe]:exa map
Sun Jul 12 23:45:16 2009 :[Darthe]:l
Sun Jul 12 23:45:18 2009 :[Darthe]:k f
Sun Jul 12 23:45:23 2009 :[Darthe]:eq
Sun Jul 12 23:45:25 2009 :[Darthe]:pra
Sun Jul 12 23:45:29 2009 :[Darthe]:l
Sun Jul 12 23:45:32 2009 :[Darthe]:eq
Sun Jul 12 23:45:42 2009 :[Darthe]:aff
Sun Jul 12 23:45:58 2009 :[Darthe]:l
Sun Jul 12 23:46:03 2009 :[Darthe]:who
Sun Jul 12 23:46:10 2009 :[Darthe]:l
Sun Jul 12 23:46:18 2009 :[Darthe]:help group
Sun Jul 12 23:46:51 2009 :[Darthe]:ooc is it good to group or solo ?
Sun Jul 12 23:46:52 2009 :[Darthe]:who
Sun Jul 12 23:47:21 2009 :[Darthe]:ooc Desimus and Mase care to?
Sun Jul 12 23:47:35 2009 :[Darthe]:score
Sun Jul 12 23:47:45 2009 :[Darthe]:who
Sun Jul 12 23:48:11 2009 :[Darthe]:ooc okies... Im still new.....
Sun Jul 12 23:48:13 2009 :[Darthe]:sc
Sun Jul 12 23:48:16 2009 :[Darthe]:sco e
Sun Jul 12 23:48:17 2009 :[Darthe]:sc ae
Sun Jul 12 23:48:18 2009 :[Darthe]:sca e
Sun Jul 12 23:48:20 2009 :[Darthe]:l
Sun Jul 12 23:48:23 2009 :[Darthe]:e
Sun Jul 12 23:48:24 2009 :[Darthe]:e
Sun Jul 12 23:48:24 2009 :[Darthe]:e
Sun Jul 12 23:48:25 2009 :[Darthe]:e
Sun Jul 12 23:48:25 2009 :[Darthe]:e
Sun Jul 12 23:48:55 2009 :[Darthe]:ooc yeah... Like fresh off the assembly line.. New
Sun Jul 12 23:49:09 2009 :[Darthe]:ooc New New
Sun Jul 12 23:49:17 2009 :[Darthe]:who
Sun Jul 12 23:49:18 2009 :[Darthe]:l
Sun Jul 12 23:49:47 2009 :[Darthe]:ooc yep.. fart smells havent set in the seats
Sun Jul 12 23:55:18 2009 :[Darthe]:l
Sun Jul 12 23:55:22 2009 :[Darthe]:w
Sun Jul 12 23:55:23 2009 :[Darthe]:w
Sun Jul 12 23:55:23 2009 :[Darthe]:w
Sun Jul 12 23:55:24 2009 :[Darthe]:w
Sun Jul 12 23:56:05 2009 :[Darthe]:who
Sun Jul 12 23:56:24 2009 :[Darthe]:ooc be right back the wife wants KFC :(
Sun Jul 12 23:56:54 2009 :[Darthe]:ooc maybe we can group when i get back?
Sun Jul 12 23:56:58 2009 :[Darthe]:l
Sun Jul 12 23:57:00 2009 :[Darthe]:w
Sun Jul 12 23:57:02 2009 :[Darthe]:n
Sun Jul 12 23:57:03 2009 :[Darthe]:n
Sun Jul 12 23:57:04 2009 :[Darthe]:n
Sun Jul 12 23:57:05 2009 :[Darthe]:e
Sun Jul 12 23:57:37 2009 :[Darthe]:ooc location
Sun Jul 12 23:57:46 2009 :[Darthe]:l
Sun Jul 12 23:57:47 2009 :[Darthe]:w
Sun Jul 12 23:57:48 2009 :[Darthe]:w
Sun Jul 12 23:57:49 2009 :[Darthe]:e
Sun Jul 12 23:57:50 2009 :[Darthe]:s
Sun Jul 12 23:57:51 2009 :[Darthe]:s
Sun Jul 12 23:57:52 2009 :[Darthe]:s
Sun Jul 12 23:57:54 2009 :[Darthe]:w
Sun Jul 12 23:57:55 2009 :[Darthe]:w
Sun Jul 12 23:57:55 2009 :[Darthe]:e
Sun Jul 12 23:57:56 2009 :[Darthe]:e
Sun Jul 12 23:58:02 2009 :[Darthe]:who
Sun Jul 12 23:58:14 2009 :[Darthe]:eq
Sun Jul 12 23:58:16 2009 :[Darthe]:i
Sun Jul 12 23:58:57 2009 :[Darthe]:ooc ogres can use two handed weapons in one?
Sun Jul 12 23:58:59 2009 :[Darthe]:eq
Sun Jul 12 23:59:00 2009 :[Darthe]:prac
Sun Jul 12 23:59:12 2009 :[Darthe]:rem shield
Sun Jul 12 23:59:22 2009 :[Darthe]:get clay bag
Sun Jul 12 23:59:25 2009 :[Darthe]:wie cla
Sun Jul 12 23:59:32 2009 :[Darthe]:dual mace
Sun Jul 12 23:59:37 2009 :[Darthe]:rem mace
Sun Jul 12 23:59:39 2009 :[Darthe]:rem cla
Sun Jul 12 23:59:42 2009 :[Darthe]:wie mace
Sun Jul 12 23:59:45 2009 :[Darthe]:dual clay
Sun Jul 12 23:59:51 2009 :[Darthe]:rem cla
Sun Jul 12 23:59:54 2009 :[Darthe]:rem mace
Sun Jul 12 23:59:58 2009 :[Darthe]:get sword bag
Mon Jul 13 00:00:03 2009 :[Darthe]:wie cla
Mon Jul 13 00:00:06 2009 :[Darthe]:dual mace
Mon Jul 13 00:00:16 2009 :[Darthe]:dual sword
Mon Jul 13 00:00:17 2009 :[Darthe]:eq
Mon Jul 13 00:00:19 2009 :[Darthe]:n
Mon Jul 13 00:00:20 2009 :[Darthe]:s
Mon Jul 13 00:00:29 2009 :[Darthe]:ooc back in 20mins
Mon Jul 13 00:00:31 2009 :[Darthe]:quit
Mon Jul 13 00:30:25 2009 :[Darthe]:who
Mon Jul 13 00:30:31 2009 :[Darthe]:n
Mon Jul 13 00:30:32 2009 :[Darthe]:n
Mon Jul 13 00:30:33 2009 :[Darthe]:n
Mon Jul 13 00:30:34 2009 :[Darthe]:e
Mon Jul 13 00:30:34 2009 :[Darthe]:s
Mon Jul 13 00:30:38 2009 :[Darthe]:exa pit
Mon Jul 13 00:30:48 2009 :[Darthe]:get scale pit
Mon Jul 13 00:30:50 2009 :[Darthe]:get scale pit
Mon Jul 13 00:30:56 2009 :[Darthe]:wear scale
Mon Jul 13 00:31:00 2009 :[Darthe]:put scale pit
Mon Jul 13 00:31:01 2009 :[Darthe]:put scale pit
Mon Jul 13 00:31:11 2009 :[Darthe]:don scale
Mon Jul 13 00:31:11 2009 :[Darthe]:don scale
Mon Jul 13 00:31:13 2009 :[Darthe]:l
Mon Jul 13 00:31:15 2009 :[Darthe]:l
Mon Jul 13 00:31:17 2009 :[Darthe]:exa pit
Mon Jul 13 00:31:41 2009 :[Darthe]:get club pit
Mon Jul 13 00:31:45 2009 :[Darthe]:lore club
Mon Jul 13 00:31:55 2009 :[Darthe]:comp club
Mon Jul 13 00:32:01 2009 :[Darthe]:put club pit
Mon Jul 13 00:32:05 2009 :[Darthe]:save
Mon Jul 13 00:32:06 2009 :[Darthe]:i
Mon Jul 13 00:32:13 2009 :[Darthe]:wie mace
Mon Jul 13 00:32:15 2009 :[Darthe]:sco
Mon Jul 13 00:32:15 2009 :[Darthe]:l
Mon Jul 13 00:32:17 2009 :[Darthe]:save
Mon Jul 13 00:32:20 2009 :[Darthe]:quit
Mon Jul 13 04:46:39 2009 :[Darthe]:who
Mon Jul 13 04:46:46 2009 :[Darthe]:ooc lo all
Mon Jul 13 04:46:53 2009 :[Darthe]:get les
Mon Jul 13 04:46:58 2009 :[Darthe]:get leaf
Mon Jul 13 04:47:02 2009 :[Darthe]:eat lea
Mon Jul 13 04:47:04 2009 :[Darthe]:aff
Mon Jul 13 04:47:07 2009 :[Darthe]:l
Mon Jul 13 04:47:22 2009 :[Darthe]:eq
Mon Jul 13 04:47:23 2009 :[Darthe]:i
Mon Jul 13 04:47:30 2009 :[Darthe]:get ar
Mon Jul 13 04:47:34 2009 :[Darthe]:comp armor
Mon Jul 13 04:47:41 2009 :[Darthe]:drop armor
Mon Jul 13 04:47:45 2009 :[Darthe]:exa pit
Mon Jul 13 04:48:06 2009 :[Darthe]:get pix pit
Mon Jul 13 04:48:10 2009 :[Darthe]:dri pix
Mon Jul 13 04:48:22 2009 :[Darthe]:don pix
Mon Jul 13 04:48:23 2009 :[Darthe]:aff
Mon Jul 13 04:48:27 2009 :[Darthe]:oscore 
Mon Jul 13 04:48:38 2009 :[Darthe]:exa pit
Mon Jul 13 04:48:53 2009 :[Darthe]:get bracer pit
Mon Jul 13 04:48:57 2009 :[Darthe]:comp bracer
Mon Jul 13 04:49:02 2009 :[Darthe]:don bracer
Mon Jul 13 04:49:04 2009 :[Darthe]:who
Mon Jul 13 04:49:41 2009 :[Darthe]:ooc you know where i can find a second weapon that will allow me to wield my mace and or claymore and dual?
Mon Jul 13 04:49:47 2009 :[Darthe]:eq
Mon Jul 13 04:49:49 2009 :[Darthe]:l
Mon Jul 13 04:49:55 2009 :[Darthe]:get gl
Mon Jul 13 04:50:00 2009 :[Darthe]:drop gloves
Mon Jul 13 04:50:01 2009 :[Darthe]:sco
Mon Jul 13 04:50:05 2009 :[Darthe]:who
Mon Jul 13 04:50:06 2009 :[Darthe]:n
Mon Jul 13 04:50:07 2009 :[Darthe]:w
Mon Jul 13 04:50:08 2009 :[Darthe]:s
Mon Jul 13 04:50:15 2009 :[Darthe]:s
Mon Jul 13 04:50:16 2009 :[Darthe]:s
Mon Jul 13 04:50:19 2009 :[Darthe]:st
Mon Jul 13 04:50:20 2009 :[Darthe]:s
Mon Jul 13 04:50:23 2009 :[Darthe]:s
Mon Jul 13 04:50:26 2009 :[Darthe]:n
Mon Jul 13 04:50:28 2009 :[Darthe]:ex
Mon Jul 13 04:50:30 2009 :[Darthe]:s
Mon Jul 13 04:50:31 2009 :[Darthe]:ex
Mon Jul 13 04:50:32 2009 :[Darthe]:s
Mon Jul 13 04:50:34 2009 :[Darthe]:s
Mon Jul 13 04:50:37 2009 :[Darthe]:dri
Mon Jul 13 04:50:47 2009 :[Darthe]:eq
Mon Jul 13 04:50:52 2009 :[Darthe]:bow vark
Mon Jul 13 04:50:53 2009 :[Darthe]:l
Mon Jul 13 04:51:08 2009 :[Darthe]:say drunk 
Mon Jul 13 04:51:24 2009 :[Darthe]:dual dagg
Mon Jul 13 04:51:26 2009 :[Darthe]:eq
Mon Jul 13 04:51:32 2009 :[Darthe]:than vark
Mon Jul 13 04:51:34 2009 :[Darthe]:eq
Mon Jul 13 04:51:36 2009 :[Darthe]:oscore 
Mon Jul 13 04:51:42 2009 :[Darthe]:get pie bag
Mon Jul 13 04:51:44 2009 :[Darthe]:eat pie
Mon Jul 13 04:52:01 2009 :[Darthe]:ooc Im new new here
Mon Jul 13 04:52:36 2009 :[Darthe]:sco
Mon Jul 13 04:52:48 2009 :[Darthe]:say Chaotic evil
Mon Jul 13 04:53:05 2009 :[Darthe]:ooc Chaotic evil
Mon Jul 13 04:53:07 2009 :[Darthe]:sco
Mon Jul 13 04:53:36 2009 :[Darthe]:l
Mon Jul 13 04:53:39 2009 :[Darthe]:oscore 
Mon Jul 13 04:53:41 2009 :[Darthe]:oscore 
Mon Jul 13 04:53:55 2009 :[Darthe]:wimpy 350
Mon Jul 13 04:54:00 2009 :[Darthe]:wimpy 300
Mon Jul 13 04:54:07 2009 :[Darthe]:wimpy 200
Mon Jul 13 04:54:10 2009 :[Darthe]:oscore 
Mon Jul 13 04:54:18 2009 :[Darthe]:wimpy 100
Mon Jul 13 04:54:24 2009 :[Darthe]:wimpy 50
Mon Jul 13 04:54:43 2009 :[Darthe]:wimpy 25
Mon Jul 13 04:54:49 2009 :[Darthe]:wimpy 35
Mon Jul 13 04:54:52 2009 :[Darthe]:score
Mon Jul 13 04:54:54 2009 :[Darthe]:add
Mon Jul 13 04:54:56 2009 :[Darthe]:oscore 
Mon Jul 13 04:55:03 2009 :[Darthe]:slee
Mon Jul 13 04:55:04 2009 :[Darthe]:sco
Mon Jul 13 04:55:06 2009 :[Darthe]:who
Mon Jul 13 04:55:23 2009 :[Darthe]:oscore 
Mon Jul 13 04:55:24 2009 :[Darthe]:oscore 
Mon Jul 13 04:55:25 2009 :[Darthe]:oscore 
Mon Jul 13 04:55:26 2009 :[Darthe]:oscore 
Mon Jul 13 04:57:40 2009 :[Darthe]:i
Mon Jul 13 05:04:31 2009 :[Darthe]:l
Mon Jul 13 05:04:33 2009 :[Darthe]:wak
Mon Jul 13 05:04:35 2009 :[Darthe]:who
Mon Jul 13 05:04:37 2009 :[Darthe]:i
Mon Jul 13 05:04:47 2009 :[Darthe]:l
Mon Jul 13 05:04:48 2009 :[Darthe]:oscore 
Mon Jul 13 05:04:50 2009 :[Darthe]:l
Mon Jul 13 05:04:57 2009 :[Darthe]:ooc finally not drunk
Mon Jul 13 05:04:59 2009 :[Darthe]:sco
Mon Jul 13 05:05:00 2009 :[Darthe]:e
Mon Jul 13 05:05:01 2009 :[Darthe]:e
Mon Jul 13 05:05:02 2009 :[Darthe]:e
Mon Jul 13 05:05:02 2009 :[Darthe]:e
Mon Jul 13 05:05:03 2009 :[Darthe]:e
Mon Jul 13 05:05:03 2009 :[Darthe]:e
Mon Jul 13 05:05:04 2009 :[Darthe]:e
Mon Jul 13 05:05:04 2009 :[Darthe]:e
Mon Jul 13 05:05:05 2009 :[Darthe]:e
Mon Jul 13 05:05:06 2009 :[Darthe]:e
Mon Jul 13 05:05:06 2009 :[Darthe]:e
Mon Jul 13 05:05:08 2009 :[Darthe]:e
Mon Jul 13 05:05:09 2009 :[Darthe]:e
Mon Jul 13 05:05:09 2009 :[Darthe]:e
Mon Jul 13 05:05:10 2009 :[Darthe]:e
Mon Jul 13 05:05:15 2009 :[Darthe]:e
Mon Jul 13 05:05:20 2009 :[Darthe]:ope east
Mon Jul 13 05:05:20 2009 :[Darthe]:e
Mon Jul 13 05:05:22 2009 :[Darthe]:e
Mon Jul 13 05:05:23 2009 :[Darthe]:e
Mon Jul 13 05:05:24 2009 :[Darthe]:w
Mon Jul 13 05:05:25 2009 :[Darthe]:w
Mon Jul 13 05:05:29 2009 :[Darthe]:rem dagger
Mon Jul 13 05:05:34 2009 :[Darthe]:get banner bag
Mon Jul 13 05:05:40 2009 :[Darthe]:hold banner
Mon Jul 13 05:05:41 2009 :[Darthe]:sco
Mon Jul 13 05:05:42 2009 :[Darthe]:l
Mon Jul 13 05:05:43 2009 :[Darthe]:e
Mon Jul 13 05:05:47 2009 :[Darthe]:w
Mon Jul 13 05:05:48 2009 :[Darthe]:e
Mon Jul 13 05:05:49 2009 :[Darthe]:n
Mon Jul 13 05:05:50 2009 :[Darthe]:w
Mon Jul 13 05:05:51 2009 :[Darthe]:n
Mon Jul 13 05:05:54 2009 :[Darthe]:w
Mon Jul 13 05:05:54 2009 :[Darthe]:w
Mon Jul 13 05:05:56 2009 :[Darthe]:w
Mon Jul 13 05:05:56 2009 :[Darthe]:w
Mon Jul 13 05:05:57 2009 :[Darthe]:w
Mon Jul 13 05:05:58 2009 :[Darthe]:n
Mon Jul 13 05:05:58 2009 :[Darthe]:n
Mon Jul 13 05:05:59 2009 :[Darthe]:n
Mon Jul 13 05:05:59 2009 :[Darthe]:n
Mon Jul 13 05:06:00 2009 :[Darthe]:n
Mon Jul 13 05:06:01 2009 :[Darthe]:n
Mon Jul 13 05:06:01 2009 :[Darthe]:n
Mon Jul 13 05:06:03 2009 :[Darthe]:w
Mon Jul 13 05:06:04 2009 :[Darthe]:w
Mon Jul 13 05:06:05 2009 :[Darthe]:n
Mon Jul 13 05:06:06 2009 :[Darthe]:w
Mon Jul 13 05:06:07 2009 :[Darthe]:w
Mon Jul 13 05:06:07 2009 :[Darthe]:w
Mon Jul 13 05:06:08 2009 :[Darthe]:w
Mon Jul 13 05:06:08 2009 :[Darthe]:w
Mon Jul 13 05:06:10 2009 :[Darthe]:n
Mon Jul 13 05:06:11 2009 :[Darthe]:n
Mon Jul 13 05:06:11 2009 :[Darthe]:n
Mon Jul 13 05:06:12 2009 :[Darthe]:n
Mon Jul 13 05:06:12 2009 :[Darthe]:n
Mon Jul 13 05:06:12 2009 :[Darthe]:n
Mon Jul 13 05:06:13 2009 :[Darthe]:n
Mon Jul 13 05:06:15 2009 :[Darthe]:w
Mon Jul 13 05:06:15 2009 :[Darthe]:w
Mon Jul 13 05:06:16 2009 :[Darthe]:w
Mon Jul 13 05:06:17 2009 :[Darthe]:w
Mon Jul 13 05:06:19 2009 :[Darthe]:e
Mon Jul 13 05:06:19 2009 :[Darthe]:e
Mon Jul 13 05:06:20 2009 :[Darthe]:e
Mon Jul 13 05:06:20 2009 :[Darthe]:e
Mon Jul 13 05:06:21 2009 :[Darthe]:e
Mon Jul 13 05:06:21 2009 :[Darthe]:e
Mon Jul 13 05:06:22 2009 :[Darthe]:e
Mon Jul 13 05:06:25 2009 :[Darthe]:n
Mon Jul 13 05:06:25 2009 :[Darthe]:n
Mon Jul 13 05:06:26 2009 :[Darthe]:n
Mon Jul 13 05:06:26 2009 :[Darthe]:n
Mon Jul 13 05:06:27 2009 :[Darthe]:n
Mon Jul 13 05:06:28 2009 :[Darthe]:n
Mon Jul 13 05:06:28 2009 :[Darthe]:n
Mon Jul 13 05:06:29 2009 :[Darthe]:n
Mon Jul 13 05:06:48 2009 :[Darthe]:n
Mon Jul 13 05:06:50 2009 :[Darthe]:flee
Mon Jul 13 05:07:02 2009 :[Darthe]:eq
Mon Jul 13 05:07:09 2009 :[Darthe]:rem banner
Mon Jul 13 05:07:12 2009 :[Darthe]:wear banner
Mon Jul 13 05:07:13 2009 :[Darthe]:l
Mon Jul 13 05:07:14 2009 :[Darthe]:s
Mon Jul 13 05:07:16 2009 :[Darthe]:e
Mon Jul 13 05:07:16 2009 :[Darthe]:e
Mon Jul 13 05:07:17 2009 :[Darthe]:e
Mon Jul 13 05:07:19 2009 :[Darthe]:n
Mon Jul 13 05:07:19 2009 :[Darthe]:n
Mon Jul 13 05:07:20 2009 :[Darthe]:n
Mon Jul 13 05:07:20 2009 :[Darthe]:n
Mon Jul 13 05:07:22 2009 :[Darthe]:slee
Mon Jul 13 05:07:23 2009 :[Darthe]:sco
Mon Jul 13 05:07:26 2009 :[Darthe]:l
Mon Jul 13 05:07:32 2009 :[Darthe]:who
Mon Jul 13 05:07:37 2009 :[Darthe]:who
Mon Jul 13 05:07:39 2009 :[Darthe]:i
Mon Jul 13 05:07:52 2009 :[Darthe]:eq
Mon Jul 13 05:07:54 2009 :[Darthe]:sci
Mon Jul 13 05:07:57 2009 :[Darthe]:sco
Mon Jul 13 05:07:58 2009 :[Darthe]:l
Mon Jul 13 05:08:00 2009 :[Darthe]:l
Mon Jul 13 05:08:01 2009 :[Darthe]:wak
Mon Jul 13 05:08:02 2009 :[Darthe]:n
Mon Jul 13 05:08:02 2009 :[Darthe]:n
Mon Jul 13 05:08:05 2009 :[Darthe]:s
Mon Jul 13 05:08:06 2009 :[Darthe]:e
Mon Jul 13 05:08:07 2009 :[Darthe]:e
Mon Jul 13 05:08:07 2009 :[Darthe]:e
Mon Jul 13 05:08:08 2009 :[Darthe]:e
Mon Jul 13 05:08:08 2009 :[Darthe]:e
Mon Jul 13 05:08:09 2009 :[Darthe]:w
Mon Jul 13 05:08:10 2009 :[Darthe]:w
Mon Jul 13 05:08:10 2009 :[Darthe]:w
Mon Jul 13 05:08:11 2009 :[Darthe]:w
Mon Jul 13 05:08:11 2009 :[Darthe]:w
Mon Jul 13 05:08:12 2009 :[Darthe]:w
Mon Jul 13 05:08:15 2009 :[Darthe]:get recall bag
Mon Jul 13 05:08:18 2009 :[Darthe]:qua recall
Mon Jul 13 05:08:20 2009 :[Darthe]:e
Mon Jul 13 05:08:22 2009 :[Darthe]:ex
Mon Jul 13 05:08:25 2009 :[Darthe]:s
Mon Jul 13 05:08:27 2009 :[Darthe]:heal
Mon Jul 13 05:08:28 2009 :[Darthe]:s
Mon Jul 13 05:08:30 2009 :[Darthe]:n
Mon Jul 13 05:08:30 2009 :[Darthe]:n
Mon Jul 13 05:08:33 2009 :[Darthe]:heal
Mon Jul 13 05:08:33 2009 :[Darthe]:n
Mon Jul 13 05:08:36 2009 :[Darthe]:heal
Mon Jul 13 05:08:40 2009 :[Darthe]:heal re
Mon Jul 13 05:08:43 2009 :[Darthe]:heal re
Mon Jul 13 05:08:47 2009 :[Darthe]:get fly bag
Mon Jul 13 05:08:50 2009 :[Darthe]:qua fly
Mon Jul 13 05:08:52 2009 :[Darthe]:who
Mon Jul 13 05:08:53 2009 :[Darthe]:l
Mon Jul 13 05:08:55 2009 :[Darthe]:where
Mon Jul 13 05:08:57 2009 :[Darthe]:whoe
Mon Jul 13 05:08:59 2009 :[Darthe]:l
Mon Jul 13 05:09:00 2009 :[Darthe]:s
Mon Jul 13 05:09:01 2009 :[Darthe]:s
Mon Jul 13 05:09:03 2009 :[Darthe]:s
Mon Jul 13 05:09:04 2009 :[Darthe]:s
Mon Jul 13 05:09:06 2009 :[Darthe]:dr
Mon Jul 13 05:09:08 2009 :[Darthe]:dr
Mon Jul 13 05:09:11 2009 :[Darthe]:aff
Mon Jul 13 05:09:12 2009 :[Darthe]:l
Mon Jul 13 05:09:14 2009 :[Darthe]:l
Mon Jul 13 05:09:15 2009 :[Darthe]:e
Mon Jul 13 05:09:16 2009 :[Darthe]:e
Mon Jul 13 05:09:17 2009 :[Darthe]:e
Mon Jul 13 05:09:17 2009 :[Darthe]:e
Mon Jul 13 05:09:18 2009 :[Darthe]:e
Mon Jul 13 05:09:18 2009 :[Darthe]:e
Mon Jul 13 05:09:19 2009 :[Darthe]:e
Mon Jul 13 05:09:19 2009 :[Darthe]:e
Mon Jul 13 05:09:20 2009 :[Darthe]:e
Mon Jul 13 05:09:20 2009 :[Darthe]:e
Mon Jul 13 05:09:21 2009 :[Darthe]:e
Mon Jul 13 05:09:22 2009 :[Darthe]:e
Mon Jul 13 05:09:22 2009 :[Darthe]:e
Mon Jul 13 05:09:23 2009 :[Darthe]:e
Mon Jul 13 05:09:24 2009 :[Darthe]:e
Mon Jul 13 05:09:25 2009 :[Darthe]:n
Mon Jul 13 05:09:27 2009 :[Darthe]:n
Mon Jul 13 05:09:31 2009 :[Darthe]:rem ban
Mon Jul 13 05:09:35 2009 :[Darthe]:dual dag
Mon Jul 13 05:09:37 2009 :[Darthe]:s
Mon Jul 13 05:09:38 2009 :[Darthe]:s
Mon Jul 13 05:09:41 2009 :[Darthe]:e
Mon Jul 13 05:09:44 2009 :[Darthe]:ope gate
Mon Jul 13 05:09:44 2009 :[Darthe]:e
Mon Jul 13 05:09:47 2009 :[Darthe]:ope east
Mon Jul 13 05:09:47 2009 :[Darthe]:e
Mon Jul 13 05:09:49 2009 :[Darthe]:e
Mon Jul 13 05:09:50 2009 :[Darthe]:w
Mon Jul 13 05:09:51 2009 :[Darthe]:time
Mon Jul 13 05:09:54 2009 :[Darthe]:sco
Mon Jul 13 05:09:57 2009 :[Darthe]:who
Mon Jul 13 05:13:51 2009 :[Darthe]:get pie bag
Mon Jul 13 05:13:53 2009 :[Darthe]:eat pie
Mon Jul 13 05:13:55 2009 :[Darthe]:who
Mon Jul 13 05:13:56 2009 :[Darthe]:e
Mon Jul 13 05:13:57 2009 :[Darthe]:w
Mon Jul 13 05:13:59 2009 :[Darthe]:time
Mon Jul 13 05:14:00 2009 :[Darthe]:w
Mon Jul 13 05:14:01 2009 :[Darthe]:w
Mon Jul 13 05:14:02 2009 :[Darthe]:w
Mon Jul 13 05:14:03 2009 :[Darthe]:w
Mon Jul 13 05:14:03 2009 :[Darthe]:w
Mon Jul 13 05:14:04 2009 :[Darthe]:w
Mon Jul 13 05:14:04 2009 :[Darthe]:w
Mon Jul 13 05:14:05 2009 :[Darthe]:w
Mon Jul 13 05:14:05 2009 :[Darthe]:w
Mon Jul 13 05:14:06 2009 :[Darthe]:w
Mon Jul 13 05:14:06 2009 :[Darthe]:w
Mon Jul 13 05:14:07 2009 :[Darthe]:w
Mon Jul 13 05:14:08 2009 :[Darthe]:w
Mon Jul 13 05:14:10 2009 :[Darthe]:ex
Mon Jul 13 05:14:12 2009 :[Darthe]:w
Mon Jul 13 05:14:13 2009 :[Darthe]:n
Mon Jul 13 05:14:14 2009 :[Darthe]:s
Mon Jul 13 05:14:15 2009 :[Darthe]:w
Mon Jul 13 05:14:17 2009 :[Darthe]:w
Mon Jul 13 05:14:17 2009 :[Darthe]:w
Mon Jul 13 05:14:19 2009 :[Darthe]:ex
Mon Jul 13 05:14:20 2009 :[Darthe]:w
Mon Jul 13 05:14:21 2009 :[Darthe]:ex
Mon Jul 13 05:14:22 2009 :[Darthe]:w
Mon Jul 13 05:14:23 2009 :[Darthe]:ex
Mon Jul 13 05:14:23 2009 :[Darthe]:w
Mon Jul 13 05:14:24 2009 :[Darthe]:ex
Mon Jul 13 05:14:26 2009 :[Darthe]:n
Mon Jul 13 05:14:28 2009 :[Darthe]:lis
Mon Jul 13 05:14:33 2009 :[Darthe]:buy pie
Mon Jul 13 05:14:34 2009 :[Darthe]:buy pie
Mon Jul 13 05:14:34 2009 :[Darthe]:buy pie
Mon Jul 13 05:14:34 2009 :[Darthe]:buy pie
Mon Jul 13 05:14:35 2009 :[Darthe]:buy pie
Mon Jul 13 05:14:35 2009 :[Darthe]:buy pie
Mon Jul 13 05:14:35 2009 :[Darthe]:buy pie
Mon Jul 13 05:14:35 2009 :[Darthe]:buy pie
Mon Jul 13 05:14:37 2009 :[Darthe]:eat pie
Mon Jul 13 05:14:38 2009 :[Darthe]:eat pie
Mon Jul 13 05:14:38 2009 :[Darthe]:eat pie
Mon Jul 13 05:14:40 2009 :[Darthe]:i
Mon Jul 13 05:14:48 2009 :[Darthe]:dri vial
Mon Jul 13 05:14:55 2009 :[Darthe]:drop vial
Mon Jul 13 05:14:55 2009 :[Darthe]:drop vial
Mon Jul 13 05:15:02 2009 :[Darthe]:put all bag
Mon Jul 13 05:15:03 2009 :[Darthe]:who
Mon Jul 13 05:15:05 2009 :[Darthe]:rw
Mon Jul 13 05:15:06 2009 :[Darthe]:l
Mon Jul 13 05:15:08 2009 :[Darthe]:who
Mon Jul 13 05:15:13 2009 :[Darthe]:l
Mon Jul 13 05:15:14 2009 :[Darthe]:w
Mon Jul 13 05:15:15 2009 :[Darthe]:s
Mon Jul 13 05:15:16 2009 :[Darthe]:w
Mon Jul 13 05:15:17 2009 :[Darthe]:w
Mon Jul 13 05:15:18 2009 :[Darthe]:ex
Mon Jul 13 05:15:21 2009 :[Darthe]:w
Mon Jul 13 05:15:22 2009 :[Darthe]:ex
Mon Jul 13 05:15:24 2009 :[Darthe]:n
Mon Jul 13 05:15:26 2009 :[Darthe]:s
Mon Jul 13 05:15:27 2009 :[Darthe]:w
Mon Jul 13 05:15:27 2009 :[Darthe]:w
Mon Jul 13 05:15:28 2009 :[Darthe]:w
Mon Jul 13 05:15:28 2009 :[Darthe]:w
Mon Jul 13 05:15:29 2009 :[Darthe]:w
Mon Jul 13 05:15:29 2009 :[Darthe]:w
Mon Jul 13 05:15:30 2009 :[Darthe]:w
Mon Jul 13 05:15:31 2009 :[Darthe]:w
Mon Jul 13 05:15:32 2009 :[Darthe]:w
Mon Jul 13 05:15:36 2009 :[Darthe]:ope gate
Mon Jul 13 05:15:36 2009 :[Darthe]:w
Mon Jul 13 05:15:37 2009 :[Darthe]:w
Mon Jul 13 05:15:38 2009 :[Darthe]:e
Mon Jul 13 05:15:41 2009 :[Darthe]:time
Mon Jul 13 05:15:44 2009 :[Darthe]:who
Mon Jul 13 05:16:01 2009 :[Darthe]:ooc heyas Agrenam
Mon Jul 13 05:16:02 2009 :[Darthe]:who
Mon Jul 13 05:16:03 2009 :[Darthe]:e
Mon Jul 13 05:16:04 2009 :[Darthe]:e
Mon Jul 13 05:16:04 2009 :[Darthe]:e
Mon Jul 13 05:16:05 2009 :[Darthe]:e
Mon Jul 13 05:16:05 2009 :[Darthe]:e
Mon Jul 13 05:16:06 2009 :[Darthe]:e
Mon Jul 13 05:16:06 2009 :[Darthe]:e
Mon Jul 13 05:16:07 2009 :[Darthe]:e
Mon Jul 13 05:16:07 2009 :[Darthe]:e
Mon Jul 13 05:16:08 2009 :[Darthe]:e
Mon Jul 13 05:16:08 2009 :[Darthe]:e
Mon Jul 13 05:16:09 2009 :[Darthe]:e
Mon Jul 13 05:16:10 2009 :[Darthe]:e
Mon Jul 13 05:16:11 2009 :[Darthe]:e
Mon Jul 13 05:16:12 2009 :[Darthe]:e
Mon Jul 13 05:16:12 2009 :[Darthe]:e
Mon Jul 13 05:16:16 2009 :[Darthe]:where
Mon Jul 13 05:16:38 2009 :[Darthe]:ooc any ideas of where i can go to exp... New here
Mon Jul 13 05:16:39 2009 :[Darthe]:sco
Mon Jul 13 05:16:40 2009 :[Darthe]:eq
Mon Jul 13 05:16:42 2009 :[Darthe]:sco
Mon Jul 13 05:16:51 2009 :[Darthe]:ooc evil
Mon Jul 13 05:16:53 2009 :[Darthe]:sco
Mon Jul 13 05:17:04 2009 :[Darthe]:eq
Mon Jul 13 05:17:06 2009 :[Darthe]:oscore 
Mon Jul 13 05:17:10 2009 :[Darthe]:sco
Mon Jul 13 05:17:13 2009 :[Darthe]:eq
Mon Jul 13 05:17:18 2009 :[Darthe]:eq
Mon Jul 13 05:17:19 2009 :[Darthe]:l
Mon Jul 13 05:17:30 2009 :[Darthe]:fol agrenam
Mon Jul 13 05:17:56 2009 :[Darthe]:list
Mon Jul 13 05:18:01 2009 :[Darthe]:k thae
Mon Jul 13 05:18:21 2009 :[Darthe]:get clay bag
Mon Jul 13 05:18:33 2009 :[Darthe]:get shield bag
Mon Jul 13 05:18:38 2009 :[Darthe]:rem dag
Mon Jul 13 05:18:40 2009 :[Darthe]:rem mace
Mon Jul 13 05:18:42 2009 :[Darthe]:wie clay
Mon Jul 13 05:18:45 2009 :[Darthe]:wear shield
Mon Jul 13 05:18:51 2009 :[Darthe]:l
Mon Jul 13 05:18:53 2009 :[Darthe]:get clay
Mon Jul 13 05:18:55 2009 :[Darthe]:wie cla
Mon Jul 13 05:19:09 2009 :[Darthe]:crush
Mon Jul 13 05:19:19 2009 :[Darthe]:wie mace
Mon Jul 13 05:19:36 2009 :[Darthe]:durem shield
Mon Jul 13 05:19:39 2009 :[Darthe]:rem shield
Mon Jul 13 05:19:42 2009 :[Darthe]:dual dag
Mon Jul 13 05:19:48 2009 :[Darthe]:st
Mon Jul 13 05:19:55 2009 :[Darthe]:st
Mon Jul 13 05:19:57 2009 :[Darthe]:l
Mon Jul 13 05:20:00 2009 :[Darthe]:get go
Mon Jul 13 05:20:03 2009 :[Darthe]:nod
Mon Jul 13 05:20:07 2009 :[Darthe]:rem dag
Mon Jul 13 05:20:09 2009 :[Darthe]:wear shield
Mon Jul 13 05:20:10 2009 :[Darthe]:sco
Mon Jul 13 05:20:12 2009 :[Darthe]:comp mace
Mon Jul 13 05:20:15 2009 :[Darthe]:i
Mon Jul 13 05:20:16 2009 :[Darthe]:get mace
Mon Jul 13 05:20:17 2009 :[Darthe]:get mace
Mon Jul 13 05:20:22 2009 :[Darthe]:i
Mon Jul 13 05:20:24 2009 :[Darthe]:eq
Mon Jul 13 05:20:32 2009 :[Darthe]:dual mace
Mon Jul 13 05:20:34 2009 :[Darthe]:l
Mon Jul 13 05:20:36 2009 :[Darthe]:k da
Mon Jul 13 05:20:40 2009 :[Darthe]:k dan
Mon Jul 13 05:20:50 2009 :[Darthe]:comp mace
Mon Jul 13 05:20:56 2009 :[Darthe]:get mace
Mon Jul 13 05:20:57 2009 :[Darthe]:wiel mace
Mon Jul 13 05:21:26 2009 :[Darthe]:wie mace
Mon Jul 13 05:21:31 2009 :[Darthe]:grumble
Mon Jul 13 05:22:08 2009 :[Darthe]:get go
Mon Jul 13 05:22:09 2009 :[Darthe]:l
Mon Jul 13 05:22:19 2009 :[Darthe]:alias
Mon Jul 13 05:22:23 2009 :[Darthe]:bash ben
Mon Jul 13 05:22:27 2009 :[Darthe]:dirt 
Mon Jul 13 05:22:29 2009 :[Darthe]:dirt 
Mon Jul 13 05:22:34 2009 :[Darthe]:trip 
Mon Jul 13 05:22:36 2009 :[Darthe]:dirt 
Mon Jul 13 05:22:40 2009 :[Darthe]:trip 
Mon Jul 13 05:22:41 2009 :[Darthe]:get mace
Mon Jul 13 05:22:41 2009 :[Darthe]:wield mace
Mon Jul 13 05:22:45 2009 :[Darthe]:trip 
Mon Jul 13 05:22:55 2009 :[Darthe]:trip 
Mon Jul 13 05:23:07 2009 :[Darthe]:trip 
Mon Jul 13 05:23:17 2009 :[Darthe]:i
Mon Jul 13 05:23:22 2009 :[Darthe]:trip 
Mon Jul 13 05:23:25 2009 :[Darthe]:dirt 
Mon Jul 13 05:23:39 2009 :[Darthe]:score
Mon Jul 13 05:23:43 2009 :[Darthe]:who
Mon Jul 13 05:23:45 2009 :[Darthe]:get gol
Mon Jul 13 05:23:46 2009 :[Darthe]:l
Mon Jul 13 05:23:58 2009 :[Darthe]:bash geo
Mon Jul 13 05:24:09 2009 :[Darthe]:ll
Mon Jul 13 05:24:11 2009 :[Darthe]:l
Mon Jul 13 05:24:17 2009 :[Darthe]:l
Mon Jul 13 05:24:25 2009 :[Darthe]:l
Mon Jul 13 05:24:34 2009 :[Darthe]:l geor
Mon Jul 13 05:24:42 2009 :[Darthe]:get mace
Mon Jul 13 05:24:42 2009 :[Darthe]:wield mace
Mon Jul 13 05:24:43 2009 :[Darthe]:dirt 
Mon Jul 13 05:24:50 2009 :[Darthe]:trip 
Mon Jul 13 05:25:24 2009 :[Darthe]:l
Mon Jul 13 05:25:25 2009 :[Darthe]:get gol
Mon Jul 13 05:25:28 2009 :[Darthe]:sco
Mon Jul 13 05:25:35 2009 :[Darthe]:l
Mon Jul 13 05:25:48 2009 :[Darthe]:ooc thanks
Mon Jul 13 05:25:50 2009 :[Darthe]:l
Mon Jul 13 05:25:51 2009 :[Darthe]:sco
Mon Jul 13 05:25:57 2009 :[Darthe]:nod
Mon Jul 13 05:25:58 2009 :[Darthe]:sco
Mon Jul 13 05:26:10 2009 :[Darthe]:prac
Mon Jul 13 05:26:35 2009 :[Darthe]:ex
Mon Jul 13 05:26:36 2009 :[Darthe]:l
Mon Jul 13 05:26:38 2009 :[Darthe]:l
Mon Jul 13 05:26:39 2009 :[Darthe]:s
Mon Jul 13 05:26:40 2009 :[Darthe]:n
Mon Jul 13 05:26:42 2009 :[Darthe]:save
Mon Jul 13 05:26:47 2009 :[Darthe]:who
Mon Jul 13 05:26:59 2009 :[Darthe]:ooc brb gotta see the wife off to work
Mon Jul 13 05:27:02 2009 :[Darthe]:quit
Mon Jul 13 16:27:49 2009 :[Darthe]:who
Mon Jul 13 16:27:55 2009 :[Darthe]:ooc lo all
Mon Jul 13 16:27:56 2009 :[Darthe]:l
Mon Jul 13 16:27:57 2009 :[Darthe]:l
Mon Jul 13 16:27:58 2009 :[Darthe]:s
Mon Jul 13 16:28:03 2009 :[Darthe]:w
Mon Jul 13 16:28:04 2009 :[Darthe]:ex
Mon Jul 13 16:28:07 2009 :[Darthe]:w
Mon Jul 13 16:28:08 2009 :[Darthe]:ex
Mon Jul 13 16:28:11 2009 :[Darthe]:e
Mon Jul 13 16:28:11 2009 :[Darthe]:e
Mon Jul 13 16:28:14 2009 :[Darthe]:n
Mon Jul 13 16:28:16 2009 :[Darthe]:a
Mon Jul 13 16:28:16 2009 :[Darthe]:s
Mon Jul 13 16:28:51 2009 :[Darthe]:ooc nothing much just trying to get some levels....fairly new here
Mon Jul 13 16:28:54 2009 :[Darthe]:who
Mon Jul 13 16:29:51 2009 :[Darthe]:ooc evil
Mon Jul 13 16:30:28 2009 :[Darthe]:ooc was shown what mobs to kill thalos now just got to find them again
Mon Jul 13 16:31:19 2009 :[Darthe]:ooc shop keepers I think
Mon Jul 13 16:31:20 2009 :[Darthe]:l
Mon Jul 13 16:31:21 2009 :[Darthe]:w
Mon Jul 13 16:31:22 2009 :[Darthe]:e
Mon Jul 13 16:31:23 2009 :[Darthe]:e
Mon Jul 13 16:31:23 2009 :[Darthe]:e
Mon Jul 13 16:31:24 2009 :[Darthe]:e
Mon Jul 13 16:31:26 2009 :[Darthe]:w
Mon Jul 13 16:31:26 2009 :[Darthe]:w
Mon Jul 13 16:31:27 2009 :[Darthe]:w
Mon Jul 13 16:31:27 2009 :[Darthe]:w
Mon Jul 13 16:31:30 2009 :[Darthe]:s
Mon Jul 13 16:31:32 2009 :[Darthe]:s
Mon Jul 13 16:31:33 2009 :[Darthe]:s
Mon Jul 13 16:31:34 2009 :[Darthe]:ex
Mon Jul 13 16:31:35 2009 :[Darthe]:w
Mon Jul 13 16:31:36 2009 :[Darthe]:w
Mon Jul 13 16:31:37 2009 :[Darthe]:ex
Mon Jul 13 16:31:40 2009 :[Darthe]:s
Mon Jul 13 16:31:42 2009 :[Darthe]:n
Mon Jul 13 16:31:43 2009 :[Darthe]:e
Mon Jul 13 16:31:44 2009 :[Darthe]:e
Mon Jul 13 16:31:45 2009 :[Darthe]:n
Mon Jul 13 16:31:45 2009 :[Darthe]:n
Mon Jul 13 16:31:46 2009 :[Darthe]:n
Mon Jul 13 16:31:47 2009 :[Darthe]:e
Mon Jul 13 16:31:48 2009 :[Darthe]:n
Mon Jul 13 16:31:51 2009 :[Darthe]:s
Mon Jul 13 16:32:05 2009 :[Darthe]:ooc The Grand Gate of Thalos
Mon Jul 13 16:32:47 2009 :[Darthe]:who
Mon Jul 13 16:35:43 2009 :[Darthe]:l
Mon Jul 13 16:35:45 2009 :[Darthe]:w
Mon Jul 13 16:35:45 2009 :[Darthe]:w
Mon Jul 13 16:35:47 2009 :[Darthe]:ex
Mon Jul 13 16:35:50 2009 :[Darthe]:where ben
Mon Jul 13 16:35:53 2009 :[Darthe]:w
Mon Jul 13 16:35:54 2009 :[Darthe]:ex
Mon Jul 13 16:35:59 2009 :[Darthe]:w
Mon Jul 13 16:36:00 2009 :[Darthe]:ex
Mon Jul 13 16:36:01 2009 :[Darthe]:e
Mon Jul 13 16:36:02 2009 :[Darthe]:s
Mon Jul 13 16:36:03 2009 :[Darthe]:s
Mon Jul 13 16:36:04 2009 :[Darthe]:ex
Mon Jul 13 16:36:07 2009 :[Darthe]:w
Mon Jul 13 16:36:12 2009 :[Darthe]:k ben
Mon Jul 13 16:36:21 2009 :[Darthe]:who
Mon Jul 13 16:36:56 2009 :[Darthe]:get mace
Mon Jul 13 16:36:57 2009 :[Darthe]:wield mace
Mon Jul 13 16:37:02 2009 :[Darthe]:get mace
Mon Jul 13 16:37:03 2009 :[Darthe]:wield mace
Mon Jul 13 16:50:58 2009 :[Darthe]:k ben
Mon Jul 13 16:52:12 2009 :[Darthe]:i
Mon Jul 13 16:52:15 2009 :[Darthe]:get pie bag
Mon Jul 13 16:52:19 2009 :[Darthe]:get pie bag
Mon Jul 13 16:52:22 2009 :[Darthe]:eat pie
Mon Jul 13 16:52:22 2009 :[Darthe]:eat pie
Mon Jul 13 16:52:24 2009 :[Darthe]:l
Mon Jul 13 16:52:26 2009 :[Darthe]:dri wa
Mon Jul 13 16:52:28 2009 :[Darthe]:get all
Mon Jul 13 16:52:30 2009 :[Darthe]:con gua
Mon Jul 13 16:52:38 2009 :[Darthe]:k gu
Mon Jul 13 16:52:50 2009 :[Darthe]:l
Mon Jul 13 16:53:00 2009 :[Darthe]:who
Mon Jul 13 16:53:10 2009 :[Darthe]:get go
Mon Jul 13 16:53:11 2009 :[Darthe]:l
Mon Jul 13 16:53:14 2009 :[Darthe]:e
Mon Jul 13 16:53:15 2009 :[Darthe]:ex
Mon Jul 13 16:53:18 2009 :[Darthe]:w
Mon Jul 13 16:53:18 2009 :[Darthe]:e
Mon Jul 13 16:53:19 2009 :[Darthe]:s
Mon Jul 13 16:53:20 2009 :[Darthe]:ex
Mon Jul 13 16:53:22 2009 :[Darthe]:w
Mon Jul 13 16:53:24 2009 :[Darthe]:e
Mon Jul 13 16:53:26 2009 :[Darthe]:ex
Mon Jul 13 16:53:28 2009 :[Darthe]:e
Mon Jul 13 16:53:31 2009 :[Darthe]:lis
Mon Jul 13 16:53:33 2009 :[Darthe]:k da
Mon Jul 13 16:53:36 2009 :[Darthe]:k dan
Mon Jul 13 16:54:13 2009 :[Darthe]:get mace
Mon Jul 13 16:54:13 2009 :[Darthe]:wield mace
Mon Jul 13 16:54:57 2009 :[Darthe]:l
Mon Jul 13 16:54:59 2009 :[Darthe]:get go
Mon Jul 13 16:55:00 2009 :[Darthe]:l
Mon Jul 13 16:55:01 2009 :[Darthe]:w
Mon Jul 13 16:55:02 2009 :[Darthe]:s
Mon Jul 13 16:55:03 2009 :[Darthe]:ex
Mon Jul 13 16:55:04 2009 :[Darthe]:e
Mon Jul 13 16:55:06 2009 :[Darthe]:w
Mon Jul 13 16:55:06 2009 :[Darthe]:w
Mon Jul 13 16:55:07 2009 :[Darthe]:e
Mon Jul 13 16:55:08 2009 :[Darthe]:s
Mon Jul 13 16:55:12 2009 :[Darthe]:cons tha
Mon Jul 13 16:55:16 2009 :[Darthe]:k tha
Mon Jul 13 17:01:20 2009 :[Darthe]:l
Mon Jul 13 17:01:26 2009 :[Darthe]:get gol
Mon Jul 13 17:01:27 2009 :[Darthe]:b
Mon Jul 13 17:01:28 2009 :[Darthe]:n
Mon Jul 13 17:01:29 2009 :[Darthe]:sca
Mon Jul 13 17:01:29 2009 :[Darthe]:w
Mon Jul 13 17:01:31 2009 :[Darthe]:e
Mon Jul 13 17:01:31 2009 :[Darthe]:w
Mon Jul 13 17:01:32 2009 :[Darthe]:w
Mon Jul 13 17:01:33 2009 :[Darthe]:ex
Mon Jul 13 17:01:35 2009 :[Darthe]:n
Mon Jul 13 17:01:36 2009 :[Darthe]:s
Mon Jul 13 17:01:37 2009 :[Darthe]:e
Mon Jul 13 17:01:37 2009 :[Darthe]:e
Mon Jul 13 17:01:38 2009 :[Darthe]:e
Mon Jul 13 17:01:39 2009 :[Darthe]:e
Mon Jul 13 17:01:41 2009 :[Darthe]:n
Mon Jul 13 17:01:41 2009 :[Darthe]:n
Mon Jul 13 17:01:43 2009 :[Darthe]:w
Mon Jul 13 17:01:44 2009 :[Darthe]:e
Mon Jul 13 17:01:44 2009 :[Darthe]:n
Mon Jul 13 17:01:46 2009 :[Darthe]:ex
Mon Jul 13 17:01:48 2009 :[Darthe]:e
Mon Jul 13 17:01:49 2009 :[Darthe]:e
Mon Jul 13 17:01:50 2009 :[Darthe]:w
Mon Jul 13 17:01:51 2009 :[Darthe]:n
Mon Jul 13 17:01:52 2009 :[Darthe]:s
Mon Jul 13 17:01:52 2009 :[Darthe]:w
Mon Jul 13 17:01:54 2009 :[Darthe]:n
Mon Jul 13 17:01:55 2009 :[Darthe]:n
Mon Jul 13 17:01:56 2009 :[Darthe]:n
Mon Jul 13 17:01:57 2009 :[Darthe]:w
Mon Jul 13 17:01:58 2009 :[Darthe]:ex
Mon Jul 13 17:02:00 2009 :[Darthe]:s
Mon Jul 13 17:02:02 2009 :[Darthe]:n
Mon Jul 13 17:02:03 2009 :[Darthe]:w
Mon Jul 13 17:02:04 2009 :[Darthe]:ex
Mon Jul 13 17:02:05 2009 :[Darthe]:w
Mon Jul 13 17:02:06 2009 :[Darthe]:w
Mon Jul 13 17:02:07 2009 :[Darthe]:ex
Mon Jul 13 17:02:10 2009 :[Darthe]:s
Mon Jul 13 17:02:11 2009 :[Darthe]:s
Mon Jul 13 17:02:12 2009 :[Darthe]:ex
Mon Jul 13 17:02:13 2009 :[Darthe]:e
Mon Jul 13 17:02:15 2009 :[Darthe]:s
Mon Jul 13 17:02:16 2009 :[Darthe]:w
Mon Jul 13 17:02:17 2009 :[Darthe]:ex
Mon Jul 13 17:02:19 2009 :[Darthe]:s
Mon Jul 13 17:02:21 2009 :[Darthe]:ex
Mon Jul 13 17:02:25 2009 :[Darthe]:k ge
Mon Jul 13 17:02:31 2009 :[Darthe]:list
Mon Jul 13 17:02:36 2009 :[Darthe]:list
Mon Jul 13 17:02:37 2009 :[Darthe]:list
Mon Jul 13 17:02:38 2009 :[Darthe]:list
Mon Jul 13 17:02:41 2009 :[Darthe]:dri water
Mon Jul 13 17:02:44 2009 :[Darthe]:get wat bag
Mon Jul 13 17:02:47 2009 :[Darthe]:dri wat
Mon Jul 13 17:02:50 2009 :[Darthe]:lis
Mon Jul 13 17:02:52 2009 :[Darthe]:lis
Mon Jul 13 17:02:55 2009 :[Darthe]:who
Mon Jul 13 17:03:06 2009 :[Darthe]:sco
Mon Jul 13 17:03:07 2009 :[Darthe]:l
Mon Jul 13 17:03:10 2009 :[Darthe]:get go
Mon Jul 13 17:03:13 2009 :[Darthe]:dri wa
Mon Jul 13 17:03:14 2009 :[Darthe]:n
Mon Jul 13 17:03:15 2009 :[Darthe]:e
Mon Jul 13 17:03:16 2009 :[Darthe]:e
Mon Jul 13 17:03:16 2009 :[Darthe]:n
Mon Jul 13 17:03:17 2009 :[Darthe]:w
Mon Jul 13 17:03:18 2009 :[Darthe]:n
Mon Jul 13 17:03:19 2009 :[Darthe]:n
Mon Jul 13 17:03:19 2009 :[Darthe]:e
Mon Jul 13 17:03:20 2009 :[Darthe]:e
Mon Jul 13 17:03:21 2009 :[Darthe]:e
Mon Jul 13 17:03:22 2009 :[Darthe]:s
Mon Jul 13 17:03:23 2009 :[Darthe]:n
Mon Jul 13 17:03:23 2009 :[Darthe]:e
Mon Jul 13 17:03:25 2009 :[Darthe]:s
Mon Jul 13 17:03:26 2009 :[Darthe]:s
Mon Jul 13 17:03:27 2009 :[Darthe]:s
Mon Jul 13 17:03:28 2009 :[Darthe]:w
Mon Jul 13 17:03:29 2009 :[Darthe]:e
Mon Jul 13 17:03:30 2009 :[Darthe]:w
Mon Jul 13 17:03:31 2009 :[Darthe]:ex
Mon Jul 13 17:03:32 2009 :[Darthe]:n
Mon Jul 13 17:03:33 2009 :[Darthe]:s
Mon Jul 13 17:03:33 2009 :[Darthe]:w
Mon Jul 13 17:03:34 2009 :[Darthe]:sca
Mon Jul 13 17:03:35 2009 :[Darthe]:ex
Mon Jul 13 17:03:37 2009 :[Darthe]:w
Mon Jul 13 17:03:39 2009 :[Darthe]:n
Mon Jul 13 17:03:40 2009 :[Darthe]:ex
Mon Jul 13 17:03:41 2009 :[Darthe]:e
Mon Jul 13 17:03:42 2009 :[Darthe]:n
Mon Jul 13 17:03:43 2009 :[Darthe]:ex
Mon Jul 13 17:03:46 2009 :[Darthe]:e
Mon Jul 13 17:03:47 2009 :[Darthe]:e
Mon Jul 13 17:03:49 2009 :[Darthe]:w
Mon Jul 13 17:03:49 2009 :[Darthe]:e
Mon Jul 13 17:03:51 2009 :[Darthe]:lis
Mon Jul 13 17:03:53 2009 :[Darthe]:w
Mon Jul 13 17:03:53 2009 :[Darthe]:w
Mon Jul 13 17:03:55 2009 :[Darthe]:n
Mon Jul 13 17:03:56 2009 :[Darthe]:n
Mon Jul 13 17:03:57 2009 :[Darthe]:w
Mon Jul 13 17:03:58 2009 :[Darthe]:ex
Mon Jul 13 17:03:59 2009 :[Darthe]:w
Mon Jul 13 17:04:00 2009 :[Darthe]:w
Mon Jul 13 17:04:00 2009 :[Darthe]:s
Mon Jul 13 17:04:01 2009 :[Darthe]:w
Mon Jul 13 17:04:01 2009 :[Darthe]:s
Mon Jul 13 17:04:03 2009 :[Darthe]:s
Mon Jul 13 17:04:05 2009 :[Darthe]:s
Mon Jul 13 17:04:06 2009 :[Darthe]:ex
Mon Jul 13 17:04:06 2009 :[Darthe]:s
Mon Jul 13 17:04:08 2009 :[Darthe]:s
Mon Jul 13 17:04:09 2009 :[Darthe]:e
Mon Jul 13 17:04:10 2009 :[Darthe]:e
Mon Jul 13 17:04:11 2009 :[Darthe]:ex
Mon Jul 13 17:04:12 2009 :[Darthe]:n
Mon Jul 13 17:04:13 2009 :[Darthe]:n
Mon Jul 13 17:04:14 2009 :[Darthe]:ex
Mon Jul 13 17:04:16 2009 :[Darthe]:e
Mon Jul 13 17:04:17 2009 :[Darthe]:ex
Mon Jul 13 17:04:18 2009 :[Darthe]:n
Mon Jul 13 17:04:19 2009 :[Darthe]:ex
Mon Jul 13 17:04:21 2009 :[Darthe]:e
Mon Jul 13 17:04:23 2009 :[Darthe]:ex
Mon Jul 13 17:04:25 2009 :[Darthe]:e
Mon Jul 13 17:04:27 2009 :[Darthe]:n
Mon Jul 13 17:04:29 2009 :[Darthe]:sco
Mon Jul 13 17:04:47 2009 :[Darthe]:ooc at what lvl do i see my tnl exp?
Mon Jul 13 17:04:49 2009 :[Darthe]:who
Mon Jul 13 17:04:52 2009 :[Darthe]:score
Mon Jul 13 17:05:01 2009 :[Darthe]:prac
Mon Jul 13 17:05:06 2009 :[Darthe]:wort
Mon Jul 13 17:05:11 2009 :[Darthe]:oscore 
Mon Jul 13 17:05:39 2009 :[Darthe]:ooc ah thanks
Mon Jul 13 17:05:44 2009 :[Darthe]:sco
Mon Jul 13 17:05:52 2009 :[Darthe]:eq
Mon Jul 13 17:06:12 2009 :[Darthe]:score
Mon Jul 13 17:06:13 2009 :[Darthe]:w
Mon Jul 13 17:06:14 2009 :[Darthe]:e
Mon Jul 13 17:06:15 2009 :[Darthe]:s
Mon Jul 13 17:06:17 2009 :[Darthe]:where ben
Mon Jul 13 17:06:19 2009 :[Darthe]:l
Mon Jul 13 17:06:20 2009 :[Darthe]:s
Mon Jul 13 17:06:20 2009 :[Darthe]:w
Mon Jul 13 17:06:21 2009 :[Darthe]:s
Mon Jul 13 17:06:22 2009 :[Darthe]:s
Mon Jul 13 17:06:23 2009 :[Darthe]:ex
Mon Jul 13 17:06:24 2009 :[Darthe]:n
Mon Jul 13 17:06:24 2009 :[Darthe]:ex
Mon Jul 13 17:06:26 2009 :[Darthe]:s
Mon Jul 13 17:06:27 2009 :[Darthe]:s
Mon Jul 13 17:06:28 2009 :[Darthe]:ex
Mon Jul 13 17:06:30 2009 :[Darthe]:n
Mon Jul 13 17:06:30 2009 :[Darthe]:n
Mon Jul 13 17:06:31 2009 :[Darthe]:n
Mon Jul 13 17:06:32 2009 :[Darthe]:w
Mon Jul 13 17:06:33 2009 :[Darthe]:s
Mon Jul 13 17:06:33 2009 :[Darthe]:ex
Mon Jul 13 17:06:35 2009 :[Darthe]:s
Mon Jul 13 17:06:36 2009 :[Darthe]:ex
Mon Jul 13 17:06:37 2009 :[Darthe]:n
Mon Jul 13 17:06:37 2009 :[Darthe]:n
Mon Jul 13 17:06:38 2009 :[Darthe]:w
Mon Jul 13 17:06:38 2009 :[Darthe]:s
Mon Jul 13 17:06:39 2009 :[Darthe]:ex
Mon Jul 13 17:06:40 2009 :[Darthe]:s
Mon Jul 13 17:06:40 2009 :[Darthe]:ex
Mon Jul 13 17:06:42 2009 :[Darthe]:w
Mon Jul 13 17:06:46 2009 :[Darthe]:k be
Mon Jul 13 17:06:49 2009 :[Darthe]:prac
Mon Jul 13 17:07:11 2009 :[Darthe]:l
Mon Jul 13 17:07:15 2009 :[Darthe]:who
Mon Jul 13 17:08:11 2009 :[Darthe]:get mace
Mon Jul 13 17:08:11 2009 :[Darthe]:wield mace
Mon Jul 13 17:10:17 2009 :[Darthe]:save
Mon Jul 13 17:10:20 2009 :[Darthe]:who
Mon Jul 13 17:10:21 2009 :[Darthe]:sco
Mon Jul 13 17:10:25 2009 :[Darthe]:oscore 
Mon Jul 13 17:10:29 2009 :[Darthe]:quit
Tue Jul 21 17:11:23 2009 :[Darthe]:who
Tue Jul 21 17:11:33 2009 :[Darthe]:ooc lo all
Tue Jul 21 17:11:35 2009 :[Darthe]:who
Tue Jul 21 17:11:35 2009 :[Darthe]:l
Tue Jul 21 17:11:38 2009 :[Darthe]:k be
Tue Jul 21 17:11:51 2009 :[Darthe]:l
Tue Jul 21 17:11:53 2009 :[Darthe]:get mace
Tue Jul 21 17:11:53 2009 :[Darthe]:wield mace
Tue Jul 21 17:12:03 2009 :[Darthe]:score
Tue Jul 21 17:12:06 2009 :[Darthe]:oscore 
Tue Jul 21 17:12:31 2009 :[Darthe]:l
Tue Jul 21 17:12:35 2009 :[Darthe]:get gold
Tue Jul 21 17:12:37 2009 :[Darthe]:l
Tue Jul 21 17:13:09 2009 :[Darthe]:e
Tue Jul 21 17:13:11 2009 :[Darthe]:s
Tue Jul 21 17:13:12 2009 :[Darthe]:w
Tue Jul 21 17:13:13 2009 :[Darthe]:e
Tue Jul 21 17:13:14 2009 :[Darthe]:e
Tue Jul 21 17:13:16 2009 :[Darthe]:k da
Tue Jul 21 17:13:19 2009 :[Darthe]:k dan
Tue Jul 21 17:13:27 2009 :[Darthe]:who
Tue Jul 21 17:14:10 2009 :[Darthe]:get gold
Tue Jul 21 17:25:41 2009 :[Darthe]:get pie bag
Tue Jul 21 17:25:43 2009 :[Darthe]:eat pie 
Tue Jul 21 17:25:46 2009 :[Darthe]:eat pie 
Tue Jul 21 17:25:48 2009 :[Darthe]:get pie bag
Tue Jul 21 17:25:50 2009 :[Darthe]:eat pie 
Tue Jul 21 17:25:52 2009 :[Darthe]:dri water
Tue Jul 21 17:25:53 2009 :[Darthe]:dri water
Tue Jul 21 17:25:55 2009 :[Darthe]:i
Tue Jul 21 17:25:56 2009 :[Darthe]:l
Tue Jul 21 17:25:59 2009 :[Darthe]:w
Tue Jul 21 17:26:01 2009 :[Darthe]:s
Tue Jul 21 17:26:01 2009 :[Darthe]:w
Tue Jul 21 17:26:02 2009 :[Darthe]:e
Tue Jul 21 17:26:02 2009 :[Darthe]:e
Tue Jul 21 17:26:03 2009 :[Darthe]:w
Tue Jul 21 17:26:04 2009 :[Darthe]:s
Tue Jul 21 17:26:09 2009 :[Darthe]:k tha
Tue Jul 21 17:26:14 2009 :[Darthe]:who
Tue Jul 21 17:26:21 2009 :[Darthe]:ooc lo Varkon
Tue Jul 21 17:26:46 2009 :[Darthe]:get gold
Tue Jul 21 17:27:01 2009 :[Darthe]:n
Tue Jul 21 17:27:03 2009 :[Darthe]:n
Tue Jul 21 17:27:03 2009 :[Darthe]:n
Tue Jul 21 17:27:05 2009 :[Darthe]:w
Tue Jul 21 17:27:07 2009 :[Darthe]:k be
Tue Jul 21 17:27:11 2009 :[Darthe]:who
Tue Jul 21 17:27:20 2009 :[Darthe]:ooc trying to get som levels
Tue Jul 21 17:29:06 2009 :[Darthe]:where
Tue Jul 21 17:29:15 2009 :[Darthe]:l
Tue Jul 21 17:29:16 2009 :[Darthe]:e
Tue Jul 21 17:29:17 2009 :[Darthe]:e
Tue Jul 21 17:29:18 2009 :[Darthe]:w
Tue Jul 21 17:29:19 2009 :[Darthe]:e
Tue Jul 21 17:29:20 2009 :[Darthe]:s
Tue Jul 21 17:29:22 2009 :[Darthe]:n
Tue Jul 21 17:29:22 2009 :[Darthe]:e
Tue Jul 21 17:29:23 2009 :[Darthe]:e
Tue Jul 21 17:29:24 2009 :[Darthe]:w
Tue Jul 21 17:29:24 2009 :[Darthe]:n
Tue Jul 21 17:29:25 2009 :[Darthe]:w
Tue Jul 21 17:29:26 2009 :[Darthe]:e
Tue Jul 21 17:29:26 2009 :[Darthe]:e
Tue Jul 21 17:29:27 2009 :[Darthe]:e
Tue Jul 21 17:29:28 2009 :[Darthe]:n
Tue Jul 21 17:29:32 2009 :[Darthe]:ooc thalos
Tue Jul 21 17:29:34 2009 :[Darthe]:who
Tue Jul 21 17:29:36 2009 :[Darthe]:sco
Tue Jul 21 17:29:45 2009 :[Darthe]:ooc killing thos 4 shop keepers
Tue Jul 21 17:29:48 2009 :[Darthe]:sco
Tue Jul 21 17:29:49 2009 :[Darthe]:sco
Tue Jul 21 17:29:50 2009 :[Darthe]:eq
Tue Jul 21 17:30:26 2009 :[Darthe]:ooc also trying find a good second wield 
Tue Jul 21 17:30:27 2009 :[Darthe]:ii
Tue Jul 21 17:30:30 2009 :[Darthe]:rw
Tue Jul 21 17:30:32 2009 :[Darthe]:eq
Tue Jul 21 17:30:33 2009 :[Darthe]:i
Tue Jul 21 17:30:45 2009 :[Darthe]:rem shield
Tue Jul 21 17:30:48 2009 :[Darthe]:dual dag
Tue Jul 21 17:30:52 2009 :[Darthe]:rem dag
Tue Jul 21 17:30:53 2009 :[Darthe]:prac
Tue Jul 21 17:30:57 2009 :[Darthe]:score
Tue Jul 21 17:31:00 2009 :[Darthe]:l
Tue Jul 21 17:31:03 2009 :[Darthe]:eq
Tue Jul 21 17:31:07 2009 :[Darthe]:wear shield
Tue Jul 21 17:31:08 2009 :[Darthe]:eq
Tue Jul 21 17:31:44 2009 :[Darthe]:bid 10
Tue Jul 21 17:31:49 2009 :[Darthe]:ooc bah
Tue Jul 21 17:31:56 2009 :[Darthe]:ooc was too slow
Tue Jul 21 17:31:58 2009 :[Darthe]:eq
Tue Jul 21 17:32:05 2009 :[Darthe]:who
Tue Jul 21 17:32:14 2009 :[Darthe]:getrecall bag
Tue Jul 21 17:32:17 2009 :[Darthe]:get recall bag
Tue Jul 21 17:32:20 2009 :[Darthe]:qua recall
Tue Jul 21 17:32:21 2009 :[Darthe]:e
Tue Jul 21 17:32:22 2009 :[Darthe]:s
Tue Jul 21 17:32:24 2009 :[Darthe]:s
Tue Jul 21 17:32:25 2009 :[Darthe]:n
Tue Jul 21 17:32:25 2009 :[Darthe]:n
Tue Jul 21 17:32:26 2009 :[Darthe]:e
Tue Jul 21 17:32:27 2009 :[Darthe]:s
Tue Jul 21 17:32:29 2009 :[Darthe]:get mace pit
Tue Jul 21 17:32:35 2009 :[Darthe]:rem shield
Tue Jul 21 17:32:37 2009 :[Darthe]:dual mace
Tue Jul 21 17:32:46 2009 :[Darthe]:ooc bah cant use two of them
Tue Jul 21 17:32:48 2009 :[Darthe]:sco
Tue Jul 21 17:32:48 2009 :[Darthe]:eq
Tue Jul 21 17:32:51 2009 :[Darthe]:i
Tue Jul 21 17:32:55 2009 :[Darthe]:l
Tue Jul 21 17:32:56 2009 :[Darthe]:w
Tue Jul 21 17:32:56 2009 :[Darthe]:n
Tue Jul 21 17:32:57 2009 :[Darthe]:w
Tue Jul 21 17:32:57 2009 :[Darthe]:s
Tue Jul 21 17:32:58 2009 :[Darthe]:s
Tue Jul 21 17:32:59 2009 :[Darthe]:e
Tue Jul 21 17:33:00 2009 :[Darthe]:w
Tue Jul 21 17:33:01 2009 :[Darthe]:s
Tue Jul 21 17:33:01 2009 :[Darthe]:e
Tue Jul 21 17:33:02 2009 :[Darthe]:e
Tue Jul 21 17:33:02 2009 :[Darthe]:s
Tue Jul 21 17:33:03 2009 :[Darthe]:e
Tue Jul 21 17:33:03 2009 :[Darthe]:s
Tue Jul 21 17:33:04 2009 :[Darthe]:w
Tue Jul 21 17:33:06 2009 :[Darthe]:e
Tue Jul 21 17:33:07 2009 :[Darthe]:s
Tue Jul 21 17:33:09 2009 :[Darthe]:ex
Tue Jul 21 17:33:10 2009 :[Darthe]:e
Tue Jul 21 17:33:11 2009 :[Darthe]:e
Tue Jul 21 17:33:12 2009 :[Darthe]:s
Tue Jul 21 17:33:15 2009 :[Darthe]:n
Tue Jul 21 17:33:15 2009 :[Darthe]:w
Tue Jul 21 17:33:16 2009 :[Darthe]:w
Tue Jul 21 17:33:16 2009 :[Darthe]:w
Tue Jul 21 17:33:17 2009 :[Darthe]:w
Tue Jul 21 17:33:18 2009 :[Darthe]:w
Tue Jul 21 17:33:21 2009 :[Darthe]:get map bag
Tue Jul 21 17:33:24 2009 :[Darthe]:exa map
Tue Jul 21 17:39:42 2009 :[Darthe]:who
Tue Jul 21 17:39:51 2009 :[Darthe]:ooc brb wife wants subway
Tue Jul 21 17:39:56 2009 :[Darthe]:save
Tue Jul 21 17:39:58 2009 :[Darthe]:quit
