Thu Jul  2 17:36:00 2009 :[Gehanon]:up
Thu Jul  2 17:36:01 2009 :[Gehanon]:down
Thu Jul  2 17:36:02 2009 :[Gehanon]:down
Thu Jul  2 17:36:03 2009 :[Gehanon]:south
Thu Jul  2 17:36:04 2009 :[Gehanon]:west
Thu Jul  2 17:36:05 2009 :[Gehanon]:west
Thu Jul  2 17:36:05 2009 :[Gehanon]:north
Thu Jul  2 17:36:05 2009 :[Gehanon]:north
Thu Jul  2 17:36:06 2009 :[Gehanon]:north
Thu Jul  2 17:36:06 2009 :[Gehanon]:north
Thu Jul  2 17:36:06 2009 :[Gehanon]:north
Thu Jul  2 17:36:07 2009 :[Gehanon]:north
Thu Jul  2 17:36:07 2009 :[Gehanon]:west
Thu Jul  2 17:36:08 2009 :[Gehanon]:north
Thu Jul  2 17:36:08 2009 :[Gehanon]:west
Thu Jul  2 17:36:08 2009 :[Gehanon]:north
Thu Jul  2 17:36:11 2009 :[Gehanon]:open north
Thu Jul  2 17:36:11 2009 :[Gehanon]:north
Thu Jul  2 17:36:11 2009 :[Gehanon]:list
Thu Jul  2 17:36:14 2009 :[Gehanon]:buy glass
Thu Jul  2 17:36:17 2009 :[Gehanon]:south
Thu Jul  2 17:36:18 2009 :[Gehanon]:east
Thu Jul  2 17:36:21 2009 :[Gehanon]:south
Thu Jul  2 17:36:22 2009 :[Gehanon]:east
Thu Jul  2 17:36:23 2009 :[Gehanon]:south
Thu Jul  2 17:36:23 2009 :[Gehanon]:south
Thu Jul  2 17:36:25 2009 :[Gehanon]:south
Thu Jul  2 17:36:26 2009 :[Gehanon]:south
Thu Jul  2 17:36:27 2009 :[Gehanon]:west
Thu Jul  2 17:36:27 2009 :[Gehanon]:south
Thu Jul  2 17:36:29 2009 :[Gehanon]:south
Thu Jul  2 17:36:29 2009 :[Gehanon]:west
Thu Jul  2 17:36:30 2009 :[Gehanon]:south
Thu Jul  2 17:36:31 2009 :[Gehanon]:west
Thu Jul  2 17:36:31 2009 :[Gehanon]:south
Thu Jul  2 17:36:33 2009 :[Gehanon]:list
Thu Jul  2 17:36:36 2009 :[Gehanon]:buy cake
Thu Jul  2 17:36:37 2009 :[Gehanon]:eat cake
Thu Jul  2 17:36:40 2009 :[Gehanon]:buy bread
Thu Jul  2 17:36:42 2009 :[Gehanon]:eat bread
Thu Jul  2 17:36:43 2009 :[Gehanon]:drink bota
Thu Jul  2 17:36:44 2009 :[Gehanon]:north
Thu Jul  2 17:36:44 2009 :[Gehanon]:east
Thu Jul  2 17:36:45 2009 :[Gehanon]:east
Thu Jul  2 17:36:46 2009 :[Gehanon]:east
Thu Jul  2 17:36:46 2009 :[Gehanon]:north
Thu Jul  2 17:36:47 2009 :[Gehanon]:east
Thu Jul  2 17:36:48 2009 :[Gehanon]:north
Thu Jul  2 17:36:48 2009 :[Gehanon]:east
Thu Jul  2 17:36:49 2009 :[Gehanon]:east
Thu Jul  2 17:36:50 2009 :[Gehanon]:north
Thu Jul  2 17:36:52 2009 :[Gehanon]:up
Thu Jul  2 17:36:53 2009 :[Gehanon]:south
Thu Jul  2 17:36:54 2009 :[Gehanon]:west
Thu Jul  2 17:36:55 2009 :[Gehanon]:open west
Thu Jul  2 17:36:56 2009 :[Gehanon]:west
Thu Jul  2 17:37:00 2009 :[Gehanon]:give glass tri
Thu Jul  2 17:37:02 2009 :[Gehanon]:oscore 
Thu Jul  2 17:37:10 2009 :[Gehanon]:east
Thu Jul  2 17:37:12 2009 :[Gehanon]:north
Thu Jul  2 17:37:18 2009 :[Gehanon]:down
Thu Jul  2 17:37:20 2009 :[Gehanon]:south
Thu Jul  2 17:37:23 2009 :[Gehanon]:aff
Thu Jul  2 17:37:23 2009 :[Gehanon]:oscore 
Thu Jul  2 17:37:24 2009 :[Gehanon]:save
Thu Jul  2 17:37:29 2009 :[Gehanon]:who
Thu Jul  2 17:37:31 2009 :[Gehanon]:rem leg
Thu Jul  2 17:39:11 2009 :[Gehanon]:wear leg
Thu Jul  2 17:39:12 2009 :[Gehanon]:oscore 
Thu Jul  2 17:39:16 2009 :[Gehanon]:totem
Thu Jul  2 17:39:17 2009 :[Gehanon]:l
Thu Jul  2 17:39:18 2009 :[Gehanon]:i
Thu Jul  2 17:39:25 2009 :[Gehanon]:west
Thu Jul  2 17:39:27 2009 :[Gehanon]:ki hel
Thu Jul  2 17:39:32 2009 :[Gehanon]:i
Thu Jul  2 17:39:33 2009 :[Gehanon]:bash
Thu Jul  2 17:39:35 2009 :[Gehanon]:bash
Thu Jul  2 17:39:37 2009 :[Gehanon]:bash
Thu Jul  2 17:39:40 2009 :[Gehanon]:eq
Thu Jul  2 17:39:41 2009 :[Gehanon]:bash
Thu Jul  2 17:39:44 2009 :[Gehanon]:bash
Thu Jul  2 17:39:46 2009 :[Gehanon]:bash
Thu Jul  2 17:39:49 2009 :[Gehanon]:bash
Thu Jul  2 17:39:51 2009 :[Gehanon]:bash
Thu Jul  2 17:39:55 2009 :[Gehanon]:bash
Thu Jul  2 17:39:57 2009 :[Gehanon]:bash
Thu Jul  2 17:40:00 2009 :[Gehanon]:bash
Thu Jul  2 17:40:01 2009 :[Gehanon]:bash
Thu Jul  2 17:40:04 2009 :[Gehanon]:bash
Thu Jul  2 17:40:07 2009 :[Gehanon]:bash
Thu Jul  2 17:40:10 2009 :[Gehanon]:bash
Thu Jul  2 17:40:13 2009 :[Gehanon]:who
Thu Jul  2 17:40:13 2009 :[Gehanon]:bash
Thu Jul  2 17:40:16 2009 :[Gehanon]:bash
Thu Jul  2 17:40:19 2009 :[Gehanon]:bash
Thu Jul  2 17:40:22 2009 :[Gehanon]:bash
Thu Jul  2 17:40:25 2009 :[Gehanon]:bash
Thu Jul  2 17:40:28 2009 :[Gehanon]:bash
Thu Jul  2 17:40:30 2009 :[Gehanon]:kick
Thu Jul  2 17:40:32 2009 :[Gehanon]:bash
Thu Jul  2 17:40:33 2009 :[Gehanon]:kick
Thu Jul  2 17:40:35 2009 :[Gehanon]:bash
Thu Jul  2 17:40:37 2009 :[Gehanon]:bash
Thu Jul  2 17:40:39 2009 :[Gehanon]:bash
Thu Jul  2 17:40:44 2009 :[Gehanon]:bash
Thu Jul  2 17:40:47 2009 :[Gehanon]:bash
Thu Jul  2 17:40:51 2009 :[Gehanon]:bash
Thu Jul  2 17:40:53 2009 :[Gehanon]:bash
Thu Jul  2 17:40:59 2009 :[Gehanon]:bash
Thu Jul  2 17:41:04 2009 :[Gehanon]:bash
Thu Jul  2 17:41:08 2009 :[Gehanon]:bash
Thu Jul  2 17:41:11 2009 :[Gehanon]:bash
Thu Jul  2 17:41:13 2009 :[Gehanon]:bash
Thu Jul  2 17:41:17 2009 :[Gehanon]:bash
Thu Jul  2 17:41:20 2009 :[Gehanon]:bash
Thu Jul  2 17:41:23 2009 :[Gehanon]:bash
Thu Jul  2 17:41:26 2009 :[Gehanon]:bash
Thu Jul  2 17:41:29 2009 :[Gehanon]:bash
Thu Jul  2 17:41:33 2009 :[Gehanon]:bash
Thu Jul  2 17:41:34 2009 :[Gehanon]:bash
Thu Jul  2 17:41:36 2009 :[Gehanon]:bash
Thu Jul  2 17:41:38 2009 :[Gehanon]:bash
Thu Jul  2 17:41:41 2009 :[Gehanon]:bash
Thu Jul  2 17:41:44 2009 :[Gehanon]:flee
Thu Jul  2 17:41:46 2009 :[Gehanon]:east
Thu Jul  2 17:41:46 2009 :[Gehanon]:east
Thu Jul  2 17:41:47 2009 :[Gehanon]:flee
Thu Jul  2 17:41:54 2009 :[Gehanon]:who
Thu Jul  2 17:41:55 2009 :[Gehanon]:rem leg
Thu Jul  2 17:41:56 2009 :[Gehanon]:drop cot
Thu Jul  2 17:41:58 2009 :[Gehanon]:sleep cot
Thu Jul  2 17:41:59 2009 :[Gehanon]:save
Thu Jul  2 17:42:04 2009 :[Gehanon]:oscore 
Thu Jul  2 17:42:15 2009 :[Gehanon]:who
Thu Jul  2 17:42:29 2009 :[Gehanon]:who
Thu Jul  2 17:42:31 2009 :[Gehanon]:who
Thu Jul  2 17:42:53 2009 :[Gehanon]:who
Thu Jul  2 17:42:55 2009 :[Gehanon]:oscore 
Thu Jul  2 17:43:05 2009 :[Gehanon]:oscore 
Thu Jul  2 17:43:30 2009 :[Gehanon]:who
Thu Jul  2 17:43:32 2009 :[Gehanon]:oscore 
Thu Jul  2 17:43:44 2009 :[Gehanon]:who
Thu Jul  2 17:43:52 2009 :[Gehanon]:who
Thu Jul  2 17:43:56 2009 :[Gehanon]:who
Thu Jul  2 17:43:59 2009 :[Gehanon]:i
Thu Jul  2 17:44:03 2009 :[Gehanon]:who
Thu Jul  2 17:44:04 2009 :[Gehanon]:who
Thu Jul  2 17:44:09 2009 :[Gehanon]:oscore 
Thu Jul  2 17:44:10 2009 :[Gehanon]:wake
Thu Jul  2 17:44:12 2009 :[Gehanon]:get cot
Thu Jul  2 17:44:13 2009 :[Gehanon]:wear leg
Thu Jul  2 17:44:16 2009 :[Gehanon]:oscore 
Thu Jul  2 17:44:19 2009 :[Gehanon]:i
Thu Jul  2 17:44:21 2009 :[Gehanon]:west
Thu Jul  2 17:44:23 2009 :[Gehanon]:bash
Thu Jul  2 17:44:27 2009 :[Gehanon]:bash
Thu Jul  2 17:44:30 2009 :[Gehanon]:bash
Thu Jul  2 17:44:36 2009 :[Gehanon]:bash
Thu Jul  2 17:44:41 2009 :[Gehanon]:bash
Thu Jul  2 17:44:46 2009 :[Gehanon]:bash
Thu Jul  2 17:44:48 2009 :[Gehanon]:bash
Thu Jul  2 17:44:52 2009 :[Gehanon]:bash
Thu Jul  2 17:44:54 2009 :[Gehanon]:who
Thu Jul  2 17:44:55 2009 :[Gehanon]:bash
Thu Jul  2 17:45:00 2009 :[Gehanon]:bash
Thu Jul  2 17:45:06 2009 :[Gehanon]:bash
Thu Jul  2 17:45:09 2009 :[Gehanon]:bash
Thu Jul  2 17:45:12 2009 :[Gehanon]:bash
Thu Jul  2 17:45:15 2009 :[Gehanon]:bash
Thu Jul  2 17:45:18 2009 :[Gehanon]:bash
Thu Jul  2 17:45:21 2009 :[Gehanon]:bash
Thu Jul  2 17:45:27 2009 :[Gehanon]:bash
Thu Jul  2 17:45:30 2009 :[Gehanon]:bash
Thu Jul  2 17:45:33 2009 :[Gehanon]:bash
Thu Jul  2 17:45:36 2009 :[Gehanon]:bash
Thu Jul  2 17:45:38 2009 :[Gehanon]:bash
Thu Jul  2 17:45:43 2009 :[Gehanon]:bash
Thu Jul  2 17:45:49 2009 :[Gehanon]:bash
Thu Jul  2 17:45:52 2009 :[Gehanon]:bash
Thu Jul  2 17:45:54 2009 :[Gehanon]:bash
Thu Jul  2 17:45:57 2009 :[Gehanon]:bash
Thu Jul  2 17:46:01 2009 :[Gehanon]:bash
Thu Jul  2 17:46:05 2009 :[Gehanon]:bash
Thu Jul  2 17:46:09 2009 :[Gehanon]:bash
Thu Jul  2 17:46:13 2009 :[Gehanon]:bash
Thu Jul  2 17:46:15 2009 :[Gehanon]:bash
Thu Jul  2 17:46:19 2009 :[Gehanon]:bash
Thu Jul  2 17:46:24 2009 :[Gehanon]:bash
Thu Jul  2 17:46:26 2009 :[Gehanon]:bash
Thu Jul  2 17:46:29 2009 :[Gehanon]:bash
Thu Jul  2 17:46:31 2009 :[Gehanon]:bash
Thu Jul  2 17:46:34 2009 :[Gehanon]:bash
Thu Jul  2 17:46:36 2009 :[Gehanon]:bash
Thu Jul  2 17:46:39 2009 :[Gehanon]:who
Thu Jul  2 17:46:40 2009 :[Gehanon]:bash
Thu Jul  2 17:46:45 2009 :[Gehanon]:bash
Thu Jul  2 17:46:49 2009 :[Gehanon]:bash
Thu Jul  2 17:46:51 2009 :[Gehanon]:bash
Thu Jul  2 17:46:54 2009 :[Gehanon]:flee
Thu Jul  2 17:46:55 2009 :[Gehanon]:north
Thu Jul  2 17:46:58 2009 :[Gehanon]:list
Thu Jul  2 17:47:00 2009 :[Gehanon]:south
Thu Jul  2 17:47:06 2009 :[Gehanon]:oscore 
Thu Jul  2 17:47:11 2009 :[Gehanon]:west
Thu Jul  2 17:47:14 2009 :[Gehanon]:open west
Thu Jul  2 17:47:15 2009 :[Gehanon]:flee
Thu Jul  2 17:47:16 2009 :[Gehanon]:west
Thu Jul  2 17:47:17 2009 :[Gehanon]:west
Thu Jul  2 17:47:18 2009 :[Gehanon]:flee
Thu Jul  2 17:47:20 2009 :[Gehanon]:north
Thu Jul  2 17:47:21 2009 :[Gehanon]:west
Thu Jul  2 17:47:23 2009 :[Gehanon]:south
Thu Jul  2 17:47:24 2009 :[Gehanon]:west
Thu Jul  2 17:47:24 2009 :[Gehanon]:south
Thu Jul  2 17:47:25 2009 :[Gehanon]:west
Thu Jul  2 17:47:25 2009 :[Gehanon]:south
Thu Jul  2 17:47:26 2009 :[Gehanon]:south
Thu Jul  2 17:47:27 2009 :[Gehanon]:south
Thu Jul  2 17:47:28 2009 :[Gehanon]:south
Thu Jul  2 17:47:29 2009 :[Gehanon]:east
Thu Jul  2 17:47:30 2009 :[Gehanon]:south
Thu Jul  2 17:47:31 2009 :[Gehanon]:list
Thu Jul  2 17:47:33 2009 :[Gehanon]:buy bread
Thu Jul  2 17:47:33 2009 :[Gehanon]:buy bread
Thu Jul  2 17:47:34 2009 :[Gehanon]:eat bread
Thu Jul  2 17:47:35 2009 :[Gehanon]:eat bread
Thu Jul  2 17:47:37 2009 :[Gehanon]:buy bread
Thu Jul  2 17:47:38 2009 :[Gehanon]:eat bread
Thu Jul  2 17:47:39 2009 :[Gehanon]:drink bota
Thu Jul  2 17:47:39 2009 :[Gehanon]:drink bota
Thu Jul  2 17:47:40 2009 :[Gehanon]:drink bota
Thu Jul  2 17:47:41 2009 :[Gehanon]:drink bota
Thu Jul  2 17:47:41 2009 :[Gehanon]:drink bota
Thu Jul  2 17:47:43 2009 :[Gehanon]:buy bread
Thu Jul  2 17:47:43 2009 :[Gehanon]:buy bread
Thu Jul  2 17:47:45 2009 :[Gehanon]:eat bread
Thu Jul  2 17:47:46 2009 :[Gehanon]:eat bread
Thu Jul  2 17:47:47 2009 :[Gehanon]:drink bota
Thu Jul  2 17:47:47 2009 :[Gehanon]:drink bota
Thu Jul  2 17:47:48 2009 :[Gehanon]:drink bota
Thu Jul  2 17:47:48 2009 :[Gehanon]:drink bota
Thu Jul  2 17:47:49 2009 :[Gehanon]:north
Thu Jul  2 17:47:51 2009 :[Gehanon]:totem
Thu Jul  2 17:47:53 2009 :[Gehanon]:rem leg
Thu Jul  2 17:47:54 2009 :[Gehanon]:drop cot
Thu Jul  2 17:47:56 2009 :[Gehanon]:sleep cot
Thu Jul  2 17:47:56 2009 :[Gehanon]:save
Thu Jul  2 17:47:58 2009 :[Gehanon]:who
Thu Jul  2 17:48:30 2009 :[Gehanon]:who
Thu Jul  2 17:49:49 2009 :[Gehanon]:who
Thu Jul  2 17:49:53 2009 :[Gehanon]:who
Thu Jul  2 17:49:54 2009 :[Gehanon]:who
Thu Jul  2 17:50:03 2009 :[Gehanon]:who
Thu Jul  2 17:50:05 2009 :[Gehanon]:wake
Thu Jul  2 17:50:07 2009 :[Gehanon]:get cot
Thu Jul  2 17:50:08 2009 :[Gehanon]:wear leg
Thu Jul  2 17:50:09 2009 :[Gehanon]:east
Thu Jul  2 17:50:10 2009 :[Gehanon]:east
Thu Jul  2 17:50:10 2009 :[Gehanon]:east
Thu Jul  2 17:50:11 2009 :[Gehanon]:south
Thu Jul  2 17:50:12 2009 :[Gehanon]:north
Thu Jul  2 17:50:12 2009 :[Gehanon]:east
Thu Jul  2 17:50:13 2009 :[Gehanon]:north
Thu Jul  2 17:50:13 2009 :[Gehanon]:east
Thu Jul  2 17:50:16 2009 :[Gehanon]:bash
Thu Jul  2 17:50:18 2009 :[Gehanon]:bash
Thu Jul  2 17:50:22 2009 :[Gehanon]:bash
Thu Jul  2 17:50:25 2009 :[Gehanon]:bash
Thu Jul  2 17:50:28 2009 :[Gehanon]:bash
Thu Jul  2 17:50:34 2009 :[Gehanon]:bash
Thu Jul  2 17:50:41 2009 :[Gehanon]:bash
Thu Jul  2 17:50:46 2009 :[Gehanon]:bash
Thu Jul  2 17:50:49 2009 :[Gehanon]:bash
Thu Jul  2 17:50:52 2009 :[Gehanon]:bash
Thu Jul  2 17:50:55 2009 :[Gehanon]:bash
Thu Jul  2 17:50:58 2009 :[Gehanon]:bash
Thu Jul  2 17:51:01 2009 :[Gehanon]:bash
Thu Jul  2 17:51:04 2009 :[Gehanon]:bash
Thu Jul  2 17:51:07 2009 :[Gehanon]:bash
Thu Jul  2 17:51:10 2009 :[Gehanon]:bash
Thu Jul  2 17:51:13 2009 :[Gehanon]:bash
Thu Jul  2 17:51:15 2009 :[Gehanon]:bash
Thu Jul  2 17:51:18 2009 :[Gehanon]:bash
Thu Jul  2 17:51:19 2009 :[Gehanon]:bash
Thu Jul  2 17:51:22 2009 :[Gehanon]:bash
Thu Jul  2 17:51:26 2009 :[Gehanon]:bash
Thu Jul  2 17:51:28 2009 :[Gehanon]:bash
Thu Jul  2 17:51:31 2009 :[Gehanon]:bash
Thu Jul  2 17:51:34 2009 :[Gehanon]:bash
Thu Jul  2 17:51:37 2009 :[Gehanon]:bash
Thu Jul  2 17:51:40 2009 :[Gehanon]:bash
Thu Jul  2 17:51:43 2009 :[Gehanon]:bash
Thu Jul  2 17:51:46 2009 :[Gehanon]:bash
Thu Jul  2 17:51:49 2009 :[Gehanon]:bash
Thu Jul  2 17:51:52 2009 :[Gehanon]:l
Thu Jul  2 17:51:55 2009 :[Gehanon]:west
Thu Jul  2 17:51:56 2009 :[Gehanon]:north
Thu Jul  2 17:51:56 2009 :[Gehanon]:north
Thu Jul  2 17:51:57 2009 :[Gehanon]:north
Thu Jul  2 17:51:57 2009 :[Gehanon]:north
Thu Jul  2 17:51:57 2009 :[Gehanon]:north
Thu Jul  2 17:51:58 2009 :[Gehanon]:west
Thu Jul  2 17:51:59 2009 :[Gehanon]:west
Thu Jul  2 17:51:59 2009 :[Gehanon]:west
Thu Jul  2 17:51:59 2009 :[Gehanon]:west
Thu Jul  2 17:51:59 2009 :[Gehanon]:west
Thu Jul  2 17:52:00 2009 :[Gehanon]:west
Thu Jul  2 17:52:00 2009 :[Gehanon]:south
Thu Jul  2 17:52:01 2009 :[Gehanon]:east
Thu Jul  2 17:52:03 2009 :[Gehanon]:open east
Thu Jul  2 17:52:03 2009 :[Gehanon]:east
Thu Jul  2 17:52:05 2009 :[Gehanon]:east
Thu Jul  2 17:52:06 2009 :[Gehanon]:where jew
Thu Jul  2 17:52:07 2009 :[Gehanon]:west
Thu Jul  2 17:52:08 2009 :[Gehanon]:south
Thu Jul  2 17:52:09 2009 :[Gehanon]:south
Thu Jul  2 17:52:10 2009 :[Gehanon]:west
Thu Jul  2 17:52:11 2009 :[Gehanon]:west
Thu Jul  2 17:52:12 2009 :[Gehanon]:west
Thu Jul  2 17:52:13 2009 :[Gehanon]:west
Thu Jul  2 17:52:14 2009 :[Gehanon]:west
Thu Jul  2 17:52:14 2009 :[Gehanon]:south
Thu Jul  2 17:52:15 2009 :[Gehanon]:south
Thu Jul  2 17:52:16 2009 :[Gehanon]:south
Thu Jul  2 17:52:17 2009 :[Gehanon]:south
Thu Jul  2 17:52:18 2009 :[Gehanon]:south
Thu Jul  2 17:52:19 2009 :[Gehanon]:west
Thu Jul  2 17:52:20 2009 :[Gehanon]:east
Thu Jul  2 17:52:20 2009 :[Gehanon]:east
Thu Jul  2 17:52:21 2009 :[Gehanon]:south
Thu Jul  2 17:52:23 2009 :[Gehanon]:east
Thu Jul  2 17:52:23 2009 :[Gehanon]:east
Thu Jul  2 17:52:24 2009 :[Gehanon]:east
Thu Jul  2 17:52:26 2009 :[Gehanon]:east
Thu Jul  2 17:52:27 2009 :[Gehanon]:west
Thu Jul  2 17:52:28 2009 :[Gehanon]:north
Thu Jul  2 17:52:28 2009 :[Gehanon]:north
Thu Jul  2 17:52:29 2009 :[Gehanon]:east
Thu Jul  2 17:52:29 2009 :[Gehanon]:east
Thu Jul  2 17:52:30 2009 :[Gehanon]:north
Thu Jul  2 17:52:32 2009 :[Gehanon]:south
Thu Jul  2 17:52:32 2009 :[Gehanon]:east
Thu Jul  2 17:52:33 2009 :[Gehanon]:east
Thu Jul  2 17:52:34 2009 :[Gehanon]:east
Thu Jul  2 17:52:35 2009 :[Gehanon]:east
Thu Jul  2 17:52:36 2009 :[Gehanon]:north
Thu Jul  2 17:52:36 2009 :[Gehanon]:north
Thu Jul  2 17:52:38 2009 :[Gehanon]:east
Thu Jul  2 17:52:39 2009 :[Gehanon]:west
Thu Jul  2 17:52:39 2009 :[Gehanon]:north
Thu Jul  2 17:52:40 2009 :[Gehanon]:north
Thu Jul  2 17:52:42 2009 :[Gehanon]:north
Thu Jul  2 17:52:43 2009 :[Gehanon]:north
Thu Jul  2 17:52:45 2009 :[Gehanon]:west
Thu Jul  2 17:52:45 2009 :[Gehanon]:west
Thu Jul  2 17:52:46 2009 :[Gehanon]:west
Thu Jul  2 17:52:48 2009 :[Gehanon]:i
Thu Jul  2 17:52:52 2009 :[Gehanon]:give neck jew
Thu Jul  2 17:52:55 2009 :[Gehanon]:give blue jew
Thu Jul  2 17:52:57 2009 :[Gehanon]:give red jew
Thu Jul  2 17:53:01 2009 :[Gehanon]:give pearl jew
Thu Jul  2 17:53:04 2009 :[Gehanon]:give silver jew
Thu Jul  2 17:53:31 2009 :[Gehanon]:i
Thu Jul  2 17:53:33 2009 :[Gehanon]:eq
Thu Jul  2 17:53:35 2009 :[Gehanon]:rem iron
Thu Jul  2 17:53:36 2009 :[Gehanon]:wear gin
Thu Jul  2 17:53:37 2009 :[Gehanon]:oscore 
Thu Jul  2 17:53:41 2009 :[Gehanon]:get pie bag
Thu Jul  2 17:53:41 2009 :[Gehanon]:eat pie
Thu Jul  2 17:53:41 2009 :[Gehanon]:drink bota
Thu Jul  2 17:53:46 2009 :[Gehanon]:open back
Thu Jul  2 17:53:46 2009 :[Gehanon]:get recall back
Thu Jul  2 17:53:46 2009 :[Gehanon]:quaff recall
Thu Jul  2 17:53:47 2009 :[Gehanon]:drop vial
Thu Jul  2 17:53:48 2009 :[Gehanon]:south
Thu Jul  2 17:53:49 2009 :[Gehanon]:south
Thu Jul  2 17:53:50 2009 :[Gehanon]:south
Thu Jul  2 17:53:51 2009 :[Gehanon]:east
Thu Jul  2 17:53:51 2009 :[Gehanon]:east
Thu Jul  2 17:53:52 2009 :[Gehanon]:east
Thu Jul  2 17:53:53 2009 :[Gehanon]:east
Thu Jul  2 17:53:53 2009 :[Gehanon]:east
Thu Jul  2 17:53:55 2009 :[Gehanon]:north
Thu Jul  2 17:53:56 2009 :[Gehanon]:south
Thu Jul  2 17:53:56 2009 :[Gehanon]:west
Thu Jul  2 17:53:57 2009 :[Gehanon]:north
Thu Jul  2 17:53:58 2009 :[Gehanon]:list
Thu Jul  2 17:53:59 2009 :[Gehanon]:buy cin
Thu Jul  2 17:54:00 2009 :[Gehanon]:buy cin
Thu Jul  2 17:54:01 2009 :[Gehanon]:eat cin
Thu Jul  2 17:54:01 2009 :[Gehanon]:eat cin
Thu Jul  2 17:54:02 2009 :[Gehanon]:south
Thu Jul  2 17:54:03 2009 :[Gehanon]:i
Thu Jul  2 17:54:04 2009 :[Gehanon]:west
Thu Jul  2 17:54:07 2009 :[Gehanon]:donate ring
Thu Jul  2 17:54:08 2009 :[Gehanon]:eq
Thu Jul  2 17:54:10 2009 :[Gehanon]:oscore 
Thu Jul  2 17:54:14 2009 :[Gehanon]:west
Thu Jul  2 17:54:21 2009 :[Gehanon]:west
Thu Jul  2 17:54:23 2009 :[Gehanon]:north
Thu Jul  2 17:54:23 2009 :[Gehanon]:west
Thu Jul  2 17:54:24 2009 :[Gehanon]:north
Thu Jul  2 17:54:24 2009 :[Gehanon]:north
Thu Jul  2 17:54:25 2009 :[Gehanon]:nn
Thu Jul  2 17:54:25 2009 :[Gehanon]:north
Thu Jul  2 17:54:26 2009 :[Gehanon]:north
Thu Jul  2 17:54:26 2009 :[Gehanon]:north
Thu Jul  2 17:54:28 2009 :[Gehanon]:rem leg
Thu Jul  2 17:54:29 2009 :[Gehanon]:sleep
Thu Jul  2 17:54:29 2009 :[Gehanon]:save
Thu Jul  2 17:54:31 2009 :[Gehanon]:who
Thu Jul  2 17:58:56 2009 :[Gehanon]:who
Thu Jul  2 18:01:01 2009 :[Gehanon]:l
Thu Jul  2 18:01:02 2009 :[Gehanon]:wake
Thu Jul  2 18:01:03 2009 :[Gehanon]:wear leg
Thu Jul  2 18:01:04 2009 :[Gehanon]:south
Thu Jul  2 18:01:04 2009 :[Gehanon]:south
Thu Jul  2 18:01:05 2009 :[Gehanon]:south
Thu Jul  2 18:01:05 2009 :[Gehanon]:south
Thu Jul  2 18:01:06 2009 :[Gehanon]:west
Thu Jul  2 18:01:07 2009 :[Gehanon]:west
Thu Jul  2 18:01:08 2009 :[Gehanon]:open west
Thu Jul  2 18:01:09 2009 :[Gehanon]:west
Thu Jul  2 18:01:09 2009 :[Gehanon]:west
Thu Jul  2 18:01:09 2009 :[Gehanon]:west
Thu Jul  2 18:01:10 2009 :[Gehanon]:west
Thu Jul  2 18:01:10 2009 :[Gehanon]:north
Thu Jul  2 18:01:10 2009 :[Gehanon]:west
Thu Jul  2 18:01:11 2009 :[Gehanon]:ww
Thu Jul  2 18:01:11 2009 :[Gehanon]:west
Thu Jul  2 18:01:12 2009 :[Gehanon]:west
Thu Jul  2 18:01:12 2009 :[Gehanon]:north
Thu Jul  2 18:01:12 2009 :[Gehanon]:west
Thu Jul  2 18:01:13 2009 :[Gehanon]:west
Thu Jul  2 18:01:13 2009 :[Gehanon]:west
Thu Jul  2 18:01:13 2009 :[Gehanon]:west
Thu Jul  2 18:01:13 2009 :[Gehanon]:west
Thu Jul  2 18:01:14 2009 :[Gehanon]:west
Thu Jul  2 18:01:14 2009 :[Gehanon]:south
Thu Jul  2 18:01:15 2009 :[Gehanon]:west
Thu Jul  2 18:01:15 2009 :[Gehanon]:west
Thu Jul  2 18:01:16 2009 :[Gehanon]:west
Thu Jul  2 18:01:16 2009 :[Gehanon]:south
Thu Jul  2 18:01:16 2009 :[Gehanon]:west
Thu Jul  2 18:01:17 2009 :[Gehanon]:west
Thu Jul  2 18:01:17 2009 :[Gehanon]:west
Thu Jul  2 18:01:17 2009 :[Gehanon]:north
Thu Jul  2 18:01:18 2009 :[Gehanon]:north
Thu Jul  2 18:01:18 2009 :[Gehanon]:north
Thu Jul  2 18:01:18 2009 :[Gehanon]:east
Thu Jul  2 18:01:19 2009 :[Gehanon]:north
Thu Jul  2 18:01:19 2009 :[Gehanon]:north
Thu Jul  2 18:01:19 2009 :[Gehanon]:east
Thu Jul  2 18:01:20 2009 :[Gehanon]:north
Thu Jul  2 18:01:20 2009 :[Gehanon]:west
Thu Jul  2 18:01:20 2009 :[Gehanon]:north
Thu Jul  2 18:01:21 2009 :[Gehanon]:north
Thu Jul  2 18:01:21 2009 :[Gehanon]:east
Thu Jul  2 18:01:21 2009 :[Gehanon]:north
Thu Jul  2 18:01:22 2009 :[Gehanon]:north
Thu Jul  2 18:01:24 2009 :[Gehanon]:ki serp
Thu Jul  2 18:01:27 2009 :[Gehanon]:oscore 
Thu Jul  2 18:01:37 2009 :[Gehanon]:i
Thu Jul  2 18:01:45 2009 :[Gehanon]:eq
Thu Jul  2 18:01:48 2009 :[Gehanon]:l
Thu Jul  2 18:01:50 2009 :[Gehanon]:ki serp
Thu Jul  2 18:02:04 2009 :[Gehanon]:bash
Thu Jul  2 18:02:08 2009 :[Gehanon]:north
Thu Jul  2 18:02:09 2009 :[Gehanon]:ki serp
Thu Jul  2 18:02:13 2009 :[Gehanon]:eq
Thu Jul  2 18:02:36 2009 :[Gehanon]:north
Thu Jul  2 18:02:37 2009 :[Gehanon]:ki serp
Thu Jul  2 18:02:50 2009 :[Gehanon]:l
Thu Jul  2 18:02:51 2009 :[Gehanon]:north
Thu Jul  2 18:02:52 2009 :[Gehanon]:ki serp
Thu Jul  2 18:03:08 2009 :[Gehanon]:bash
Thu Jul  2 18:03:17 2009 :[Gehanon]:bash
Thu Jul  2 18:03:22 2009 :[Gehanon]:bash
Thu Jul  2 18:03:25 2009 :[Gehanon]:north
Thu Jul  2 18:03:27 2009 :[Gehanon]:ki serp
Thu Jul  2 18:03:43 2009 :[Gehanon]:l pro
Thu Jul  2 18:03:51 2009 :[Gehanon]:l
Thu Jul  2 18:03:52 2009 :[Gehanon]:west
Thu Jul  2 18:03:53 2009 :[Gehanon]:west
Thu Jul  2 18:03:53 2009 :[Gehanon]:south
Thu Jul  2 18:03:55 2009 :[Gehanon]:ki serp
Thu Jul  2 18:03:58 2009 :[Gehanon]:eq
Thu Jul  2 18:04:13 2009 :[Gehanon]:l
Thu Jul  2 18:04:15 2009 :[Gehanon]:ki serp
Thu Jul  2 18:04:19 2009 :[Gehanon]:rem whip
Thu Jul  2 18:04:20 2009 :[Gehanon]:wear dip
Thu Jul  2 18:04:21 2009 :[Gehanon]:oscore 
Thu Jul  2 18:04:29 2009 :[Gehanon]:bash
Thu Jul  2 18:04:40 2009 :[Gehanon]:bash
Thu Jul  2 18:04:47 2009 :[Gehanon]:bash
Thu Jul  2 18:04:50 2009 :[Gehanon]:bash
Thu Jul  2 18:04:55 2009 :[Gehanon]:oscore 
Thu Jul  2 18:05:08 2009 :[Gehanon]:oscore 
Thu Jul  2 18:05:09 2009 :[Gehanon]:south
Thu Jul  2 18:05:10 2009 :[Gehanon]:west
Thu Jul  2 18:05:11 2009 :[Gehanon]:south
Thu Jul  2 18:05:11 2009 :[Gehanon]:east
Thu Jul  2 18:05:12 2009 :[Gehanon]:south
Thu Jul  2 18:05:12 2009 :[Gehanon]:south
Thu Jul  2 18:05:12 2009 :[Gehanon]:south
Thu Jul  2 18:05:13 2009 :[Gehanon]:south
Thu Jul  2 18:05:14 2009 :[Gehanon]:east
Thu Jul  2 18:05:15 2009 :[Gehanon]:south
Thu Jul  2 18:05:15 2009 :[Gehanon]:south
Thu Jul  2 18:05:15 2009 :[Gehanon]:south
Thu Jul  2 18:05:15 2009 :[Gehanon]:south
Thu Jul  2 18:05:16 2009 :[Gehanon]:south
Thu Jul  2 18:05:16 2009 :[Gehanon]:south
Thu Jul  2 18:05:16 2009 :[Gehanon]:south
Thu Jul  2 18:05:17 2009 :[Gehanon]:south
Thu Jul  2 18:05:17 2009 :[Gehanon]:east
Thu Jul  2 18:05:17 2009 :[Gehanon]:east
Thu Jul  2 18:05:18 2009 :[Gehanon]:east
Thu Jul  2 18:05:18 2009 :[Gehanon]:north
Thu Jul  2 18:05:18 2009 :[Gehanon]:east
Thu Jul  2 18:05:19 2009 :[Gehanon]:east
Thu Jul  2 18:05:19 2009 :[Gehanon]:east
Thu Jul  2 18:05:19 2009 :[Gehanon]:east
Thu Jul  2 18:05:20 2009 :[Gehanon]:east
Thu Jul  2 18:05:20 2009 :[Gehanon]:east
Thu Jul  2 18:05:21 2009 :[Gehanon]:south
Thu Jul  2 18:05:21 2009 :[Gehanon]:east
Thu Jul  2 18:05:22 2009 :[Gehanon]:east
Thu Jul  2 18:05:22 2009 :[Gehanon]:east
Thu Jul  2 18:05:22 2009 :[Gehanon]:east
Thu Jul  2 18:05:23 2009 :[Gehanon]:south
Thu Jul  2 18:05:23 2009 :[Gehanon]:east
Thu Jul  2 18:05:23 2009 :[Gehanon]:east
Thu Jul  2 18:05:24 2009 :[Gehanon]:east
Thu Jul  2 18:05:24 2009 :[Gehanon]:north
Thu Jul  2 18:05:25 2009 :[Gehanon]:east
Thu Jul  2 18:05:25 2009 :[Gehanon]:north
Thu Jul  2 18:05:26 2009 :[Gehanon]:north
Thu Jul  2 18:05:27 2009 :[Gehanon]:north
Thu Jul  2 18:05:28 2009 :[Gehanon]:west
Thu Jul  2 18:05:28 2009 :[Gehanon]:south
Thu Jul  2 18:05:31 2009 :[Gehanon]:train
Thu Jul  2 18:05:31 2009 :[Gehanon]:oscore 
Thu Jul  2 18:05:35 2009 :[Gehanon]:train dex
Thu Jul  2 18:05:36 2009 :[Gehanon]:oscore 
Thu Jul  2 18:05:45 2009 :[Gehanon]:west
Thu Jul  2 18:05:46 2009 :[Gehanon]:get gold back
Thu Jul  2 18:05:46 2009 :[Gehanon]:get gold back
Thu Jul  2 18:05:46 2009 :[Gehanon]:rem cloak
Thu Jul  2 18:05:46 2009 :[Gehanon]:rem cloak
Thu Jul  2 18:05:47 2009 :[Gehanon]:wear gold
Thu Jul  2 18:05:47 2009 :[Gehanon]:wear gold
Thu Jul  2 18:05:47 2009 :[Gehanon]:get gogo back
Thu Jul  2 18:05:47 2009 :[Gehanon]:get gogo back
Thu Jul  2 18:05:47 2009 :[Gehanon]:rem chalmis
Thu Jul  2 18:05:47 2009 :[Gehanon]:rem chalmis
Thu Jul  2 18:05:47 2009 :[Gehanon]:wear gogo
Thu Jul  2 18:05:47 2009 :[Gehanon]:wear gogo
Thu Jul  2 18:05:49 2009 :[Gehanon]:oscore 
Thu Jul  2 18:05:56 2009 :[Gehanon]:prac
Thu Jul  2 18:06:01 2009 :[Gehanon]:prac det
Thu Jul  2 18:06:02 2009 :[Gehanon]:prac
Thu Jul  2 18:06:19 2009 :[Gehanon]:prac pole
Thu Jul  2 18:06:20 2009 :[Gehanon]:prac pole
Thu Jul  2 18:06:21 2009 :[Gehanon]:prac
Thu Jul  2 18:06:22 2009 :[Gehanon]:i
Thu Jul  2 18:06:25 2009 :[Gehanon]:unsmart
Thu Jul  2 18:06:27 2009 :[Gehanon]:rem gold
Thu Jul  2 18:06:27 2009 :[Gehanon]:rem gold
Thu Jul  2 18:06:27 2009 :[Gehanon]:put gold back
Thu Jul  2 18:06:27 2009 :[Gehanon]:put gold back
Thu Jul  2 18:06:27 2009 :[Gehanon]:wear cloak
Thu Jul  2 18:06:27 2009 :[Gehanon]:wear cloak
Thu Jul  2 18:06:27 2009 :[Gehanon]:rem gogo
Thu Jul  2 18:06:28 2009 :[Gehanon]:rem gogo
Thu Jul  2 18:06:28 2009 :[Gehanon]:wear chal
Thu Jul  2 18:06:28 2009 :[Gehanon]:wear chal
Thu Jul  2 18:06:28 2009 :[Gehanon]:put gogo back
Thu Jul  2 18:06:28 2009 :[Gehanon]:put gogo back
Thu Jul  2 18:06:29 2009 :[Gehanon]:oscore 
Thu Jul  2 18:06:35 2009 :[Gehanon]:i
Thu Jul  2 18:06:37 2009 :[Gehanon]:eat cin
Thu Jul  2 18:06:39 2009 :[Gehanon]:rem dip
Thu Jul  2 18:06:40 2009 :[Gehanon]:dual whip
Thu Jul  2 18:06:41 2009 :[Gehanon]:oscore 
Thu Jul  2 18:06:43 2009 :[Gehanon]:l
Thu Jul  2 18:06:44 2009 :[Gehanon]:east
Thu Jul  2 18:06:45 2009 :[Gehanon]:north
Thu Jul  2 18:06:46 2009 :[Gehanon]:east
Thu Jul  2 18:06:47 2009 :[Gehanon]:north
Thu Jul  2 18:06:48 2009 :[Gehanon]:who
Thu Jul  2 18:06:50 2009 :[Gehanon]:save
Thu Jul  2 18:06:51 2009 :[Gehanon]:quit
Fri Jul  3 01:22:50 2009 :[Gehanon]:who
Fri Jul  3 01:22:53 2009 :[Gehanon]:oscore
Fri Jul  3 01:22:57 2009 :[Gehanon]:quit
Sat Jul  4 01:22:50 2009 :[Gehanon]:who
Sat Jul  4 01:22:53 2009 :[Gehanon]:i
Sat Jul  4 01:22:56 2009 :[Gehanon]:eq
Sat Jul  4 01:23:00 2009 :[Gehanon]:rem all
Sat Jul  4 01:23:02 2009 :[Gehanon]:oscore
Sat Jul  4 01:23:03 2009 :[Gehanon]:i
Sat Jul  4 01:23:07 2009 :[Gehanon]:donate cl
Sat Jul  4 01:23:08 2009 :[Gehanon]:donate cl
Sat Jul  4 01:23:09 2009 :[Gehanon]:donate cl
Sat Jul  4 01:23:12 2009 :[Gehanon]:donate or
Sat Jul  4 01:23:19 2009 :[Gehanon]:donate breast
Sat Jul  4 01:23:23 2009 :[Gehanon]:donate doll
Sat Jul  4 01:23:23 2009 :[Gehanon]:donate doll
Sat Jul  4 01:23:25 2009 :[Gehanon]:donate helm
Sat Jul  4 01:23:26 2009 :[Gehanon]:donate ring
Sat Jul  4 01:23:30 2009 :[Gehanon]:donate lab
Sat Jul  4 01:23:31 2009 :[Gehanon]:i
Sat Jul  4 01:23:33 2009 :[Gehanon]:donate dip
Sat Jul  4 01:23:34 2009 :[Gehanon]:donate chain
Sat Jul  4 01:23:35 2009 :[Gehanon]:donate thain
Sat Jul  4 01:23:38 2009 :[Gehanon]:get thain back
Sat Jul  4 01:23:39 2009 :[Gehanon]:donate thain
Sat Jul  4 01:23:45 2009 :[Gehanon]:donate whip
Sat Jul  4 01:23:49 2009 :[Gehanon]:donate boot
Sat Jul  4 01:23:51 2009 :[Gehanon]:l in back
Sat Jul  4 01:23:55 2009 :[Gehanon]:get gogo back
Sat Jul  4 01:23:56 2009 :[Gehanon]:get gogo back
Sat Jul  4 01:23:57 2009 :[Gehanon]:donate gogo
Sat Jul  4 01:23:57 2009 :[Gehanon]:donate gogo
Sat Jul  4 01:24:03 2009 :[Gehanon]:get sword back
Sat Jul  4 01:24:04 2009 :[Gehanon]:doante sword
Sat Jul  4 01:24:08 2009 :[Gehanon]:donate sword
Sat Jul  4 01:24:16 2009 :[Gehanon]:quit
Wed Jul  8 04:08:00 2009 :[Gehanon]:who
Wed Jul  8 04:08:01 2009 :[Gehanon]:i
Wed Jul  8 04:08:08 2009 :[Gehanon]:donate bra
Wed Jul  8 04:08:09 2009 :[Gehanon]:donate bra
Wed Jul  8 04:08:10 2009 :[Gehanon]:donate gl
Wed Jul  8 04:08:13 2009 :[Gehanon]:l in back
Wed Jul  8 04:08:17 2009 :[Gehanon]:get thain back
Wed Jul  8 04:08:18 2009 :[Gehanon]:doante thain
Wed Jul  8 04:08:20 2009 :[Gehanon]:donate thain
Wed Jul  8 04:08:25 2009 :[Gehanon]:get gef back
Wed Jul  8 04:08:26 2009 :[Gehanon]:doante gef
Wed Jul  8 04:08:30 2009 :[Gehanon]:get or back
Wed Jul  8 04:08:31 2009 :[Gehanon]:donate gef
Wed Jul  8 04:08:32 2009 :[Gehanon]:donate or
Wed Jul  8 04:08:43 2009 :[Gehanon]:eq
Wed Jul  8 04:08:44 2009 :[Gehanon]:i
Wed Jul  8 04:08:47 2009 :[Gehanon]:donate can
Wed Jul  8 04:08:52 2009 :[Gehanon]:quit
Wed Jul  8 15:38:01 2009 :[Gehanon]:i
Wed Jul  8 15:38:12 2009 :[Gehanon]:donate leg
Wed Jul  8 15:38:16 2009 :[Gehanon]:quit
Thu Jul  9 04:33:48 2009 :[Gehanon]:i
Thu Jul  9 04:33:58 2009 :[Gehanon]:l in back
Thu Jul  9 04:34:01 2009 :[Gehanon]:get chain back
Thu Jul  9 04:34:04 2009 :[Gehanon]:get gold back
Thu Jul  9 04:34:04 2009 :[Gehanon]:get gold back
Thu Jul  9 04:34:06 2009 :[Gehanon]:donate gold
Thu Jul  9 04:34:06 2009 :[Gehanon]:donate gold
Thu Jul  9 04:34:07 2009 :[Gehanon]:donate chain
Thu Jul  9 04:34:12 2009 :[Gehanon]:get cl back
Thu Jul  9 04:34:13 2009 :[Gehanon]:doante cl
Thu Jul  9 04:34:15 2009 :[Gehanon]:donate cl
Thu Jul  9 04:34:15 2009 :[Gehanon]:i
Thu Jul  9 04:34:22 2009 :[Gehanon]:quit
Thu Jul  9 17:23:11 2009 :[Gehanon]:i
Thu Jul  9 17:23:12 2009 :[Gehanon]:eq
Thu Jul  9 17:23:14 2009 :[Gehanon]:i
Thu Jul  9 17:23:27 2009 :[Gehanon]:donate arm
Thu Jul  9 17:23:31 2009 :[Gehanon]:l in back
Thu Jul  9 17:23:34 2009 :[Gehanon]:quit
Wed Jul 15 03:44:41 2009 :[Gehanon]:who
Wed Jul 15 03:44:42 2009 :[Gehanon]:i
Wed Jul 15 03:44:47 2009 :[Gehanon]:l in back
Wed Jul 15 03:44:50 2009 :[Gehanon]:quit
Thu Aug 20 06:17:04 2009 :[Gehanon]:eq
Thu Aug 20 06:17:05 2009 :[Gehanon]:who
Thu Aug 20 06:17:05 2009 :[Gehanon]:i
Thu Aug 20 06:17:10 2009 :[Gehanon]:l in back
Thu Aug 20 06:17:20 2009 :[Gehanon]:quit
Sat Aug 22 04:54:13 2009 :[Gehanon]:i
Sat Aug 22 04:54:16 2009 :[Gehanon]:eq
Sat Aug 22 04:54:17 2009 :[Gehanon]:l in back
Sat Aug 22 04:54:19 2009 :[Gehanon]:i
Sat Aug 22 04:54:20 2009 :[Gehanon]:oscore
Sat Aug 22 04:54:32 2009 :[Gehanon]:help race
Sat Aug 22 04:57:37 2009 :[Gehanon]:WHO
Sat Aug 22 04:57:38 2009 :[Gehanon]:quit
Mon Aug 24 01:09:57 2009 :[Gehanon]:i
Mon Aug 24 01:09:57 2009 :[Gehanon]:eq
Mon Aug 24 01:10:01 2009 :[Gehanon]:l in back
Mon Aug 24 01:10:04 2009 :[Gehanon]:get star back
Mon Aug 24 01:10:06 2009 :[Gehanon]:donate star
Mon Aug 24 01:10:06 2009 :[Gehanon]:oscore
Mon Aug 24 01:10:07 2009 :[Gehanon]:i
Mon Aug 24 01:10:16 2009 :[Gehanon]:delete
Mon Aug 24 01:10:16 2009 :[Gehanon]:delete
