Wed Jun  3 18:46:01 2009 :[Navin]:ooc im elf :P
Wed Jun  3 18:46:22 2009 :[Navin]:wake
Wed Jun  3 18:46:22 2009 :[Navin]:cast 'create spring'
Wed Jun  3 18:46:24 2009 :[Navin]:drink sp
Wed Jun  3 18:46:24 2009 :[Navin]:drink sp
Wed Jun  3 18:47:46 2009 :[Navin]:ooc sure thing
Wed Jun  3 18:48:12 2009 :[Navin]:ooc in your mom
Wed Jun  3 18:49:34 2009 :[Navin]:save
Wed Jun  3 18:49:35 2009 :[Navin]:quit
Thu Jun  4 20:31:27 2009 :[Navin]:start arena full full 81
Thu Jun  4 20:31:33 2009 :[Navin]:arena start full full 81
Thu Jun  4 20:31:34 2009 :[Navin]:ooc join
Thu Jun  4 20:31:38 2009 :[Navin]:arena join
Thu Jun  4 20:31:43 2009 :[Navin]:eq
Thu Jun  4 20:31:45 2009 :[Navin]:inv
Thu Jun  4 20:31:54 2009 :[Navin]:l i back
Thu Jun  4 20:32:00 2009 :[Navin]:inv
Thu Jun  4 20:32:05 2009 :[Navin]:l i aura
Thu Jun  4 20:32:10 2009 :[Navin]:eq
Thu Jun  4 20:32:12 2009 :[Navin]:l
Thu Jun  4 20:32:14 2009 :[Navin]:l dar
Thu Jun  4 20:32:20 2009 :[Navin]:prac
Thu Jun  4 20:32:32 2009 :[Navin]:say se
Thu Jun  4 20:32:36 2009 :[Navin]:say i just wanna fix this
Thu Jun  4 20:32:43 2009 :[Navin]:say if it dont crash we do it again
Thu Jun  4 20:32:55 2009 :[Navin]:say omg
Thu Jun  4 20:33:00 2009 :[Navin]:say im so resetting that timer
Thu Jun  4 20:33:22 2009 :[Navin]:s
Thu Jun  4 20:33:23 2009 :[Navin]:s
Thu Jun  4 20:33:23 2009 :[Navin]:s
Thu Jun  4 20:33:23 2009 :[Navin]:s
Thu Jun  4 20:33:23 2009 :[Navin]:s
Thu Jun  4 20:33:24 2009 :[Navin]:s
Thu Jun  4 20:33:24 2009 :[Navin]:s
Thu Jun  4 20:33:24 2009 :[Navin]:e
Thu Jun  4 20:33:24 2009 :[Navin]:e
Thu Jun  4 20:33:24 2009 :[Navin]:e
Thu Jun  4 20:33:25 2009 :[Navin]:e
Thu Jun  4 20:33:25 2009 :[Navin]:e
Thu Jun  4 20:33:25 2009 :[Navin]:e
Thu Jun  4 20:33:25 2009 :[Navin]:e
Thu Jun  4 20:33:30 2009 :[Navin]:c multi dar
Thu Jun  4 20:33:32 2009 :[Navin]:c multi dar
Thu Jun  4 20:33:34 2009 :[Navin]:c multi dar
Thu Jun  4 20:33:35 2009 :[Navin]:c multi dar
Thu Jun  4 20:33:37 2009 :[Navin]:c multi dar
Fri Aug 14 01:46:18 2009 :[Navin]:osc
