Fri May 29 12:43:23 2009 :[Renasta]:who
Fri May 29 12:43:26 2009 :[Renasta]:l
Fri May 29 12:43:26 2009 :[Renasta]:s
Fri May 29 12:43:32 2009 :[Renasta]:n
Fri May 29 12:43:54 2009 :[Renasta]:s
Fri May 29 12:43:55 2009 :[Renasta]:l tak
Fri May 29 12:44:23 2009 :[Renasta]:eq
Fri May 29 12:44:41 2009 :[Renasta]:n
Fri May 29 12:51:29 2009 :[Renasta]:l
Fri May 29 12:51:30 2009 :[Renasta]:who
Fri May 29 12:51:31 2009 :[Renasta]:s
Fri May 29 12:51:31 2009 :[Renasta]:w
Fri May 29 12:51:33 2009 :[Renasta]:c gate greorg
Fri May 29 12:51:35 2009 :[Renasta]:w
Fri May 29 12:51:36 2009 :[Renasta]:job request
Fri May 29 12:51:39 2009 :[Renasta]:job time
Fri May 29 12:51:43 2009 :[Renasta]:ooc hey
Fri May 29 12:51:44 2009 :[Renasta]:who
Fri May 29 12:52:05 2009 :[Renasta]:ooc not a lot, you?
Fri May 29 12:52:07 2009 :[Renasta]:job request
Fri May 29 12:52:10 2009 :[Renasta]:job request
Fri May 29 12:52:11 2009 :[Renasta]:job request
Fri May 29 12:52:19 2009 :[Renasta]:cast 'gate' king maid
Fri May 29 12:52:21 2009 :[Renasta]:e
Fri May 29 12:52:22 2009 :[Renasta]:n
Fri May 29 12:52:23 2009 :[Renasta]:e
Fri May 29 12:52:25 2009 :[Renasta]:n
Fri May 29 12:52:26 2009 :[Renasta]:s
Fri May 29 12:52:27 2009 :[Renasta]:w
Fri May 29 12:52:27 2009 :[Renasta]:s
Fri May 29 12:52:30 2009 :[Renasta]:cast 'gate' new thalos
Fri May 29 12:52:49 2009 :[Renasta]:cast 'gate' thalos king
Fri May 29 12:52:52 2009 :[Renasta]:cast 'fire' king
Fri May 29 12:52:53 2009 :[Renasta]:cast 'fire' king
Fri May 29 12:52:55 2009 :[Renasta]:cast 'fire' king
Fri May 29 12:52:56 2009 :[Renasta]:cast 'fire' king
Fri May 29 12:52:58 2009 :[Renasta]:cast 'fire' king
Fri May 29 12:53:01 2009 :[Renasta]:cast 'gate' greorg
Fri May 29 12:53:03 2009 :[Renasta]:w
Fri May 29 12:53:03 2009 :[Renasta]:job complete
Fri May 29 12:53:08 2009 :[Renasta]:cast 'gate' ultra
Fri May 29 12:53:10 2009 :[Renasta]:e
Fri May 29 12:53:10 2009 :[Renasta]:n
Fri May 29 12:53:19 2009 :[Renasta]:ooc getting ready for work
Fri May 29 12:53:35 2009 :[Renasta]:ooc hes botting, me thinks
Fri May 29 13:03:48 2009 :[Renasta]:s
Fri May 29 13:03:49 2009 :[Renasta]:w
Fri May 29 13:03:51 2009 :[Renasta]:cast 'gate' greorg
Fri May 29 13:03:53 2009 :[Renasta]:w
Fri May 29 13:03:54 2009 :[Renasta]:job request
Fri May 29 13:03:59 2009 :[Renasta]:summon efreeti
Fri May 29 13:04:03 2009 :[Renasta]:c summon efreeti
Fri May 29 13:04:07 2009 :[Renasta]:cast 'vision' efreeti
Fri May 29 13:04:13 2009 :[Renasta]:cast 'gate' efreeti
Fri May 29 13:04:20 2009 :[Renasta]:l
Fri May 29 13:04:23 2009 :[Renasta]:cast 'gate' ghenna
Fri May 29 13:04:25 2009 :[Renasta]:e
Fri May 29 13:04:31 2009 :[Renasta]:c 'create light
Fri May 29 13:04:35 2009 :[Renasta]:get ball sack
Fri May 29 13:04:45 2009 :[Renasta]:rem sword
Fri May 29 13:04:47 2009 :[Renasta]:rem dean
Fri May 29 13:04:49 2009 :[Renasta]:wear ball
Fri May 29 13:04:50 2009 :[Renasta]:in
Fri May 29 13:04:50 2009 :[Renasta]:l
Fri May 29 13:04:52 2009 :[Renasta]:u
Fri May 29 13:04:53 2009 :[Renasta]:w
Fri May 29 13:04:55 2009 :[Renasta]:w
Fri May 29 13:04:56 2009 :[Renasta]:s
Fri May 29 13:04:56 2009 :[Renasta]:s
Fri May 29 13:04:57 2009 :[Renasta]:e
Fri May 29 13:04:58 2009 :[Renasta]:s
Fri May 29 13:04:59 2009 :[Renasta]:d
Fri May 29 13:05:01 2009 :[Renasta]:e
Fri May 29 13:05:03 2009 :[Renasta]:n
Fri May 29 13:05:04 2009 :[Renasta]:e
Fri May 29 13:05:05 2009 :[Renasta]:s
Fri May 29 13:05:06 2009 :[Renasta]:s
Fri May 29 13:05:07 2009 :[Renasta]:e
Fri May 29 13:05:08 2009 :[Renasta]:e
Fri May 29 13:05:08 2009 :[Renasta]:s
Fri May 29 13:05:09 2009 :[Renasta]:s
Fri May 29 13:05:09 2009 :[Renasta]:e
Fri May 29 13:05:10 2009 :[Renasta]:d
Fri May 29 13:05:10 2009 :[Renasta]:n
Fri May 29 13:05:11 2009 :[Renasta]:e
Fri May 29 13:05:12 2009 :[Renasta]:n
Fri May 29 13:05:12 2009 :[Renasta]:e
Fri May 29 13:05:13 2009 :[Renasta]:n
Fri May 29 13:05:14 2009 :[Renasta]:w
Fri May 29 13:05:14 2009 :[Renasta]:n
Fri May 29 13:05:14 2009 :[Renasta]:e
Fri May 29 13:05:15 2009 :[Renasta]:n
Fri May 29 13:05:15 2009 :[Renasta]:s
Fri May 29 13:05:16 2009 :[Renasta]:e
Fri May 29 13:05:16 2009 :[Renasta]:n
Fri May 29 13:05:17 2009 :[Renasta]:s
Fri May 29 13:05:17 2009 :[Renasta]:s
Fri May 29 13:05:18 2009 :[Renasta]:e
Fri May 29 13:05:18 2009 :[Renasta]:w
Fri May 29 13:05:19 2009 :[Renasta]:w
Fri May 29 13:05:20 2009 :[Renasta]:e
Fri May 29 13:05:20 2009 :[Renasta]:s
Fri May 29 13:05:21 2009 :[Renasta]:e
Fri May 29 13:05:21 2009 :[Renasta]:e
Fri May 29 13:05:22 2009 :[Renasta]:n
Fri May 29 13:05:22 2009 :[Renasta]:e
Fri May 29 13:05:23 2009 :[Renasta]:s
Fri May 29 13:05:23 2009 :[Renasta]:w
Fri May 29 13:05:23 2009 :[Renasta]:s
Fri May 29 13:05:24 2009 :[Renasta]:w
Fri May 29 13:05:24 2009 :[Renasta]:s
Fri May 29 13:05:25 2009 :[Renasta]:w
Fri May 29 13:05:25 2009 :[Renasta]:e
Fri May 29 13:05:26 2009 :[Renasta]:s
Fri May 29 13:05:26 2009 :[Renasta]:e
Fri May 29 13:05:27 2009 :[Renasta]:n
Fri May 29 13:05:27 2009 :[Renasta]:e
Fri May 29 13:05:28 2009 :[Renasta]:s
Fri May 29 13:05:28 2009 :[Renasta]:e
Fri May 29 13:05:29 2009 :[Renasta]:n
Fri May 29 13:05:29 2009 :[Renasta]:n
Fri May 29 13:05:29 2009 :[Renasta]:s
Fri May 29 13:05:30 2009 :[Renasta]:e
Fri May 29 13:05:30 2009 :[Renasta]:n
Fri May 29 13:05:31 2009 :[Renasta]:w
Fri May 29 13:05:31 2009 :[Renasta]:n
Fri May 29 13:05:32 2009 :[Renasta]:e
Fri May 29 13:05:32 2009 :[Renasta]:n
Fri May 29 13:05:33 2009 :[Renasta]:w
Fri May 29 13:05:33 2009 :[Renasta]:n
Fri May 29 13:05:34 2009 :[Renasta]:e
Fri May 29 13:05:34 2009 :[Renasta]:e
Fri May 29 13:05:39 2009 :[Renasta]:d
Fri May 29 13:05:40 2009 :[Renasta]:u
Fri May 29 13:05:41 2009 :[Renasta]:n
Fri May 29 13:05:42 2009 :[Renasta]:e
Fri May 29 13:05:42 2009 :[Renasta]:e
Fri May 29 13:05:43 2009 :[Renasta]:s
Fri May 29 13:05:43 2009 :[Renasta]:e
Fri May 29 13:05:44 2009 :[Renasta]:s
Fri May 29 13:05:44 2009 :[Renasta]:s
Fri May 29 13:05:44 2009 :[Renasta]:w
Fri May 29 13:05:45 2009 :[Renasta]:s
Fri May 29 13:05:45 2009 :[Renasta]:e
Fri May 29 13:05:46 2009 :[Renasta]:e
Fri May 29 13:05:46 2009 :[Renasta]:n
Fri May 29 13:05:49 2009 :[Renasta]:d
Fri May 29 13:05:49 2009 :[Renasta]:d
Fri May 29 13:05:50 2009 :[Renasta]:u
Fri May 29 13:05:50 2009 :[Renasta]:u
Fri May 29 13:05:52 2009 :[Renasta]:cast 'gate' ghenna
Fri May 29 13:05:54 2009 :[Renasta]:e
Fri May 29 13:05:55 2009 :[Renasta]:s
Fri May 29 13:05:56 2009 :[Renasta]:d
Fri May 29 13:05:56 2009 :[Renasta]:u
Fri May 29 13:05:57 2009 :[Renasta]:u
Fri May 29 13:05:58 2009 :[Renasta]:es
Fri May 29 13:05:59 2009 :[Renasta]:s
Fri May 29 13:06:00 2009 :[Renasta]:s
Fri May 29 13:06:01 2009 :[Renasta]:e
Fri May 29 13:06:01 2009 :[Renasta]:d
Fri May 29 13:06:03 2009 :[Renasta]:e
Fri May 29 13:06:03 2009 :[Renasta]:s
Fri May 29 13:06:04 2009 :[Renasta]:n
Fri May 29 13:06:05 2009 :[Renasta]:d
Fri May 29 13:06:08 2009 :[Renasta]:s
Fri May 29 13:06:09 2009 :[Renasta]:s
Fri May 29 13:06:10 2009 :[Renasta]:n
Fri May 29 13:06:11 2009 :[Renasta]:e
Fri May 29 13:06:12 2009 :[Renasta]:w
Fri May 29 13:06:12 2009 :[Renasta]:s
Fri May 29 13:06:12 2009 :[Renasta]:w
Fri May 29 13:06:13 2009 :[Renasta]:s
Fri May 29 13:06:13 2009 :[Renasta]:d
Fri May 29 13:06:14 2009 :[Renasta]:w
Fri May 29 13:06:14 2009 :[Renasta]:s
Fri May 29 13:06:14 2009 :[Renasta]:s
Fri May 29 13:06:15 2009 :[Renasta]:e
Fri May 29 13:06:15 2009 :[Renasta]:e
Fri May 29 13:06:16 2009 :[Renasta]:e
Fri May 29 13:06:17 2009 :[Renasta]:w
Fri May 29 13:06:18 2009 :[Renasta]:who
Fri May 29 13:06:29 2009 :[Renasta]:ooc remember how to get to the efreeti?
Fri May 29 13:06:30 2009 :[Renasta]:d
Fri May 29 13:06:33 2009 :[Renasta]:ooc in ghenna
Fri May 29 13:06:34 2009 :[Renasta]:n
Fri May 29 13:06:36 2009 :[Renasta]:e
Fri May 29 13:06:37 2009 :[Renasta]:d
Fri May 29 13:06:38 2009 :[Renasta]:u
Fri May 29 13:06:39 2009 :[Renasta]:s
Fri May 29 13:06:40 2009 :[Renasta]:d
Fri May 29 13:06:41 2009 :[Renasta]:s
Fri May 29 13:06:43 2009 :[Renasta]:w
Fri May 29 13:06:44 2009 :[Renasta]:w
Fri May 29 13:06:49 2009 :[Renasta]:ooc mind filling me in?
Fri May 29 13:06:49 2009 :[Renasta]:s
Fri May 29 13:06:51 2009 :[Renasta]:n
Fri May 29 13:06:51 2009 :[Renasta]:e
Fri May 29 13:06:52 2009 :[Renasta]:e
Fri May 29 13:06:53 2009 :[Renasta]:e
Fri May 29 13:06:56 2009 :[Renasta]:cast 'gate' efreeti
Fri May 29 13:07:00 2009 :[Renasta]:ooc cant gate to him
Fri May 29 13:07:01 2009 :[Renasta]:n
Fri May 29 13:07:02 2009 :[Renasta]:n
Fri May 29 13:07:03 2009 :[Renasta]:w
Fri May 29 13:07:05 2009 :[Renasta]:d
Fri May 29 13:07:06 2009 :[Renasta]:n
Fri May 29 13:07:07 2009 :[Renasta]:w
Fri May 29 13:07:07 2009 :[Renasta]:e
Fri May 29 13:07:08 2009 :[Renasta]:s
Fri May 29 13:07:08 2009 :[Renasta]:w
Fri May 29 13:07:09 2009 :[Renasta]:w
Fri May 29 13:07:09 2009 :[Renasta]:s
Fri May 29 13:07:10 2009 :[Renasta]:e
Fri May 29 13:07:11 2009 :[Renasta]:n
Fri May 29 13:07:13 2009 :[Renasta]:e
Fri May 29 13:07:14 2009 :[Renasta]:s
Fri May 29 13:07:14 2009 :[Renasta]:e
Fri May 29 13:07:15 2009 :[Renasta]:w
Fri May 29 13:07:17 2009 :[Renasta]:d
Fri May 29 13:07:18 2009 :[Renasta]:e
Fri May 29 13:07:21 2009 :[Renasta]:cast 'gate' deep dragon
Fri May 29 13:07:25 2009 :[Renasta]:u
Fri May 29 13:07:26 2009 :[Renasta]:u
Fri May 29 13:07:30 2009 :[Renasta]:u
Fri May 29 13:07:31 2009 :[Renasta]:n
Fri May 29 13:07:35 2009 :[Renasta]:cast 'gate' deep dragon
Fri May 29 13:07:36 2009 :[Renasta]:d
Fri May 29 13:07:39 2009 :[Renasta]:l
Fri May 29 13:07:48 2009 :[Renasta]:cast 'gate' deep dragon
Fri May 29 13:07:50 2009 :[Renasta]:s
Fri May 29 13:07:51 2009 :[Renasta]:d
Fri May 29 13:07:52 2009 :[Renasta]:d
Fri May 29 13:07:53 2009 :[Renasta]:d
Fri May 29 13:07:53 2009 :[Renasta]:e
Fri May 29 13:07:54 2009 :[Renasta]:e
Fri May 29 13:07:54 2009 :[Renasta]:w
Fri May 29 13:07:54 2009 :[Renasta]:s
Fri May 29 13:07:55 2009 :[Renasta]:d
Fri May 29 13:07:55 2009 :[Renasta]:n
Fri May 29 13:07:55 2009 :[Renasta]:e
Fri May 29 13:07:56 2009 :[Renasta]:e
Fri May 29 13:07:56 2009 :[Renasta]:w
Fri May 29 13:07:56 2009 :[Renasta]:n
Fri May 29 13:07:57 2009 :[Renasta]:e
Fri May 29 13:07:57 2009 :[Renasta]:w
Fri May 29 13:07:57 2009 :[Renasta]:s
Fri May 29 13:07:58 2009 :[Renasta]:d
Fri May 29 13:07:58 2009 :[Renasta]:u
Fri May 29 13:08:01 2009 :[Renasta]:cast 'gate' deep dragon
Fri May 29 13:08:03 2009 :[Renasta]:e
Fri May 29 13:08:04 2009 :[Renasta]:w
Fri May 29 13:08:06 2009 :[Renasta]:n
Fri May 29 13:08:07 2009 :[Renasta]:s
Fri May 29 13:08:07 2009 :[Renasta]:d
Fri May 29 13:08:11 2009 :[Renasta]:scan south 
Fri May 29 13:08:13 2009 :[Renasta]:s
Fri May 29 13:08:14 2009 :[Renasta]:s
Fri May 29 13:08:16 2009 :[Renasta]:d
Fri May 29 13:08:17 2009 :[Renasta]:scan east 
Fri May 29 13:08:19 2009 :[Renasta]:scan north 
Fri May 29 13:08:19 2009 :[Renasta]:u
Fri May 29 13:08:20 2009 :[Renasta]:n
Fri May 29 13:08:21 2009 :[Renasta]:e
Fri May 29 13:08:21 2009 :[Renasta]:w
Fri May 29 13:08:23 2009 :[Renasta]:ooc nope
Fri May 29 13:08:24 2009 :[Renasta]:n
Fri May 29 13:08:24 2009 :[Renasta]:e
Fri May 29 13:08:25 2009 :[Renasta]:w
Fri May 29 13:08:25 2009 :[Renasta]:n
Fri May 29 13:08:26 2009 :[Renasta]:s
Fri May 29 13:08:26 2009 :[Renasta]:u
Fri May 29 13:08:27 2009 :[Renasta]:n
Fri May 29 13:08:27 2009 :[Renasta]:u
Fri May 29 13:08:28 2009 :[Renasta]:e
Fri May 29 13:08:28 2009 :[Renasta]:w
Fri May 29 13:08:29 2009 :[Renasta]:n
Fri May 29 13:08:29 2009 :[Renasta]:s
Fri May 29 13:08:30 2009 :[Renasta]:u
Fri May 29 13:08:31 2009 :[Renasta]:e
Fri May 29 13:08:31 2009 :[Renasta]:w
Fri May 29 13:08:32 2009 :[Renasta]:n
Fri May 29 13:08:32 2009 :[Renasta]:s
Fri May 29 13:08:33 2009 :[Renasta]:u
Fri May 29 13:08:35 2009 :[Renasta]:cast 'gate' deep dragon
Fri May 29 13:08:41 2009 :[Renasta]:cast 'gate' 2.deep dragon
Fri May 29 13:08:45 2009 :[Renasta]:cast 'gate' 3.deep dragon
Fri May 29 13:08:47 2009 :[Renasta]:cast 'gate' 3.deep dragon
Fri May 29 13:08:51 2009 :[Renasta]:cast 'gate' 4.deep dragon
Fri May 29 13:08:55 2009 :[Renasta]:cast 'gate' deep dragon
Fri May 29 13:09:00 2009 :[Renasta]:ooc tried that too :)
Fri May 29 13:09:03 2009 :[Renasta]:cast 'gate' deep dragon
Fri May 29 13:09:08 2009 :[Renasta]:cast 'gate' 2.deep dragon
Fri May 29 13:09:09 2009 :[Renasta]:n
Fri May 29 13:09:14 2009 :[Renasta]:cast 'gate' deep dragon
Fri May 29 13:09:15 2009 :[Renasta]:e
Fri May 29 13:09:16 2009 :[Renasta]:l drag
Fri May 29 13:09:17 2009 :[Renasta]:w
Fri May 29 13:09:18 2009 :[Renasta]:n
Fri May 29 13:09:18 2009 :[Renasta]:s
Fri May 29 13:09:21 2009 :[Renasta]:d
Fri May 29 13:09:21 2009 :[Renasta]:e
Fri May 29 13:09:22 2009 :[Renasta]:n
Fri May 29 13:09:23 2009 :[Renasta]:w
Fri May 29 13:09:24 2009 :[Renasta]:s
Fri May 29 13:09:25 2009 :[Renasta]:n
Fri May 29 13:09:25 2009 :[Renasta]:n
Fri May 29 13:09:26 2009 :[Renasta]:s
Fri May 29 13:09:27 2009 :[Renasta]:e
Fri May 29 13:09:27 2009 :[Renasta]:w
Fri May 29 13:09:28 2009 :[Renasta]:u
Fri May 29 13:09:28 2009 :[Renasta]:d
Fri May 29 13:09:29 2009 :[Renasta]:s
Fri May 29 13:09:30 2009 :[Renasta]:e
Fri May 29 13:09:31 2009 :[Renasta]:w
Fri May 29 13:09:31 2009 :[Renasta]:s
Fri May 29 13:09:32 2009 :[Renasta]:d
Fri May 29 13:09:35 2009 :[Renasta]:e
Fri May 29 13:09:36 2009 :[Renasta]:n
Fri May 29 13:09:37 2009 :[Renasta]:e
Fri May 29 13:09:37 2009 :[Renasta]:e
Fri May 29 13:09:38 2009 :[Renasta]:n
Fri May 29 13:09:38 2009 :[Renasta]:s
Fri May 29 13:09:39 2009 :[Renasta]:w
Fri May 29 13:09:41 2009 :[Renasta]:cast 'gate' deep dragon
Fri May 29 13:09:43 2009 :[Renasta]:u
Fri May 29 13:09:44 2009 :[Renasta]:e
Fri May 29 13:09:44 2009 :[Renasta]:w
Fri May 29 13:09:44 2009 :[Renasta]:n
Fri May 29 13:09:45 2009 :[Renasta]:s
Fri May 29 13:09:46 2009 :[Renasta]:d
Fri May 29 13:09:47 2009 :[Renasta]:d
Fri May 29 13:09:48 2009 :[Renasta]:u
Fri May 29 13:09:49 2009 :[Renasta]:d
Fri May 29 13:09:52 2009 :[Renasta]:e
Fri May 29 13:09:52 2009 :[Renasta]:n
Fri May 29 13:09:53 2009 :[Renasta]:s
Fri May 29 13:09:53 2009 :[Renasta]:s
Fri May 29 13:09:54 2009 :[Renasta]:e
Fri May 29 13:09:54 2009 :[Renasta]:e
Fri May 29 13:09:54 2009 :[Renasta]:n
Fri May 29 13:09:55 2009 :[Renasta]:s
Fri May 29 13:09:58 2009 :[Renasta]:cast 'gate' deep dragon
Fri May 29 13:10:01 2009 :[Renasta]:d
Fri May 29 13:10:02 2009 :[Renasta]:n
Fri May 29 13:10:02 2009 :[Renasta]:d
Fri May 29 13:10:03 2009 :[Renasta]:n
Fri May 29 13:10:03 2009 :[Renasta]:e
Fri May 29 13:10:04 2009 :[Renasta]:w
Fri May 29 13:10:04 2009 :[Renasta]:u
Fri May 29 13:10:06 2009 :[Renasta]:w
Fri May 29 13:10:06 2009 :[Renasta]:n
Fri May 29 13:10:06 2009 :[Renasta]:s
Fri May 29 13:10:07 2009 :[Renasta]:e
Fri May 29 13:10:08 2009 :[Renasta]:d
Fri May 29 13:10:10 2009 :[Renasta]:s
Fri May 29 13:10:10 2009 :[Renasta]:e
Fri May 29 13:10:11 2009 :[Renasta]:w
Fri May 29 13:10:12 2009 :[Renasta]:s
Fri May 29 13:10:12 2009 :[Renasta]:e
Fri May 29 13:10:13 2009 :[Renasta]:w
Fri May 29 13:10:13 2009 :[Renasta]:s
Fri May 29 13:10:14 2009 :[Renasta]:u
Fri May 29 13:10:17 2009 :[Renasta]:scan west 
Fri May 29 13:10:19 2009 :[Renasta]:n
Fri May 29 13:10:19 2009 :[Renasta]:e
Fri May 29 13:10:20 2009 :[Renasta]:s
Fri May 29 13:10:21 2009 :[Renasta]:w
Fri May 29 13:10:23 2009 :[Renasta]:scan north 
Fri May 29 13:10:23 2009 :[Renasta]:scan west 
Fri May 29 13:10:24 2009 :[Renasta]:n
Fri May 29 13:10:25 2009 :[Renasta]:n
Fri May 29 13:10:26 2009 :[Renasta]:e
Fri May 29 13:10:29 2009 :[Renasta]:cast 'fire' ef
Fri May 29 13:10:31 2009 :[Renasta]:cast 'fire' ef
Fri May 29 13:10:33 2009 :[Renasta]:ooc found him
Fri May 29 13:10:34 2009 :[Renasta]:cast 'fire' 
Fri May 29 13:10:36 2009 :[Renasta]:cast 'fire' 
Fri May 29 13:10:38 2009 :[Renasta]:cast 'fire' 
Fri May 29 13:10:39 2009 :[Renasta]:cast 'fire' 
Fri May 29 13:10:41 2009 :[Renasta]:cast 'fire' 
Fri May 29 13:10:42 2009 :[Renasta]:cast 'fire' 
Fri May 29 13:10:44 2009 :[Renasta]:cast 'fire' 
Fri May 29 13:10:46 2009 :[Renasta]:cast 'fire' 
Fri May 29 13:10:47 2009 :[Renasta]:cast 'fire' 
Fri May 29 13:10:49 2009 :[Renasta]:cast 'fire' 
Fri May 29 13:10:51 2009 :[Renasta]:cast 'fire' 
Fri May 29 13:10:52 2009 :[Renasta]:cast 'fire' 
Fri May 29 13:10:54 2009 :[Renasta]:cast 'fire' 
Fri May 29 13:10:56 2009 :[Renasta]:cast 'fire' 
Fri May 29 13:10:57 2009 :[Renasta]:ooc deep dragon was correct :)
Fri May 29 13:10:58 2009 :[Renasta]:ooc just not the up part
Fri May 29 13:10:59 2009 :[Renasta]:l
Fri May 29 13:11:00 2009 :[Renasta]:w
Fri May 29 13:11:02 2009 :[Renasta]:cast 'gate' deep dragon
Fri May 29 13:11:04 2009 :[Renasta]:d
Fri May 29 13:11:04 2009 :[Renasta]:s
Fri May 29 13:11:05 2009 :[Renasta]:w
Fri May 29 13:11:06 2009 :[Renasta]:n
Fri May 29 13:11:06 2009 :[Renasta]:s
Fri May 29 13:11:07 2009 :[Renasta]:e
Fri May 29 13:11:09 2009 :[Renasta]:u
Fri May 29 13:11:12 2009 :[Renasta]:d
Fri May 29 13:11:17 2009 :[Renasta]:cast 'gate' deep dragon
Fri May 29 13:11:18 2009 :[Renasta]:d
Fri May 29 13:11:20 2009 :[Renasta]:s
Fri May 29 13:11:21 2009 :[Renasta]:s
Fri May 29 13:11:21 2009 :[Renasta]:d
Fri May 29 13:11:23 2009 :[Renasta]:w
Fri May 29 13:11:24 2009 :[Renasta]:n
Fri May 29 13:11:26 2009 :[Renasta]:cast 'gate' deep dragon
Fri May 29 13:11:28 2009 :[Renasta]:d
Fri May 29 13:11:29 2009 :[Renasta]:w
Fri May 29 13:11:29 2009 :[Renasta]:d
Fri May 29 13:11:30 2009 :[Renasta]:n
Fri May 29 13:11:31 2009 :[Renasta]:e
Fri May 29 13:11:32 2009 :[Renasta]:s
Fri May 29 13:11:33 2009 :[Renasta]:d
Fri May 29 13:11:34 2009 :[Renasta]:w
Fri May 29 13:11:35 2009 :[Renasta]:e
Fri May 29 13:11:36 2009 :[Renasta]:s
Fri May 29 13:11:37 2009 :[Renasta]:w
Fri May 29 13:11:38 2009 :[Renasta]:e
Fri May 29 13:11:39 2009 :[Renasta]:s
Fri May 29 13:11:39 2009 :[Renasta]:n
Fri May 29 13:11:40 2009 :[Renasta]:w
Fri May 29 13:11:40 2009 :[Renasta]:e
Fri May 29 13:11:41 2009 :[Renasta]:n
Fri May 29 13:11:41 2009 :[Renasta]:e
Fri May 29 13:11:42 2009 :[Renasta]:w
Fri May 29 13:11:42 2009 :[Renasta]:n
Fri May 29 13:11:43 2009 :[Renasta]:s
Fri May 29 13:11:43 2009 :[Renasta]:s
Fri May 29 13:11:44 2009 :[Renasta]:d
Fri May 29 13:11:46 2009 :[Renasta]:scan north 
Fri May 29 13:11:47 2009 :[Renasta]:scan south 
Fri May 29 13:11:48 2009 :[Renasta]:scan east 
Fri May 29 13:11:48 2009 :[Renasta]:scan west 
Fri May 29 13:11:49 2009 :[Renasta]:u
Fri May 29 13:11:51 2009 :[Renasta]:n
Fri May 29 13:11:51 2009 :[Renasta]:w
Fri May 29 13:11:52 2009 :[Renasta]:e
Fri May 29 13:11:52 2009 :[Renasta]:n
Fri May 29 13:11:53 2009 :[Renasta]:w
Fri May 29 13:11:53 2009 :[Renasta]:e
Fri May 29 13:11:53 2009 :[Renasta]:n
Fri May 29 13:11:54 2009 :[Renasta]:u
Fri May 29 13:11:54 2009 :[Renasta]:e
Fri May 29 13:11:55 2009 :[Renasta]:w
Fri May 29 13:11:55 2009 :[Renasta]:s
Fri May 29 13:11:56 2009 :[Renasta]:n
Fri May 29 13:11:56 2009 :[Renasta]:u
Fri May 29 13:11:57 2009 :[Renasta]:w
Fri May 29 13:11:57 2009 :[Renasta]:e
Fri May 29 13:11:57 2009 :[Renasta]:s
Fri May 29 13:11:59 2009 :[Renasta]:u
Fri May 29 13:12:00 2009 :[Renasta]:scan west 
Fri May 29 13:12:22 2009 :[Renasta]:cast 'gate' ultra
Fri May 29 13:12:25 2009 :[Renasta]:cast 'gate' greorg
Fri May 29 13:12:27 2009 :[Renasta]:w
Fri May 29 13:12:27 2009 :[Renasta]:job complete
Fri May 29 13:12:28 2009 :[Renasta]:oscore 
Fri May 29 13:12:33 2009 :[Renasta]:cast 'gate' ultra
Fri May 29 13:12:34 2009 :[Renasta]:e
Fri May 29 13:12:35 2009 :[Renasta]:n
Fri May 29 13:20:32 2009 :[Renasta]:wake
Fri May 29 13:20:32 2009 :[Renasta]:cast 'create spring'
Fri May 29 13:20:33 2009 :[Renasta]:cast 'create spring'
Fri May 29 13:20:35 2009 :[Renasta]:drink
Fri May 29 13:23:50 2009 :[Renasta]:s
Fri May 29 13:23:50 2009 :[Renasta]:w
Fri May 29 13:23:52 2009 :[Renasta]:cast 'gate' greorg
Fri May 29 13:23:54 2009 :[Renasta]:w
Fri May 29 13:23:54 2009 :[Renasta]:job request
Fri May 29 13:24:00 2009 :[Renasta]:summon elite city guard
Fri May 29 13:24:02 2009 :[Renasta]:wake
Fri May 29 13:24:02 2009 :[Renasta]:c 'create food'
Fri May 29 13:24:04 2009 :[Renasta]:c 'create food'
Fri May 29 13:24:06 2009 :[Renasta]:get mush
Fri May 29 13:24:06 2009 :[Renasta]:get mush
Fri May 29 13:24:06 2009 :[Renasta]:eat mush
Fri May 29 13:24:06 2009 :[Renasta]:eat mush
Fri May 29 13:24:06 2009 :[Renasta]:c summon elite city guard
Fri May 29 13:24:11 2009 :[Renasta]:cast 'vision' elite city guard
Fri May 29 13:24:18 2009 :[Renasta]:e
Fri May 29 13:24:18 2009 :[Renasta]:e
Fri May 29 13:24:19 2009 :[Renasta]:s
Fri May 29 13:24:22 2009 :[Renasta]:in
Fri May 29 13:24:24 2009 :[Renasta]:drop crown
Fri May 29 13:24:26 2009 :[Renasta]:drop paper
Fri May 29 13:24:28 2009 :[Renasta]:n
Fri May 29 13:24:28 2009 :[Renasta]:w
Fri May 29 13:24:29 2009 :[Renasta]:get mush
Fri May 29 13:24:30 2009 :[Renasta]:eat mush
Fri May 29 13:24:31 2009 :[Renasta]:e
Fri May 29 13:24:31 2009 :[Renasta]:s
Fri May 29 13:24:33 2009 :[Renasta]:s
Fri May 29 13:24:34 2009 :[Renasta]:w
Fri May 29 13:24:34 2009 :[Renasta]:w
Fri May 29 13:24:34 2009 :[Renasta]:w
Fri May 29 13:24:35 2009 :[Renasta]:w
Fri May 29 13:24:35 2009 :[Renasta]:w
Fri May 29 13:24:35 2009 :[Renasta]:w
Fri May 29 13:24:35 2009 :[Renasta]:w
Fri May 29 13:24:36 2009 :[Renasta]:w
Fri May 29 13:24:36 2009 :[Renasta]:w
Fri May 29 13:24:36 2009 :[Renasta]:w
Fri May 29 13:24:36 2009 :[Renasta]:w
Fri May 29 13:24:37 2009 :[Renasta]:w
Fri May 29 13:24:37 2009 :[Renasta]:w
Fri May 29 13:24:37 2009 :[Renasta]:w
Fri May 29 13:24:37 2009 :[Renasta]:w
Fri May 29 13:24:42 2009 :[Renasta]:cast 'fire' elite
Fri May 29 13:24:43 2009 :[Renasta]:dispel
Fri May 29 13:24:45 2009 :[Renasta]:dispel
Fri May 29 13:24:47 2009 :[Renasta]:c dispel
Fri May 29 13:24:49 2009 :[Renasta]:c dispel
Fri May 29 13:24:51 2009 :[Renasta]:cast 'fire' 
Fri May 29 13:24:52 2009 :[Renasta]:cast 'fire' 
Fri May 29 13:24:54 2009 :[Renasta]:cast 'fire' 
Fri May 29 13:24:57 2009 :[Renasta]:cast 'fire' 
Fri May 29 13:24:59 2009 :[Renasta]:cast 'fire' 
Fri May 29 13:25:00 2009 :[Renasta]:cast 'fire' 
Fri May 29 13:25:02 2009 :[Renasta]:cast 'fire' 
Fri May 29 13:25:04 2009 :[Renasta]:cast 'fire' 
Fri May 29 13:25:06 2009 :[Renasta]:cast 'fire' 
Fri May 29 13:25:08 2009 :[Renasta]:cast 'fire' 
Fri May 29 13:25:11 2009 :[Renasta]:cast 'gate' greorg
Fri May 29 13:25:13 2009 :[Renasta]:n
Fri May 29 13:25:13 2009 :[Renasta]:s
Fri May 29 13:25:13 2009 :[Renasta]:w
Fri May 29 13:25:15 2009 :[Renasta]:job complete
Fri May 29 13:25:16 2009 :[Renasta]:oscore 
Fri May 29 13:25:19 2009 :[Renasta]:cast 'gate' ultra
Fri May 29 13:25:21 2009 :[Renasta]:e
Fri May 29 13:25:21 2009 :[Renasta]:n
Fri May 29 13:32:25 2009 :[Renasta]:job time
Fri May 29 13:35:16 2009 :[Renasta]:s
Fri May 29 13:35:17 2009 :[Renasta]:w
Fri May 29 13:35:19 2009 :[Renasta]:cast 'gate' greorg
Fri May 29 13:35:21 2009 :[Renasta]:w
Fri May 29 13:35:22 2009 :[Renasta]:job request
Fri May 29 13:35:23 2009 :[Renasta]:job request
Fri May 29 13:35:27 2009 :[Renasta]:cast 'gate' crotus
Fri May 29 13:35:29 2009 :[Renasta]:get scep
Fri May 29 13:35:30 2009 :[Renasta]:in
Fri May 29 13:35:32 2009 :[Renasta]:drop sword
Fri May 29 13:35:35 2009 :[Renasta]:autoloot
Fri May 29 13:35:37 2009 :[Renasta]:get scep
Fri May 29 13:35:39 2009 :[Renasta]:cast 'gate' greorg
Fri May 29 13:35:41 2009 :[Renasta]:w
Fri May 29 13:35:41 2009 :[Renasta]:job complete
Fri May 29 13:35:43 2009 :[Renasta]:oscore 
Fri May 29 13:35:46 2009 :[Renasta]:job buy practice
Fri May 29 13:35:49 2009 :[Renasta]:cast 'gate' samuel
Fri May 29 13:35:50 2009 :[Renasta]:s
Fri May 29 13:35:51 2009 :[Renasta]:e
Fri May 29 13:35:51 2009 :[Renasta]:s
Fri May 29 13:35:55 2009 :[Renasta]:gain convert
Fri May 29 13:35:56 2009 :[Renasta]:train hp
Fri May 29 13:36:02 2009 :[Renasta]:cast 'gate' ultra
Fri May 29 13:36:04 2009 :[Renasta]:e
Fri May 29 13:36:04 2009 :[Renasta]:n
Fri May 29 13:36:14 2009 :[Renasta]:who
Fri May 29 13:47:38 2009 :[Renasta]:s
Fri May 29 13:47:38 2009 :[Renasta]:w
Fri May 29 13:47:40 2009 :[Renasta]:cast 'gate' greorg
Fri May 29 13:47:42 2009 :[Renasta]:w
Fri May 29 13:47:42 2009 :[Renasta]:job request
Fri May 29 13:47:46 2009 :[Renasta]:summon black beetle
Fri May 29 13:47:50 2009 :[Renasta]:c summon black beetle
Fri May 29 13:47:53 2009 :[Renasta]:cast 'gate' black beetle
Fri May 29 13:48:02 2009 :[Renasta]:cast 'gate' new thalos
Fri May 29 13:48:05 2009 :[Renasta]:cast 'gate' sultan
Fri May 29 13:48:06 2009 :[Renasta]:n
Fri May 29 13:48:07 2009 :[Renasta]:n
Fri May 29 13:48:08 2009 :[Renasta]:n
Fri May 29 13:48:09 2009 :[Renasta]:n
Fri May 29 13:48:10 2009 :[Renasta]:n
Fri May 29 13:48:11 2009 :[Renasta]:w
Fri May 29 13:48:12 2009 :[Renasta]:e
Fri May 29 13:48:12 2009 :[Renasta]:e
Fri May 29 13:48:12 2009 :[Renasta]:e
Fri May 29 13:48:13 2009 :[Renasta]:w
Fri May 29 13:48:14 2009 :[Renasta]:n
Fri May 29 13:48:15 2009 :[Renasta]:n
Fri May 29 13:48:16 2009 :[Renasta]:w
Fri May 29 13:48:16 2009 :[Renasta]:w
Fri May 29 13:48:17 2009 :[Renasta]:w
Fri May 29 13:48:18 2009 :[Renasta]:w
Fri May 29 13:48:19 2009 :[Renasta]:w
Fri May 29 13:48:19 2009 :[Renasta]:n
Fri May 29 13:48:20 2009 :[Renasta]:n
Fri May 29 13:48:20 2009 :[Renasta]:n
Fri May 29 13:48:20 2009 :[Renasta]:n
Fri May 29 13:48:21 2009 :[Renasta]:n
Fri May 29 13:48:21 2009 :[Renasta]:n
Fri May 29 13:48:22 2009 :[Renasta]:e
Fri May 29 13:48:23 2009 :[Renasta]:w
Fri May 29 13:48:23 2009 :[Renasta]:n
Fri May 29 13:48:23 2009 :[Renasta]:w
Fri May 29 13:48:24 2009 :[Renasta]:u
Fri May 29 13:48:25 2009 :[Renasta]:w
Fri May 29 13:48:28 2009 :[Renasta]:cast 'fire' beetle
Fri May 29 13:48:30 2009 :[Renasta]:cast 'fire' beetle
Fri May 29 13:48:32 2009 :[Renasta]:cast 'fire' 
Fri May 29 13:48:33 2009 :[Renasta]:cast 'fire' 
Fri May 29 13:48:35 2009 :[Renasta]:cast 'fire' 
Fri May 29 13:48:37 2009 :[Renasta]:cast 'fire' 
Fri May 29 13:48:38 2009 :[Renasta]:cast 'fire' 
Fri May 29 13:48:40 2009 :[Renasta]:cast 'fire' 
Fri May 29 13:48:40 2009 :[Renasta]:e
Fri May 29 13:48:42 2009 :[Renasta]:cast 'fire' beetl
Fri May 29 13:48:43 2009 :[Renasta]:e
Fri May 29 13:48:44 2009 :[Renasta]:d
Fri May 29 13:48:45 2009 :[Renasta]:e
Fri May 29 13:48:47 2009 :[Renasta]:cast 'gate' greorg
Fri May 29 13:48:49 2009 :[Renasta]:w
Fri May 29 13:48:50 2009 :[Renasta]:job complete
Fri May 29 13:48:53 2009 :[Renasta]:cast 'gate' ultra
Fri May 29 13:48:55 2009 :[Renasta]:e
Fri May 29 13:48:55 2009 :[Renasta]:n
Fri May 29 13:48:55 2009 :[Renasta]:who
Fri May 29 13:48:58 2009 :[Renasta]:quit
Fri May 29 13:49:13 2009 :[Renasta]:quit
Fri May 29 13:49:14 2009 :[Renasta]:l
Fri May 29 13:52:38 2009 :[Renasta]:l i sack
Fri May 29 13:52:49 2009 :[Renasta]:s
Fri May 29 13:52:50 2009 :[Renasta]:w
Fri May 29 13:52:52 2009 :[Renasta]:cast 'gate' pixie
Fri May 29 13:52:54 2009 :[Renasta]:s
Fri May 29 13:52:55 2009 :[Renasta]:w
Fri May 29 13:52:56 2009 :[Renasta]:f
Fri May 29 13:52:56 2009 :[Renasta]:f
Fri May 29 13:52:57 2009 :[Renasta]:d
Fri May 29 13:52:57 2009 :[Renasta]:d
Fri May 29 13:52:57 2009 :[Renasta]:d
Fri May 29 13:52:58 2009 :[Renasta]:d
Fri May 29 13:52:58 2009 :[Renasta]:d
Fri May 29 13:52:58 2009 :[Renasta]:d
Fri May 29 13:52:59 2009 :[Renasta]:d
Fri May 29 13:53:01 2009 :[Renasta]:l pi
Fri May 29 13:53:04 2009 :[Renasta]:n
Fri May 29 13:53:05 2009 :[Renasta]:e
Fri May 29 13:53:09 2009 :[Renasta]:l fair
Fri May 29 13:53:12 2009 :[Renasta]:cast 'fire' fair
Fri May 29 13:53:15 2009 :[Renasta]:get glow
Fri May 29 13:53:19 2009 :[Renasta]:cast 'gate' ultra
Fri May 29 13:53:20 2009 :[Renasta]:e
Fri May 29 13:53:21 2009 :[Renasta]:n
Fri May 29 13:53:22 2009 :[Renasta]:who
Fri May 29 14:08:32 2009 :[Renasta]:who
Fri May 29 14:10:13 2009 :[Renasta]:cast 'create spring'
Fri May 29 14:10:15 2009 :[Renasta]:drink
Fri May 29 14:10:28 2009 :[Renasta]:s
Fri May 29 14:10:29 2009 :[Renasta]:w
Fri May 29 14:10:31 2009 :[Renasta]:cast 'gate' greorg
Fri May 29 14:10:33 2009 :[Renasta]:w
Fri May 29 14:10:34 2009 :[Renasta]:job request
Fri May 29 14:10:38 2009 :[Renasta]:cast 'gate' embergreen
Fri May 29 14:10:43 2009 :[Renasta]:cast 'vision' embergreen
Fri May 29 14:10:48 2009 :[Renasta]:cast 'gate' gaunt
Fri May 29 14:11:03 2009 :[Renasta]:l
Fri May 29 14:11:10 2009 :[Renasta]:ooc hmm, what NPCs are in embergreen?
Fri May 29 14:11:11 2009 :[Renasta]:l
Fri May 29 14:11:12 2009 :[Renasta]:e
Fri May 29 14:11:12 2009 :[Renasta]:s
Fri May 29 14:11:13 2009 :[Renasta]:s
Fri May 29 14:11:14 2009 :[Renasta]:n
Fri May 29 14:11:24 2009 :[Renasta]:get sa
Fri May 29 14:11:26 2009 :[Renasta]:get all
Fri May 29 14:11:28 2009 :[Renasta]:drop paper
Fri May 29 14:11:48 2009 :[Renasta]:l
Fri May 29 14:11:49 2009 :[Renasta]:e
Fri May 29 14:11:50 2009 :[Renasta]:s
Fri May 29 14:11:51 2009 :[Renasta]:e
Fri May 29 14:11:52 2009 :[Renasta]:w
Fri May 29 14:11:52 2009 :[Renasta]:w
Fri May 29 14:11:53 2009 :[Renasta]:s
Fri May 29 14:11:53 2009 :[Renasta]:s
Fri May 29 14:11:53 2009 :[Renasta]:s
Fri May 29 14:11:54 2009 :[Renasta]:s
Fri May 29 14:11:54 2009 :[Renasta]:s
Fri May 29 14:11:54 2009 :[Renasta]:s
Fri May 29 14:11:54 2009 :[Renasta]:s
Fri May 29 14:11:55 2009 :[Renasta]:s
Fri May 29 14:11:55 2009 :[Renasta]:s
Fri May 29 14:11:55 2009 :[Renasta]:s
Fri May 29 14:11:55 2009 :[Renasta]:s
Fri May 29 14:11:56 2009 :[Renasta]:s
Fri May 29 14:11:56 2009 :[Renasta]:s
Fri May 29 14:11:56 2009 :[Renasta]:s
Fri May 29 14:11:56 2009 :[Renasta]:s
Fri May 29 14:11:57 2009 :[Renasta]:s
Fri May 29 14:11:57 2009 :[Renasta]:s
Fri May 29 14:11:57 2009 :[Renasta]:s
Fri May 29 14:11:57 2009 :[Renasta]:s
Fri May 29 14:11:58 2009 :[Renasta]:s
Fri May 29 14:11:58 2009 :[Renasta]:s
Fri May 29 14:11:58 2009 :[Renasta]:s
Fri May 29 14:11:58 2009 :[Renasta]:s
Fri May 29 14:12:01 2009 :[Renasta]:wear glow
Fri May 29 14:12:02 2009 :[Renasta]:s
Fri May 29 14:12:03 2009 :[Renasta]:l
Fri May 29 14:12:05 2009 :[Renasta]:e
Fri May 29 14:12:06 2009 :[Renasta]:s
Fri May 29 14:12:13 2009 :[Renasta]:ooc for being deleted, I'm being sent there
Fri May 29 14:12:13 2009 :[Renasta]:e
Fri May 29 14:12:14 2009 :[Renasta]:s
Fri May 29 14:12:14 2009 :[Renasta]:s
Fri May 29 14:12:14 2009 :[Renasta]:s
Fri May 29 14:12:15 2009 :[Renasta]:s
Fri May 29 14:12:15 2009 :[Renasta]:s
Fri May 29 14:12:15 2009 :[Renasta]:s
Fri May 29 14:12:16 2009 :[Renasta]:e
Fri May 29 14:12:16 2009 :[Renasta]:e
Fri May 29 14:12:16 2009 :[Renasta]:e
Fri May 29 14:12:17 2009 :[Renasta]:s
Fri May 29 14:12:17 2009 :[Renasta]:e
Fri May 29 14:12:17 2009 :[Renasta]:e
Fri May 29 14:12:18 2009 :[Renasta]:s
Fri May 29 14:12:19 2009 :[Renasta]:e
Fri May 29 14:12:19 2009 :[Renasta]:e
Fri May 29 14:12:19 2009 :[Renasta]:n
Fri May 29 14:12:20 2009 :[Renasta]:e
Fri May 29 14:12:20 2009 :[Renasta]:s
Fri May 29 14:12:21 2009 :[Renasta]:e
Fri May 29 14:12:21 2009 :[Renasta]:e
Fri May 29 14:12:21 2009 :[Renasta]:e
Fri May 29 14:12:22 2009 :[Renasta]:n
Fri May 29 14:12:23 2009 :[Renasta]:e
Fri May 29 14:12:23 2009 :[Renasta]:n
Fri May 29 14:12:25 2009 :[Renasta]:n
Fri May 29 14:12:25 2009 :[Renasta]:n
Fri May 29 14:12:26 2009 :[Renasta]:n
Fri May 29 14:12:28 2009 :[Renasta]:w
Fri May 29 14:12:29 2009 :[Renasta]:n
Fri May 29 14:12:30 2009 :[Renasta]:s
Fri May 29 14:12:30 2009 :[Renasta]:w
Fri May 29 14:12:32 2009 :[Renasta]:n
Fri May 29 14:12:32 2009 :[Renasta]:n
Fri May 29 14:12:33 2009 :[Renasta]:s
Fri May 29 14:12:34 2009 :[Renasta]:e
Fri May 29 14:12:35 2009 :[Renasta]:n
Fri May 29 14:12:36 2009 :[Renasta]:s
Fri May 29 14:12:36 2009 :[Renasta]:e
Fri May 29 14:12:37 2009 :[Renasta]:e
Fri May 29 14:12:39 2009 :[Renasta]:e
Fri May 29 14:12:40 2009 :[Renasta]:e
Fri May 29 14:12:41 2009 :[Renasta]:e
Fri May 29 14:12:41 2009 :[Renasta]:n
Fri May 29 14:12:42 2009 :[Renasta]:s
Fri May 29 14:12:43 2009 :[Renasta]:e
Fri May 29 14:12:43 2009 :[Renasta]:s
Fri May 29 14:12:44 2009 :[Renasta]:w
Fri May 29 14:12:44 2009 :[Renasta]:w
Fri May 29 14:12:45 2009 :[Renasta]:s
Fri May 29 14:12:46 2009 :[Renasta]:s
Fri May 29 14:12:47 2009 :[Renasta]:s
Fri May 29 14:12:47 2009 :[Renasta]:n
Fri May 29 14:12:48 2009 :[Renasta]:n
Fri May 29 14:12:48 2009 :[Renasta]:n
Fri May 29 14:12:49 2009 :[Renasta]:w
Fri May 29 14:12:50 2009 :[Renasta]:w
Fri May 29 14:12:51 2009 :[Renasta]:w
Fri May 29 14:12:52 2009 :[Renasta]:n
Fri May 29 14:12:53 2009 :[Renasta]:s
Fri May 29 14:12:53 2009 :[Renasta]:w
Fri May 29 14:12:54 2009 :[Renasta]:s
Fri May 29 14:12:55 2009 :[Renasta]:w
Fri May 29 14:12:55 2009 :[Renasta]:e
Fri May 29 14:12:56 2009 :[Renasta]:n
Fri May 29 14:12:57 2009 :[Renasta]:s
Fri May 29 14:12:57 2009 :[Renasta]:s
Fri May 29 14:12:58 2009 :[Renasta]:e
Fri May 29 14:12:58 2009 :[Renasta]:n
Fri May 29 14:12:59 2009 :[Renasta]:n
Fri May 29 14:13:00 2009 :[Renasta]:w
Fri May 29 14:13:01 2009 :[Renasta]:w
Fri May 29 14:13:02 2009 :[Renasta]:n
Fri May 29 14:13:03 2009 :[Renasta]:n
Fri May 29 14:13:04 2009 :[Renasta]:s
Fri May 29 14:13:04 2009 :[Renasta]:e
Fri May 29 14:13:05 2009 :[Renasta]:w
Fri May 29 14:13:05 2009 :[Renasta]:w
Fri May 29 14:13:06 2009 :[Renasta]:s
Fri May 29 14:13:06 2009 :[Renasta]:e
Fri May 29 14:13:06 2009 :[Renasta]:s
Fri May 29 14:13:07 2009 :[Renasta]:w
Fri May 29 14:13:08 2009 :[Renasta]:n
Fri May 29 14:13:08 2009 :[Renasta]:e
Fri May 29 14:13:09 2009 :[Renasta]:s
Fri May 29 14:13:09 2009 :[Renasta]:e
Fri May 29 14:13:10 2009 :[Renasta]:s
Fri May 29 14:13:10 2009 :[Renasta]:w
Fri May 29 14:13:10 2009 :[Renasta]:w
Fri May 29 14:13:11 2009 :[Renasta]:s
Fri May 29 14:13:12 2009 :[Renasta]:n
Fri May 29 14:13:12 2009 :[Renasta]:n
Fri May 29 14:13:13 2009 :[Renasta]:w
Fri May 29 14:13:13 2009 :[Renasta]:w
Fri May 29 14:13:14 2009 :[Renasta]:w
Fri May 29 14:13:14 2009 :[Renasta]:w
Fri May 29 14:13:15 2009 :[Renasta]:w
Fri May 29 14:13:15 2009 :[Renasta]:w
Fri May 29 14:13:16 2009 :[Renasta]:s
Fri May 29 14:13:17 2009 :[Renasta]:s
Fri May 29 14:13:17 2009 :[Renasta]:e
Fri May 29 14:13:18 2009 :[Renasta]:w
Fri May 29 14:13:18 2009 :[Renasta]:n
Fri May 29 14:13:18 2009 :[Renasta]:n
Fri May 29 14:13:19 2009 :[Renasta]:w
Fri May 29 14:13:20 2009 :[Renasta]:n
Fri May 29 14:13:20 2009 :[Renasta]:e
Fri May 29 14:13:21 2009 :[Renasta]:e
Fri May 29 14:13:21 2009 :[Renasta]:n
Fri May 29 14:13:22 2009 :[Renasta]:e
Fri May 29 14:13:23 2009 :[Renasta]:n
Fri May 29 14:13:23 2009 :[Renasta]:e
Fri May 29 14:13:24 2009 :[Renasta]:s
Fri May 29 14:13:24 2009 :[Renasta]:e
Fri May 29 14:13:25 2009 :[Renasta]:n
Fri May 29 14:13:26 2009 :[Renasta]:e
Fri May 29 14:13:27 2009 :[Renasta]:n
Fri May 29 14:13:27 2009 :[Renasta]:e
Fri May 29 14:13:30 2009 :[Renasta]:n
Fri May 29 14:13:30 2009 :[Renasta]:s
Fri May 29 14:13:31 2009 :[Renasta]:e
Fri May 29 14:13:32 2009 :[Renasta]:n
Fri May 29 14:13:32 2009 :[Renasta]:e
Fri May 29 14:13:33 2009 :[Renasta]:s
Fri May 29 14:13:33 2009 :[Renasta]:w
Fri May 29 14:13:34 2009 :[Renasta]:s
Fri May 29 14:13:34 2009 :[Renasta]:w
Fri May 29 14:13:35 2009 :[Renasta]:s
Fri May 29 14:13:36 2009 :[Renasta]:w
Fri May 29 14:13:36 2009 :[Renasta]:s
Fri May 29 14:13:36 2009 :[Renasta]:u
Fri May 29 14:13:37 2009 :[Renasta]:n
Fri May 29 14:13:37 2009 :[Renasta]:e
Fri May 29 14:13:38 2009 :[Renasta]:n
Fri May 29 14:13:38 2009 :[Renasta]:w
Fri May 29 14:13:39 2009 :[Renasta]:w
Fri May 29 14:13:39 2009 :[Renasta]:s
Fri May 29 14:13:40 2009 :[Renasta]:s
Fri May 29 14:13:41 2009 :[Renasta]:w
Fri May 29 14:13:41 2009 :[Renasta]:s
Fri May 29 14:13:48 2009 :[Renasta]:s
Fri May 29 14:13:49 2009 :[Renasta]:s
Fri May 29 14:13:50 2009 :[Renasta]:e
Fri May 29 14:13:50 2009 :[Renasta]:e
Fri May 29 14:13:55 2009 :[Renasta]:ooc unlinked doesnt equal delete
Fri May 29 14:13:56 2009 :[Renasta]:e
Fri May 29 14:13:57 2009 :[Renasta]:e
Fri May 29 14:13:57 2009 :[Renasta]:n
Fri May 29 14:13:58 2009 :[Renasta]:s
Fri May 29 14:13:58 2009 :[Renasta]:s
Fri May 29 14:13:59 2009 :[Renasta]:w
Fri May 29 14:13:59 2009 :[Renasta]:s
Fri May 29 14:14:00 2009 :[Renasta]:w
Fri May 29 14:14:00 2009 :[Renasta]:s
Fri May 29 14:14:01 2009 :[Renasta]:s
Fri May 29 14:14:02 2009 :[Renasta]:s
Fri May 29 14:14:02 2009 :[Renasta]:e
Fri May 29 14:14:03 2009 :[Renasta]:e
Fri May 29 14:14:03 2009 :[Renasta]:e
Fri May 29 14:14:03 2009 :[Renasta]:e
Fri May 29 14:14:04 2009 :[Renasta]:n
Fri May 29 14:14:04 2009 :[Renasta]:e
Fri May 29 14:14:04 2009 :[Renasta]:e
Fri May 29 14:14:04 2009 :[Renasta]:e
Fri May 29 14:14:05 2009 :[Renasta]:e
Fri May 29 14:14:06 2009 :[Renasta]:n
Fri May 29 14:14:06 2009 :[Renasta]:n
Fri May 29 14:14:06 2009 :[Renasta]:n
Fri May 29 14:14:06 2009 :[Renasta]:n
Fri May 29 14:14:07 2009 :[Renasta]:n
Fri May 29 14:14:07 2009 :[Renasta]:w
Fri May 29 14:14:08 2009 :[Renasta]:w
Fri May 29 14:14:08 2009 :[Renasta]:n
Fri May 29 14:14:09 2009 :[Renasta]:n
Fri May 29 14:14:09 2009 :[Renasta]:w
Fri May 29 14:14:09 2009 :[Renasta]:w
Fri May 29 14:14:10 2009 :[Renasta]:n
Fri May 29 14:14:10 2009 :[Renasta]:w
Fri May 29 14:14:10 2009 :[Renasta]:n
Fri May 29 14:14:11 2009 :[Renasta]:n
Fri May 29 14:14:11 2009 :[Renasta]:n
Fri May 29 14:14:11 2009 :[Renasta]:n
Fri May 29 14:14:11 2009 :[Renasta]:w
Fri May 29 14:14:12 2009 :[Renasta]:n
Fri May 29 14:14:12 2009 :[Renasta]:n
Fri May 29 14:14:13 2009 :[Renasta]:n
Fri May 29 14:14:13 2009 :[Renasta]:n
Fri May 29 14:14:14 2009 :[Renasta]:alist
Fri May 29 14:14:16 2009 :[Renasta]:area
Fri May 29 14:14:20 2009 :[Renasta]:l
Fri May 29 14:14:24 2009 :[Renasta]:n
Fri May 29 14:14:24 2009 :[Renasta]:w
Fri May 29 14:14:25 2009 :[Renasta]:w
Fri May 29 14:14:25 2009 :[Renasta]:n
Fri May 29 14:14:26 2009 :[Renasta]:n
Fri May 29 14:14:26 2009 :[Renasta]:e
Fri May 29 14:14:26 2009 :[Renasta]:s
Fri May 29 14:14:28 2009 :[Renasta]:n
Fri May 29 14:14:28 2009 :[Renasta]:n
Fri May 29 14:14:29 2009 :[Renasta]:e
Fri May 29 14:14:29 2009 :[Renasta]:n
Fri May 29 14:14:30 2009 :[Renasta]:s
Fri May 29 14:14:30 2009 :[Renasta]:e
Fri May 29 14:14:30 2009 :[Renasta]:e
Fri May 29 14:14:31 2009 :[Renasta]:e
Fri May 29 14:14:31 2009 :[Renasta]:e
Fri May 29 14:14:31 2009 :[Renasta]:e
Fri May 29 14:14:31 2009 :[Renasta]:e
Fri May 29 14:14:32 2009 :[Renasta]:n
Fri May 29 14:14:32 2009 :[Renasta]:e
Fri May 29 14:14:33 2009 :[Renasta]:e
Fri May 29 14:14:33 2009 :[Renasta]:e
Fri May 29 14:14:33 2009 :[Renasta]:e
Fri May 29 14:14:33 2009 :[Renasta]:e
Fri May 29 14:14:34 2009 :[Renasta]:e
Fri May 29 14:14:34 2009 :[Renasta]:e
Fri May 29 14:14:34 2009 :[Renasta]:e
Fri May 29 14:14:35 2009 :[Renasta]:n
Fri May 29 14:14:35 2009 :[Renasta]:e
Fri May 29 14:14:36 2009 :[Renasta]:e
Fri May 29 14:14:36 2009 :[Renasta]:n
Fri May 29 14:14:36 2009 :[Renasta]:e
Fri May 29 14:14:37 2009 :[Renasta]:n
Fri May 29 14:14:38 2009 :[Renasta]:n
Fri May 29 14:14:38 2009 :[Renasta]:n
Fri May 29 14:14:38 2009 :[Renasta]:n
Fri May 29 14:14:38 2009 :[Renasta]:n
Fri May 29 14:14:39 2009 :[Renasta]:n
Fri May 29 14:14:39 2009 :[Renasta]:n
Fri May 29 14:14:39 2009 :[Renasta]:n
Fri May 29 14:14:40 2009 :[Renasta]:w
Fri May 29 14:14:40 2009 :[Renasta]:w
Fri May 29 14:14:40 2009 :[Renasta]:w
Fri May 29 14:14:41 2009 :[Renasta]:w
Fri May 29 14:14:41 2009 :[Renasta]:s
Fri May 29 14:14:41 2009 :[Renasta]:w
Fri May 29 14:14:42 2009 :[Renasta]:s
Fri May 29 14:14:42 2009 :[Renasta]:s
Fri May 29 14:14:42 2009 :[Renasta]:w
Fri May 29 14:14:43 2009 :[Renasta]:s
Fri May 29 14:14:43 2009 :[Renasta]:s
Fri May 29 14:14:43 2009 :[Renasta]:s
Fri May 29 14:14:43 2009 :[Renasta]:w
Fri May 29 14:14:44 2009 :[Renasta]:w
Fri May 29 14:14:44 2009 :[Renasta]:w
Fri May 29 14:14:44 2009 :[Renasta]:e
Fri May 29 14:14:45 2009 :[Renasta]:e
Fri May 29 14:14:45 2009 :[Renasta]:e
Fri May 29 14:14:45 2009 :[Renasta]:e
Fri May 29 14:14:45 2009 :[Renasta]:e
Fri May 29 14:14:46 2009 :[Renasta]:w
Fri May 29 14:14:46 2009 :[Renasta]:w
Fri May 29 14:14:46 2009 :[Renasta]:w
Fri May 29 14:14:47 2009 :[Renasta]:n
Fri May 29 14:14:47 2009 :[Renasta]:e
Fri May 29 14:14:48 2009 :[Renasta]:e
Fri May 29 14:14:48 2009 :[Renasta]:n
Fri May 29 14:14:48 2009 :[Renasta]:n
Fri May 29 14:14:49 2009 :[Renasta]:n
Fri May 29 14:14:49 2009 :[Renasta]:n
Fri May 29 14:14:50 2009 :[Renasta]:e
Fri May 29 14:14:50 2009 :[Renasta]:n
Fri May 29 14:14:50 2009 :[Renasta]:e
Fri May 29 14:14:50 2009 :[Renasta]:e
Fri May 29 14:14:51 2009 :[Renasta]:e
Fri May 29 14:14:51 2009 :[Renasta]:n
Fri May 29 14:14:52 2009 :[Renasta]:e
Fri May 29 14:14:52 2009 :[Renasta]:n
Fri May 29 14:14:53 2009 :[Renasta]:n
Fri May 29 14:14:53 2009 :[Renasta]:w
Fri May 29 14:14:54 2009 :[Renasta]:n
Fri May 29 14:14:54 2009 :[Renasta]:n
Fri May 29 14:14:55 2009 :[Renasta]:n
Fri May 29 14:14:56 2009 :[Renasta]:e
Fri May 29 14:14:57 2009 :[Renasta]:w
Fri May 29 14:14:58 2009 :[Renasta]:s
Fri May 29 14:14:58 2009 :[Renasta]:s
Fri May 29 14:14:59 2009 :[Renasta]:s
Fri May 29 14:14:59 2009 :[Renasta]:s
Fri May 29 14:14:59 2009 :[Renasta]:s
Fri May 29 14:15:01 2009 :[Renasta]:e
Fri May 29 14:15:01 2009 :[Renasta]:e
Fri May 29 14:15:01 2009 :[Renasta]:e
Fri May 29 14:15:02 2009 :[Renasta]:s
Fri May 29 14:15:02 2009 :[Renasta]:s
Fri May 29 14:15:02 2009 :[Renasta]:s
Fri May 29 14:15:02 2009 :[Renasta]:s
Fri May 29 14:15:03 2009 :[Renasta]:s
Fri May 29 14:15:03 2009 :[Renasta]:s
Fri May 29 14:15:03 2009 :[Renasta]:s
Fri May 29 14:15:03 2009 :[Renasta]:s
Fri May 29 14:15:04 2009 :[Renasta]:e
Fri May 29 14:15:04 2009 :[Renasta]:s
Fri May 29 14:15:05 2009 :[Renasta]:e
Fri May 29 14:15:05 2009 :[Renasta]:e
Fri May 29 14:15:05 2009 :[Renasta]:e
Fri May 29 14:15:05 2009 :[Renasta]:e
Fri May 29 14:15:06 2009 :[Renasta]:e
Fri May 29 14:15:06 2009 :[Renasta]:e
Fri May 29 14:15:07 2009 :[Renasta]:n
Fri May 29 14:15:07 2009 :[Renasta]:e
Fri May 29 14:15:07 2009 :[Renasta]:e
Fri May 29 14:15:07 2009 :[Renasta]:n
Fri May 29 14:15:09 2009 :[Renasta]:s
Fri May 29 14:15:09 2009 :[Renasta]:s
Fri May 29 14:15:09 2009 :[Renasta]:s
Fri May 29 14:15:09 2009 :[Renasta]:s
Fri May 29 14:15:10 2009 :[Renasta]:e
Fri May 29 14:15:10 2009 :[Renasta]:e
Fri May 29 14:15:10 2009 :[Renasta]:s
Fri May 29 14:15:11 2009 :[Renasta]:s
Fri May 29 14:15:11 2009 :[Renasta]:s
Fri May 29 14:15:11 2009 :[Renasta]:s
Fri May 29 14:15:12 2009 :[Renasta]:n
Fri May 29 14:15:12 2009 :[Renasta]:n
Fri May 29 14:15:13 2009 :[Renasta]:n
Fri May 29 14:15:13 2009 :[Renasta]:n
Fri May 29 14:15:13 2009 :[Renasta]:n
Fri May 29 14:15:13 2009 :[Renasta]:n
Fri May 29 14:15:14 2009 :[Renasta]:n
Fri May 29 14:15:14 2009 :[Renasta]:n
Fri May 29 14:15:14 2009 :[Renasta]:e
Fri May 29 14:15:14 2009 :[Renasta]:n
Fri May 29 14:15:15 2009 :[Renasta]:e
Fri May 29 14:15:15 2009 :[Renasta]:e
Fri May 29 14:15:15 2009 :[Renasta]:n
Fri May 29 14:15:16 2009 :[Renasta]:e
Fri May 29 14:15:16 2009 :[Renasta]:e
Fri May 29 14:15:16 2009 :[Renasta]:e
Fri May 29 14:15:16 2009 :[Renasta]:e
Fri May 29 14:15:17 2009 :[Renasta]:e
Fri May 29 14:15:18 2009 :[Renasta]:n
Fri May 29 14:15:18 2009 :[Renasta]:e
Fri May 29 14:15:18 2009 :[Renasta]:e
Fri May 29 14:15:18 2009 :[Renasta]:s
Fri May 29 14:15:20 2009 :[Renasta]:s
Fri May 29 14:15:22 2009 :[Renasta]:ooc oh look
Fri May 29 14:15:22 2009 :[Renasta]:ooc oh look
Fri May 29 14:15:24 2009 :[Renasta]:ooc embergreen
Fri May 29 14:15:25 2009 :[Renasta]:s
Fri May 29 14:15:26 2009 :[Renasta]:w
Fri May 29 14:15:27 2009 :[Renasta]:e
Fri May 29 14:15:28 2009 :[Renasta]:s
Fri May 29 14:15:28 2009 :[Renasta]:s
Fri May 29 14:15:30 2009 :[Renasta]:get gaunt
Fri May 29 14:15:32 2009 :[Renasta]:cast 'gate' greorg
Fri May 29 14:15:34 2009 :[Renasta]:w
Fri May 29 14:15:35 2009 :[Renasta]:job complete
Fri May 29 14:15:38 2009 :[Renasta]:cast 'gate' ultra
Fri May 29 14:15:40 2009 :[Renasta]:e
Fri May 29 14:15:40 2009 :[Renasta]:n
Fri May 29 14:16:25 2009 :[Renasta]:ooc exactly where it was before
Fri May 29 14:18:40 2009 :[Renasta]:ooc i did
Fri May 29 14:19:42 2009 :[Renasta]:wake
Fri May 29 14:19:42 2009 :[Renasta]:c 'create food'
Fri May 29 14:19:44 2009 :[Renasta]:c 'create food'
Fri May 29 14:19:45 2009 :[Renasta]:get mush
Fri May 29 14:19:45 2009 :[Renasta]:get mush
Fri May 29 14:19:45 2009 :[Renasta]:eat mush
Fri May 29 14:19:46 2009 :[Renasta]:eat mush
Fri May 29 14:21:17 2009 :[Renasta]:ooc its right where we left it last time
Fri May 29 14:21:18 2009 :[Renasta]:who
Fri May 29 14:21:22 2009 :[Renasta]:ooc exact same place
Fri May 29 14:21:23 2009 :[Renasta]:l
Fri May 29 14:21:25 2009 :[Renasta]:in
Fri May 29 14:21:39 2009 :[Renasta]:ooc omfg
Fri May 29 14:21:42 2009 :[Renasta]:ooc im not answering that
Fri May 29 14:21:48 2009 :[Renasta]:in
Fri May 29 14:21:50 2009 :[Renasta]:oscore 
Fri May 29 14:22:21 2009 :[Renasta]:l
Fri May 29 14:23:31 2009 :[Renasta]:ooc i did tell you, you are asking questions that are just...well...dumb
Fri May 29 14:24:00 2009 :[Renasta]:ooc its in the EXACT SAME SPOT AS BEFORE. As per stated thrice thus far
Fri May 29 14:25:29 2009 :[Renasta]:s
Fri May 29 14:25:30 2009 :[Renasta]:w
Fri May 29 14:25:32 2009 :[Renasta]:cast 'gate' greorg
Fri May 29 14:25:34 2009 :[Renasta]:w
Fri May 29 14:25:34 2009 :[Renasta]:job request
Fri May 29 14:25:36 2009 :[Renasta]:job request
Fri May 29 14:25:41 2009 :[Renasta]:cast 'gate' empyrean
Fri May 29 14:25:45 2009 :[Renasta]:s
Fri May 29 14:25:47 2009 :[Renasta]:e
Fri May 29 14:25:48 2009 :[Renasta]:e
Fri May 29 14:25:48 2009 :[Renasta]:w
Fri May 29 14:25:49 2009 :[Renasta]:w
Fri May 29 14:25:49 2009 :[Renasta]:s
Fri May 29 14:25:50 2009 :[Renasta]:s
Fri May 29 14:25:51 2009 :[Renasta]:s
Fri May 29 14:25:53 2009 :[Renasta]:n
Fri May 29 14:25:54 2009 :[Renasta]:e
Fri May 29 14:25:55 2009 :[Renasta]:w
Fri May 29 14:25:56 2009 :[Renasta]:n
Fri May 29 14:25:57 2009 :[Renasta]:n
Fri May 29 14:25:58 2009 :[Renasta]:w
Fri May 29 14:25:58 2009 :[Renasta]:e
Fri May 29 14:25:59 2009 :[Renasta]:e
Fri May 29 14:25:59 2009 :[Renasta]:w
Fri May 29 14:26:00 2009 :[Renasta]:w
Fri May 29 14:26:00 2009 :[Renasta]:n
Fri May 29 14:26:01 2009 :[Renasta]:s
Fri May 29 14:26:02 2009 :[Renasta]:s
Fri May 29 14:26:02 2009 :[Renasta]:n
Fri May 29 14:26:03 2009 :[Renasta]:n
Fri May 29 14:26:03 2009 :[Renasta]:n
Fri May 29 14:26:03 2009 :[Renasta]:u
Fri May 29 14:26:04 2009 :[Renasta]:w
Fri May 29 14:26:05 2009 :[Renasta]:w
Fri May 29 14:26:06 2009 :[Renasta]:w
Fri May 29 14:26:07 2009 :[Renasta]:e
Fri May 29 14:26:08 2009 :[Renasta]:n
Fri May 29 14:26:08 2009 :[Renasta]:s
Fri May 29 14:26:09 2009 :[Renasta]:w
Fri May 29 14:26:09 2009 :[Renasta]:n
Fri May 29 14:26:10 2009 :[Renasta]:e
Fri May 29 14:26:10 2009 :[Renasta]:w
Fri May 29 14:26:11 2009 :[Renasta]:n
Fri May 29 14:26:12 2009 :[Renasta]:e
Fri May 29 14:26:12 2009 :[Renasta]:n
Fri May 29 14:26:13 2009 :[Renasta]:w
Fri May 29 14:26:13 2009 :[Renasta]:w
Fri May 29 14:26:14 2009 :[Renasta]:w
Fri May 29 14:26:15 2009 :[Renasta]:d
Fri May 29 14:26:17 2009 :[Renasta]:w
Fri May 29 14:26:17 2009 :[Renasta]:e
Fri May 29 14:26:18 2009 :[Renasta]:e
Fri May 29 14:26:18 2009 :[Renasta]:u
Fri May 29 14:26:19 2009 :[Renasta]:e
Fri May 29 14:26:19 2009 :[Renasta]:e
Fri May 29 14:26:19 2009 :[Renasta]:e
Fri May 29 14:26:20 2009 :[Renasta]:s
Fri May 29 14:26:20 2009 :[Renasta]:s
Fri May 29 14:26:21 2009 :[Renasta]:e
Fri May 29 14:26:22 2009 :[Renasta]:e
Fri May 29 14:26:22 2009 :[Renasta]:e
Fri May 29 14:26:23 2009 :[Renasta]:d
Fri May 29 14:26:23 2009 :[Renasta]:s
Fri May 29 14:26:24 2009 :[Renasta]:s
Fri May 29 14:26:24 2009 :[Renasta]:s
Fri May 29 14:26:25 2009 :[Renasta]:s
Fri May 29 14:26:27 2009 :[Renasta]:w
Fri May 29 14:26:28 2009 :[Renasta]:w
Fri May 29 14:26:29 2009 :[Renasta]:s
Fri May 29 14:26:30 2009 :[Renasta]:n
Fri May 29 14:26:31 2009 :[Renasta]:w
Fri May 29 14:26:32 2009 :[Renasta]:n
Fri May 29 14:26:32 2009 :[Renasta]:s
Fri May 29 14:26:33 2009 :[Renasta]:w
Fri May 29 14:26:34 2009 :[Renasta]:s
Fri May 29 14:26:34 2009 :[Renasta]:n
Fri May 29 14:26:35 2009 :[Renasta]:w
Fri May 29 14:26:36 2009 :[Renasta]:n
Fri May 29 14:26:37 2009 :[Renasta]:s
Fri May 29 14:26:37 2009 :[Renasta]:w
Fri May 29 14:26:38 2009 :[Renasta]:n
Fri May 29 14:26:38 2009 :[Renasta]:s
Fri May 29 14:26:39 2009 :[Renasta]:n
Fri May 29 14:26:40 2009 :[Renasta]:w
Fri May 29 14:26:41 2009 :[Renasta]:w
Fri May 29 14:26:41 2009 :[Renasta]:n
Fri May 29 14:26:42 2009 :[Renasta]:w
Fri May 29 14:26:43 2009 :[Renasta]:e
Fri May 29 14:26:43 2009 :[Renasta]:e
Fri May 29 14:26:44 2009 :[Renasta]:e
Fri May 29 14:26:44 2009 :[Renasta]:e
Fri May 29 14:26:44 2009 :[Renasta]:e
Fri May 29 14:26:44 2009 :[Renasta]:e
Fri May 29 14:26:45 2009 :[Renasta]:e
Fri May 29 14:26:45 2009 :[Renasta]:e
Fri May 29 14:26:45 2009 :[Renasta]:e
Fri May 29 14:26:46 2009 :[Renasta]:e
Fri May 29 14:26:46 2009 :[Renasta]:s
Fri May 29 14:26:47 2009 :[Renasta]:s
Fri May 29 14:26:48 2009 :[Renasta]:s
Fri May 29 14:26:50 2009 :[Renasta]:w
Fri May 29 14:26:51 2009 :[Renasta]:w
Fri May 29 14:26:52 2009 :[Renasta]:w
Fri May 29 14:26:53 2009 :[Renasta]:d
Fri May 29 14:26:55 2009 :[Renasta]:u
Fri May 29 14:26:55 2009 :[Renasta]:e
Fri May 29 14:26:56 2009 :[Renasta]:n
Fri May 29 14:26:56 2009 :[Renasta]:s
Fri May 29 14:26:57 2009 :[Renasta]:e
Fri May 29 14:26:57 2009 :[Renasta]:n
Fri May 29 14:26:58 2009 :[Renasta]:s
Fri May 29 14:26:58 2009 :[Renasta]:e
Fri May 29 14:26:58 2009 :[Renasta]:n
Fri May 29 14:26:59 2009 :[Renasta]:s
Fri May 29 14:27:00 2009 :[Renasta]:e
Fri May 29 14:27:00 2009 :[Renasta]:w
Fri May 29 14:27:01 2009 :[Renasta]:w
Fri May 29 14:27:01 2009 :[Renasta]:w
Fri May 29 14:27:01 2009 :[Renasta]:w
Fri May 29 14:27:01 2009 :[Renasta]:w
Fri May 29 14:27:02 2009 :[Renasta]:w
Fri May 29 14:27:02 2009 :[Renasta]:w
Fri May 29 14:27:02 2009 :[Renasta]:d
Fri May 29 14:27:03 2009 :[Renasta]:d
Fri May 29 14:27:05 2009 :[Renasta]:w
Fri May 29 14:27:06 2009 :[Renasta]:w
Fri May 29 14:27:07 2009 :[Renasta]:w
Fri May 29 14:27:08 2009 :[Renasta]:w
Fri May 29 14:27:08 2009 :[Renasta]:w
Fri May 29 14:27:09 2009 :[Renasta]:n
Fri May 29 14:27:11 2009 :[Renasta]:get gaunt
Fri May 29 14:27:12 2009 :[Renasta]:cast 'gate' greorg
Fri May 29 14:27:14 2009 :[Renasta]:w
Fri May 29 14:27:15 2009 :[Renasta]:job complete
Fri May 29 14:27:16 2009 :[Renasta]:oscore 
Fri May 29 14:27:20 2009 :[Renasta]:cast 'gate' ultra
Fri May 29 14:27:21 2009 :[Renasta]:e
Fri May 29 14:27:21 2009 :[Renasta]:n
Fri May 29 14:33:19 2009 :[Renasta]:l
Fri May 29 14:33:22 2009 :[Renasta]:who
Fri May 29 14:33:23 2009 :[Renasta]:in
Fri May 29 14:33:25 2009 :[Renasta]:eq
Fri May 29 14:33:30 2009 :[Renasta]:wear sword
Fri May 29 14:33:33 2009 :[Renasta]:wear dean
Fri May 29 14:36:30 2009 :[Renasta]:quit
Fri May 29 16:13:15 2009 :[Renasta]:who
Fri May 29 16:13:17 2009 :[Renasta]:l
Fri May 29 16:13:20 2009 :[Renasta]:s
Fri May 29 16:13:20 2009 :[Renasta]:w
Fri May 29 16:13:23 2009 :[Renasta]:cast 'gate' greorg
Fri May 29 16:13:24 2009 :[Renasta]:w
Fri May 29 16:13:25 2009 :[Renasta]:job request
Fri May 29 16:13:27 2009 :[Renasta]:job time
Fri May 29 16:13:35 2009 :[Renasta]:cast 'vision' castle guard
Fri May 29 16:13:38 2009 :[Renasta]:cast 'vision' cryo
Fri May 29 16:13:41 2009 :[Renasta]:job request
Fri May 29 16:13:45 2009 :[Renasta]:cast 'gate' kintane
Fri May 29 16:13:46 2009 :[Renasta]:cast 'gate' kintane
Fri May 29 16:13:48 2009 :[Renasta]:e
Fri May 29 16:13:49 2009 :[Renasta]:s
Fri May 29 16:13:51 2009 :[Renasta]:cast 'gate' natualist
Fri May 29 16:13:52 2009 :[Renasta]:cast 'gate' natualist
Fri May 29 16:13:54 2009 :[Renasta]:cast 'gate' naturalist
Fri May 29 16:13:57 2009 :[Renasta]:s
Fri May 29 16:14:00 2009 :[Renasta]:s
Fri May 29 16:14:01 2009 :[Renasta]:s
Fri May 29 16:14:02 2009 :[Renasta]:s
Fri May 29 16:14:02 2009 :[Renasta]:s
Fri May 29 16:14:03 2009 :[Renasta]:w
Fri May 29 16:14:04 2009 :[Renasta]:w
Fri May 29 16:14:05 2009 :[Renasta]:w
Fri May 29 16:14:05 2009 :[Renasta]:w
Fri May 29 16:14:06 2009 :[Renasta]:w
Fri May 29 16:14:06 2009 :[Renasta]:n
Fri May 29 16:14:07 2009 :[Renasta]:e
Fri May 29 16:14:07 2009 :[Renasta]:s
Fri May 29 16:14:08 2009 :[Renasta]:s
Fri May 29 16:14:08 2009 :[Renasta]:w
Fri May 29 16:14:09 2009 :[Renasta]:w
Fri May 29 16:14:09 2009 :[Renasta]:s
Fri May 29 16:14:10 2009 :[Renasta]:w
Fri May 29 16:14:10 2009 :[Renasta]:s
Fri May 29 16:14:11 2009 :[Renasta]:s
Fri May 29 16:14:12 2009 :[Renasta]:w
Fri May 29 16:14:12 2009 :[Renasta]:e
Fri May 29 16:14:13 2009 :[Renasta]:e
Fri May 29 16:14:14 2009 :[Renasta]:e
Fri May 29 16:14:15 2009 :[Renasta]:e
Fri May 29 16:14:15 2009 :[Renasta]:e
Fri May 29 16:14:16 2009 :[Renasta]:s
Fri May 29 16:14:16 2009 :[Renasta]:s
Fri May 29 16:14:17 2009 :[Renasta]:s
Fri May 29 16:14:17 2009 :[Renasta]:s
Fri May 29 16:14:18 2009 :[Renasta]:s
Fri May 29 16:14:18 2009 :[Renasta]:w
Fri May 29 16:14:19 2009 :[Renasta]:w
Fri May 29 16:14:19 2009 :[Renasta]:w
Fri May 29 16:14:20 2009 :[Renasta]:w
Fri May 29 16:14:20 2009 :[Renasta]:w
Fri May 29 16:14:20 2009 :[Renasta]:w
Fri May 29 16:14:21 2009 :[Renasta]:w
Fri May 29 16:14:21 2009 :[Renasta]:w
Fri May 29 16:14:21 2009 :[Renasta]:w
Fri May 29 16:14:21 2009 :[Renasta]:w
Fri May 29 16:14:22 2009 :[Renasta]:s
Fri May 29 16:14:22 2009 :[Renasta]:s
Fri May 29 16:14:23 2009 :[Renasta]:s
Fri May 29 16:14:23 2009 :[Renasta]:s
Fri May 29 16:14:24 2009 :[Renasta]:s
Fri May 29 16:14:24 2009 :[Renasta]:s
Fri May 29 16:14:25 2009 :[Renasta]:u
Fri May 29 16:14:26 2009 :[Renasta]:s
Fri May 29 16:14:27 2009 :[Renasta]:s
Fri May 29 16:14:28 2009 :[Renasta]:s
Fri May 29 16:14:30 2009 :[Renasta]:n
Fri May 29 16:14:30 2009 :[Renasta]:n
Fri May 29 16:14:31 2009 :[Renasta]:n
Fri May 29 16:14:31 2009 :[Renasta]:n
Fri May 29 16:14:31 2009 :[Renasta]:d
Fri May 29 16:14:32 2009 :[Renasta]:n
Fri May 29 16:14:32 2009 :[Renasta]:n
Fri May 29 16:14:33 2009 :[Renasta]:n
Fri May 29 16:14:33 2009 :[Renasta]:n
Fri May 29 16:14:33 2009 :[Renasta]:n
Fri May 29 16:14:33 2009 :[Renasta]:n
Fri May 29 16:14:34 2009 :[Renasta]:e
Fri May 29 16:14:34 2009 :[Renasta]:e
Fri May 29 16:14:34 2009 :[Renasta]:e
Fri May 29 16:14:35 2009 :[Renasta]:e
Fri May 29 16:14:35 2009 :[Renasta]:e
Fri May 29 16:14:36 2009 :[Renasta]:e
Fri May 29 16:14:36 2009 :[Renasta]:e
Fri May 29 16:14:37 2009 :[Renasta]:e
Fri May 29 16:14:37 2009 :[Renasta]:e
Fri May 29 16:14:38 2009 :[Renasta]:n
Fri May 29 16:14:38 2009 :[Renasta]:n
Fri May 29 16:14:39 2009 :[Renasta]:n
Fri May 29 16:14:39 2009 :[Renasta]:n
Fri May 29 16:14:40 2009 :[Renasta]:n
Fri May 29 16:14:40 2009 :[Renasta]:n
Fri May 29 16:14:41 2009 :[Renasta]:n
Fri May 29 16:14:42 2009 :[Renasta]:n
Fri May 29 16:14:43 2009 :[Renasta]:n
Fri May 29 16:14:43 2009 :[Renasta]:n
Fri May 29 16:14:43 2009 :[Renasta]:n
Fri May 29 16:14:44 2009 :[Renasta]:n
Fri May 29 16:14:44 2009 :[Renasta]:n
Fri May 29 16:14:46 2009 :[Renasta]:e
Fri May 29 16:14:47 2009 :[Renasta]:n
Fri May 29 16:14:47 2009 :[Renasta]:s
Fri May 29 16:14:47 2009 :[Renasta]:w
Fri May 29 16:14:48 2009 :[Renasta]:n
Fri May 29 16:14:48 2009 :[Renasta]:e
Fri May 29 16:14:49 2009 :[Renasta]:w
Fri May 29 16:14:49 2009 :[Renasta]:w
Fri May 29 16:14:50 2009 :[Renasta]:w
Fri May 29 16:14:51 2009 :[Renasta]:w
Fri May 29 16:14:51 2009 :[Renasta]:w
Fri May 29 16:14:51 2009 :[Renasta]:w
Fri May 29 16:14:52 2009 :[Renasta]:e
Fri May 29 16:14:52 2009 :[Renasta]:n
Fri May 29 16:14:53 2009 :[Renasta]:n
Fri May 29 16:14:53 2009 :[Renasta]:n
Fri May 29 16:14:53 2009 :[Renasta]:n
Fri May 29 16:14:54 2009 :[Renasta]:n
Fri May 29 16:14:54 2009 :[Renasta]:w
Fri May 29 16:14:55 2009 :[Renasta]:n
Fri May 29 16:14:55 2009 :[Renasta]:w
Fri May 29 16:14:56 2009 :[Renasta]:w
Fri May 29 16:14:57 2009 :[Renasta]:w
Fri May 29 16:14:57 2009 :[Renasta]:n
Fri May 29 16:14:58 2009 :[Renasta]:n
Fri May 29 16:14:59 2009 :[Renasta]:n
Fri May 29 16:14:59 2009 :[Renasta]:e
Fri May 29 16:15:00 2009 :[Renasta]:e
Fri May 29 16:15:00 2009 :[Renasta]:e
Fri May 29 16:15:01 2009 :[Renasta]:n
Fri May 29 16:15:01 2009 :[Renasta]:n
Fri May 29 16:15:02 2009 :[Renasta]:n
Fri May 29 16:15:03 2009 :[Renasta]:u
Fri May 29 16:15:04 2009 :[Renasta]:e
Fri May 29 16:15:04 2009 :[Renasta]:e
Fri May 29 16:15:05 2009 :[Renasta]:e
Fri May 29 16:15:05 2009 :[Renasta]:e
Fri May 29 16:15:06 2009 :[Renasta]:e
Fri May 29 16:15:06 2009 :[Renasta]:d
Fri May 29 16:15:07 2009 :[Renasta]:u
Fri May 29 16:15:08 2009 :[Renasta]:s
Fri May 29 16:15:10 2009 :[Renasta]:s
Fri May 29 16:15:11 2009 :[Renasta]:e
Fri May 29 16:15:13 2009 :[Renasta]:get crown
Fri May 29 16:15:16 2009 :[Renasta]:cast 'gate' greorg
Fri May 29 16:15:18 2009 :[Renasta]:w
Fri May 29 16:15:18 2009 :[Renasta]:job complete
Fri May 29 16:15:21 2009 :[Renasta]:cast 'gate' ultra
Fri May 29 16:15:22 2009 :[Renasta]:e
Fri May 29 16:15:23 2009 :[Renasta]:n
Fri May 29 16:16:26 2009 :[Renasta]:l
Fri May 29 16:16:27 2009 :[Renasta]:who
Fri May 29 16:16:28 2009 :[Renasta]:in
Fri May 29 16:16:29 2009 :[Renasta]:s
Fri May 29 16:16:30 2009 :[Renasta]:n
Fri May 29 16:20:45 2009 :[Renasta]:who
Fri May 29 16:20:46 2009 :[Renasta]:in
Fri May 29 16:20:53 2009 :[Renasta]:ooc Sorry about before, man
Fri May 29 16:20:56 2009 :[Renasta]:ooc bad mood today
Fri May 29 16:20:57 2009 :[Renasta]:l
Fri May 29 16:21:04 2009 :[Renasta]:l
Fri May 29 16:21:05 2009 :[Renasta]:in
Fri May 29 16:21:07 2009 :[Renasta]:l i sack
Fri May 29 16:21:15 2009 :[Renasta]:who
Fri May 29 16:21:17 2009 :[Renasta]:ooc Ghuo
Fri May 29 16:21:22 2009 :[Renasta]:ooc I was a dick to him this morning
Fri May 29 16:25:05 2009 :[Renasta]:who
Fri May 29 16:25:06 2009 :[Renasta]:in
Fri May 29 16:25:07 2009 :[Renasta]:board
Fri May 29 16:25:07 2009 :[Renasta]:l
Fri May 29 16:25:24 2009 :[Renasta]:in
Fri May 29 16:25:25 2009 :[Renasta]:l
Fri May 29 16:25:27 2009 :[Renasta]:drop gown
Fri May 29 16:25:31 2009 :[Renasta]:sac gown
Fri May 29 16:25:33 2009 :[Renasta]:l i sack
Fri May 29 16:25:38 2009 :[Renasta]:get all.mush sack
Fri May 29 16:25:41 2009 :[Renasta]:drop all.mush
Fri May 29 16:25:41 2009 :[Renasta]:get all.mush sack
Fri May 29 16:25:42 2009 :[Renasta]:drop all.mush
Fri May 29 16:25:43 2009 :[Renasta]:get all.mush sack
Fri May 29 16:25:44 2009 :[Renasta]:drop all.mush
Fri May 29 16:25:44 2009 :[Renasta]:get all.mush sack
Fri May 29 16:25:45 2009 :[Renasta]:drop all.mush
Fri May 29 16:25:45 2009 :[Renasta]:get all.mush sack
Fri May 29 16:25:46 2009 :[Renasta]:drop all.mush
Fri May 29 16:25:46 2009 :[Renasta]:get all.mush sack
Fri May 29 16:25:47 2009 :[Renasta]:drop all.mush
Fri May 29 16:25:47 2009 :[Renasta]:get all.mush sack
Fri May 29 16:25:48 2009 :[Renasta]:drop all.mush
Fri May 29 16:25:48 2009 :[Renasta]:get all.mush sack
Fri May 29 16:25:49 2009 :[Renasta]:drop all.mush
Fri May 29 16:25:49 2009 :[Renasta]:get all.mush sack
Fri May 29 16:25:50 2009 :[Renasta]:drop all.mush
Fri May 29 16:25:50 2009 :[Renasta]:get all.mush sack
Fri May 29 16:25:51 2009 :[Renasta]:drop all.mush
Fri May 29 16:25:51 2009 :[Renasta]:get all.mush sack
Fri May 29 16:25:52 2009 :[Renasta]:drop all.mush
Fri May 29 16:25:52 2009 :[Renasta]:get all.mush sack
Fri May 29 16:25:53 2009 :[Renasta]:drop all.mush
Fri May 29 16:25:55 2009 :[Renasta]:get all.mush sack
Fri May 29 16:25:55 2009 :[Renasta]:drop all.mush
Fri May 29 16:25:57 2009 :[Renasta]:l i sack
Fri May 29 16:26:00 2009 :[Renasta]:get mace sack
Fri May 29 16:26:04 2009 :[Renasta]:don mace
Fri May 29 16:26:08 2009 :[Renasta]:get claw sack
Fri May 29 16:26:10 2009 :[Renasta]:don claw
Fri May 29 16:26:15 2009 :[Renasta]:get chain sack
Fri May 29 16:26:15 2009 :[Renasta]:get chain sack
Fri May 29 16:26:16 2009 :[Renasta]:don chain
Fri May 29 16:26:16 2009 :[Renasta]:don chain
Fri May 29 16:26:21 2009 :[Renasta]:get thain sack
Fri May 29 16:26:23 2009 :[Renasta]:don thain
Fri May 29 16:26:29 2009 :[Renasta]:get dagger sac
Fri May 29 16:26:30 2009 :[Renasta]:get dagger sac
Fri May 29 16:26:33 2009 :[Renasta]:don dagger
Fri May 29 16:26:38 2009 :[Renasta]:put dagger sack
Fri May 29 16:26:39 2009 :[Renasta]:put dagger sack
Fri May 29 16:26:45 2009 :[Renasta]:get lab sack
Fri May 29 16:26:47 2009 :[Renasta]:don lab
Fri May 29 16:26:47 2009 :[Renasta]:s
Fri May 29 16:26:48 2009 :[Renasta]:w
Fri May 29 16:26:50 2009 :[Renasta]:cast 'gate' greorg
Fri May 29 16:26:51 2009 :[Renasta]:w
Fri May 29 16:26:52 2009 :[Renasta]:job request
Fri May 29 16:26:54 2009 :[Renasta]:job request
Fri May 29 16:26:59 2009 :[Renasta]:c summon sprite
Fri May 29 16:27:01 2009 :[Renasta]:cast 'fire' sprite
Fri May 29 16:27:03 2009 :[Renasta]:cast 'fire' sprite
Fri May 29 16:27:05 2009 :[Renasta]:cast 'storm vengeance' 
Fri May 29 16:27:09 2009 :[Renasta]:cast 'fire' 
Fri May 29 16:27:11 2009 :[Renasta]:cast 'fire' 
Fri May 29 16:27:12 2009 :[Renasta]:cast 'fire' 
Fri May 29 16:27:14 2009 :[Renasta]:cast 'fire' 
Fri May 29 16:27:16 2009 :[Renasta]:job complete
Fri May 29 16:27:18 2009 :[Renasta]:cast 'gate' ultra
Fri May 29 16:27:20 2009 :[Renasta]:e
Fri May 29 16:27:20 2009 :[Renasta]:n
Fri May 29 16:29:17 2009 :[Renasta]:get belt sack
Fri May 29 16:29:18 2009 :[Renasta]:don belt
Fri May 29 16:29:27 2009 :[Renasta]:quit
Fri May 29 16:39:49 2009 :[Renasta]:quit
Fri May 29 16:44:30 2009 :[Renasta]:quit
Fri May 29 21:25:01 2009 :[Renasta]:who
Fri May 29 21:25:02 2009 :[Renasta]:in
Fri May 29 21:25:03 2009 :[Renasta]:l
Fri May 29 21:25:06 2009 :[Renasta]:quit
Sat May 30 00:23:48 2009 :[Renasta]:who
Sat May 30 00:23:50 2009 :[Renasta]:in
Sat May 30 00:23:51 2009 :[Renasta]:l
Sat May 30 00:23:53 2009 :[Renasta]:prac
Sat May 30 00:24:00 2009 :[Renasta]:l
Sat May 30 00:24:01 2009 :[Renasta]:s
Sat May 30 00:24:02 2009 :[Renasta]:w
Sat May 30 00:24:03 2009 :[Renasta]:e
Sat May 30 00:24:04 2009 :[Renasta]:s
Sat May 30 00:24:04 2009 :[Renasta]:d
Sat May 30 00:24:07 2009 :[Renasta]:summon guard
Sat May 30 00:24:09 2009 :[Renasta]:c summon guard
Sat May 30 00:24:14 2009 :[Renasta]:cast 'fire' guard
Sat May 30 00:24:15 2009 :[Renasta]:l
Sat May 30 00:24:17 2009 :[Renasta]:n
Sat May 30 00:24:18 2009 :[Renasta]:n
Sat May 30 00:24:19 2009 :[Renasta]:who
Sat May 30 00:24:21 2009 :[Renasta]:quit
Sat May 30 03:33:31 2009 :[Renasta]:s
Sat May 30 03:33:32 2009 :[Renasta]:w
Sat May 30 03:33:39 2009 :[Renasta]:cast 'gate' orc
Sat May 30 03:33:52 2009 :[Renasta]:s
Sat May 30 03:33:52 2009 :[Renasta]:s
Sat May 30 03:33:53 2009 :[Renasta]:n
Sat May 30 03:33:54 2009 :[Renasta]:n
Sat May 30 03:33:55 2009 :[Renasta]:w
Sat May 30 03:33:55 2009 :[Renasta]:w
Sat May 30 03:33:55 2009 :[Renasta]:w
Sat May 30 03:33:56 2009 :[Renasta]:w
Sat May 30 03:33:56 2009 :[Renasta]:w
Sat May 30 03:33:56 2009 :[Renasta]:w
Sat May 30 03:33:56 2009 :[Renasta]:w
Sat May 30 03:33:57 2009 :[Renasta]:w
Sat May 30 03:33:57 2009 :[Renasta]:w
Sat May 30 03:33:57 2009 :[Renasta]:w
Sat May 30 03:33:57 2009 :[Renasta]:w
Sat May 30 03:33:58 2009 :[Renasta]:w
Sat May 30 03:33:58 2009 :[Renasta]:w
Sat May 30 03:33:59 2009 :[Renasta]:s
Sat May 30 03:33:59 2009 :[Renasta]:w
Sat May 30 03:33:59 2009 :[Renasta]:w
Sat May 30 03:34:00 2009 :[Renasta]:w
Sat May 30 03:34:00 2009 :[Renasta]:w
Sat May 30 03:34:00 2009 :[Renasta]:w
Sat May 30 03:34:01 2009 :[Renasta]:w
Sat May 30 03:34:01 2009 :[Renasta]:w
Sat May 30 03:34:02 2009 :[Renasta]:w
Sat May 30 03:34:02 2009 :[Renasta]:w
Sat May 30 03:34:02 2009 :[Renasta]:w
Sat May 30 03:34:03 2009 :[Renasta]:w
Sat May 30 03:34:03 2009 :[Renasta]:w
Sat May 30 03:34:03 2009 :[Renasta]:w
Sat May 30 03:34:04 2009 :[Renasta]:w
Sat May 30 03:34:04 2009 :[Renasta]:w
Sat May 30 03:34:04 2009 :[Renasta]:w
Sat May 30 03:34:05 2009 :[Renasta]:w
Sat May 30 03:34:05 2009 :[Renasta]:w
Sat May 30 03:34:06 2009 :[Renasta]:w
Sat May 30 03:34:06 2009 :[Renasta]:w
Sat May 30 03:34:06 2009 :[Renasta]:w
Sat May 30 03:34:07 2009 :[Renasta]:w
Sat May 30 03:34:07 2009 :[Renasta]:w
Sat May 30 03:34:07 2009 :[Renasta]:w
Sat May 30 03:34:08 2009 :[Renasta]:w
Sat May 30 03:34:08 2009 :[Renasta]:w
Sat May 30 03:34:08 2009 :[Renasta]:w
Sat May 30 03:34:09 2009 :[Renasta]:w
Sat May 30 03:34:09 2009 :[Renasta]:w
Sat May 30 03:34:10 2009 :[Renasta]:w
Sat May 30 03:34:10 2009 :[Renasta]:w
Sat May 30 03:34:10 2009 :[Renasta]:w
Sat May 30 03:34:10 2009 :[Renasta]:w
Sat May 30 03:34:11 2009 :[Renasta]:w
Sat May 30 03:34:11 2009 :[Renasta]:n
Sat May 30 03:34:12 2009 :[Renasta]:n
Sat May 30 03:34:12 2009 :[Renasta]:w
Sat May 30 03:34:13 2009 :[Renasta]:w
Sat May 30 03:34:13 2009 :[Renasta]:w
Sat May 30 03:34:13 2009 :[Renasta]:w
Sat May 30 03:34:14 2009 :[Renasta]:w
Sat May 30 03:34:14 2009 :[Renasta]:w
Sat May 30 03:34:15 2009 :[Renasta]:w
Sat May 30 03:34:15 2009 :[Renasta]:w
Sat May 30 03:34:15 2009 :[Renasta]:w
Sat May 30 03:34:16 2009 :[Renasta]:w
Sat May 30 03:34:16 2009 :[Renasta]:w
Sat May 30 03:34:16 2009 :[Renasta]:w
Sat May 30 03:34:17 2009 :[Renasta]:w
Sat May 30 03:34:17 2009 :[Renasta]:w
Sat May 30 03:34:17 2009 :[Renasta]:w
Sat May 30 03:34:18 2009 :[Renasta]:w
Sat May 30 03:34:18 2009 :[Renasta]:w
Sat May 30 03:34:19 2009 :[Renasta]:w
Sat May 30 03:34:19 2009 :[Renasta]:w
Sat May 30 03:34:19 2009 :[Renasta]:w
Sat May 30 03:34:20 2009 :[Renasta]:w
Sat May 30 03:34:20 2009 :[Renasta]:w
Sat May 30 03:34:20 2009 :[Renasta]:w
Sat May 30 03:34:21 2009 :[Renasta]:w
Sat May 30 03:34:21 2009 :[Renasta]:w
Sat May 30 03:34:22 2009 :[Renasta]:w
Sat May 30 03:34:22 2009 :[Renasta]:w
Sat May 30 03:34:22 2009 :[Renasta]:w
Sat May 30 03:34:23 2009 :[Renasta]:w
Sat May 30 03:34:23 2009 :[Renasta]:w
Sat May 30 03:34:23 2009 :[Renasta]:w
Sat May 30 03:34:24 2009 :[Renasta]:w
Sat May 30 03:34:24 2009 :[Renasta]:w
Sat May 30 03:34:24 2009 :[Renasta]:w
Sat May 30 03:34:25 2009 :[Renasta]:w
Sat May 30 03:34:25 2009 :[Renasta]:w
Sat May 30 03:34:25 2009 :[Renasta]:w
Sat May 30 03:34:25 2009 :[Renasta]:w
Sat May 30 03:34:26 2009 :[Renasta]:w
Sat May 30 03:34:26 2009 :[Renasta]:w
Sat May 30 03:34:26 2009 :[Renasta]:w
Sat May 30 03:34:26 2009 :[Renasta]:w
Sat May 30 03:34:27 2009 :[Renasta]:w
Sat May 30 03:34:27 2009 :[Renasta]:w
Sat May 30 03:34:27 2009 :[Renasta]:s
Sat May 30 03:34:28 2009 :[Renasta]:s
Sat May 30 03:34:29 2009 :[Renasta]:w
Sat May 30 03:34:29 2009 :[Renasta]:w
Sat May 30 03:34:30 2009 :[Renasta]:w
Sat May 30 03:34:30 2009 :[Renasta]:s
Sat May 30 03:34:30 2009 :[Renasta]:w
Sat May 30 03:34:31 2009 :[Renasta]:w
Sat May 30 03:34:31 2009 :[Renasta]:w
Sat May 30 03:34:32 2009 :[Renasta]:s
Sat May 30 03:34:32 2009 :[Renasta]:s
Sat May 30 03:34:32 2009 :[Renasta]:w
Sat May 30 03:34:33 2009 :[Renasta]:w
Sat May 30 03:34:33 2009 :[Renasta]:w
Sat May 30 03:34:34 2009 :[Renasta]:w
Sat May 30 03:34:34 2009 :[Renasta]:w
Sat May 30 03:34:34 2009 :[Renasta]:w
Sat May 30 03:34:35 2009 :[Renasta]:w
Sat May 30 03:34:35 2009 :[Renasta]:n
Sat May 30 03:34:36 2009 :[Renasta]:n
Sat May 30 03:34:36 2009 :[Renasta]:n
Sat May 30 03:34:36 2009 :[Renasta]:n
Sat May 30 03:34:36 2009 :[Renasta]:n
Sat May 30 03:34:37 2009 :[Renasta]:n
Sat May 30 03:34:37 2009 :[Renasta]:n
Sat May 30 03:34:37 2009 :[Renasta]:n
Sat May 30 03:34:38 2009 :[Renasta]:n
Sat May 30 03:34:38 2009 :[Renasta]:n
Sat May 30 03:34:39 2009 :[Renasta]:n
Sat May 30 03:34:39 2009 :[Renasta]:n
Sat May 30 03:34:40 2009 :[Renasta]:n
Sat May 30 03:34:40 2009 :[Renasta]:w
Sat May 30 03:34:41 2009 :[Renasta]:w
Sat May 30 03:34:41 2009 :[Renasta]:w
Sat May 30 03:34:41 2009 :[Renasta]:w
Sat May 30 03:34:42 2009 :[Renasta]:w
Sat May 30 03:34:43 2009 :[Renasta]:s
Sat May 30 03:34:43 2009 :[Renasta]:s
Sat May 30 03:34:44 2009 :[Renasta]:e
Sat May 30 03:34:44 2009 :[Renasta]:e
Sat May 30 03:34:44 2009 :[Renasta]:e
Sat May 30 03:34:45 2009 :[Renasta]:e
Sat May 30 03:34:45 2009 :[Renasta]:e
Sat May 30 03:34:45 2009 :[Renasta]:e
Sat May 30 03:34:46 2009 :[Renasta]:n
Sat May 30 03:34:46 2009 :[Renasta]:n
Sat May 30 03:34:46 2009 :[Renasta]:n
Sat May 30 03:34:47 2009 :[Renasta]:n
Sat May 30 03:34:47 2009 :[Renasta]:n
Sat May 30 03:34:48 2009 :[Renasta]:n
Sat May 30 03:34:48 2009 :[Renasta]:n
Sat May 30 03:34:48 2009 :[Renasta]:n
Sat May 30 03:34:49 2009 :[Renasta]:e
Sat May 30 03:34:49 2009 :[Renasta]:e
Sat May 30 03:34:50 2009 :[Renasta]:n
Sat May 30 03:34:50 2009 :[Renasta]:n
Sat May 30 03:34:51 2009 :[Renasta]:w
Sat May 30 03:34:51 2009 :[Renasta]:w
Sat May 30 03:34:52 2009 :[Renasta]:w
Sat May 30 03:34:56 2009 :[Renasta]:w
Sat May 30 03:34:56 2009 :[Renasta]:w
Sat May 30 03:34:56 2009 :[Renasta]:n
Sat May 30 03:34:58 2009 :[Renasta]:s
Sat May 30 03:34:59 2009 :[Renasta]:e
Sat May 30 03:34:59 2009 :[Renasta]:e
Sat May 30 03:35:00 2009 :[Renasta]:s
Sat May 30 03:35:00 2009 :[Renasta]:s
Sat May 30 03:35:00 2009 :[Renasta]:s
Sat May 30 03:35:00 2009 :[Renasta]:s
Sat May 30 03:35:01 2009 :[Renasta]:s
Sat May 30 03:35:01 2009 :[Renasta]:s
Sat May 30 03:35:02 2009 :[Renasta]:s
Sat May 30 03:35:02 2009 :[Renasta]:s
Sat May 30 03:35:02 2009 :[Renasta]:s
Sat May 30 03:35:03 2009 :[Renasta]:s
Sat May 30 03:35:03 2009 :[Renasta]:s
Sat May 30 03:35:03 2009 :[Renasta]:s
Sat May 30 03:35:04 2009 :[Renasta]:s
Sat May 30 03:35:04 2009 :[Renasta]:s
Sat May 30 03:35:05 2009 :[Renasta]:s
Sat May 30 03:35:05 2009 :[Renasta]:s
Sat May 30 03:35:05 2009 :[Renasta]:s
Sat May 30 03:35:06 2009 :[Renasta]:s
Sat May 30 03:35:06 2009 :[Renasta]:s
Sat May 30 03:35:06 2009 :[Renasta]:s
Sat May 30 03:35:06 2009 :[Renasta]:s
Sat May 30 03:35:07 2009 :[Renasta]:s
Sat May 30 03:35:07 2009 :[Renasta]:s
Sat May 30 03:35:07 2009 :[Renasta]:e
Sat May 30 03:35:07 2009 :[Renasta]:e
Sat May 30 03:35:08 2009 :[Renasta]:e
Sat May 30 03:35:09 2009 :[Renasta]:n
Sat May 30 03:35:09 2009 :[Renasta]:n
Sat May 30 03:35:09 2009 :[Renasta]:n
Sat May 30 03:35:09 2009 :[Renasta]:n
Sat May 30 03:35:10 2009 :[Renasta]:n
Sat May 30 03:35:10 2009 :[Renasta]:n
Sat May 30 03:35:10 2009 :[Renasta]:n
Sat May 30 03:35:11 2009 :[Renasta]:w
Sat May 30 03:35:11 2009 :[Renasta]:w
Sat May 30 03:35:12 2009 :[Renasta]:w
Sat May 30 03:35:12 2009 :[Renasta]:w
Sat May 30 03:35:13 2009 :[Renasta]:s
Sat May 30 03:35:13 2009 :[Renasta]:s
Sat May 30 03:35:14 2009 :[Renasta]:s
Sat May 30 03:35:14 2009 :[Renasta]:s
Sat May 30 03:35:14 2009 :[Renasta]:s
Sat May 30 03:35:14 2009 :[Renasta]:s
Sat May 30 03:35:15 2009 :[Renasta]:s
Sat May 30 03:35:15 2009 :[Renasta]:s
Sat May 30 03:35:15 2009 :[Renasta]:s
Sat May 30 03:35:17 2009 :[Renasta]:n
Sat May 30 03:35:17 2009 :[Renasta]:n
Sat May 30 03:35:18 2009 :[Renasta]:n
Sat May 30 03:35:18 2009 :[Renasta]:e
Sat May 30 03:35:19 2009 :[Renasta]:n
Sat May 30 03:35:19 2009 :[Renasta]:n
Sat May 30 03:35:19 2009 :[Renasta]:n
Sat May 30 03:35:20 2009 :[Renasta]:s
Sat May 30 03:35:20 2009 :[Renasta]:s
Sat May 30 03:35:20 2009 :[Renasta]:s
Sat May 30 03:35:40 2009 :[Renasta]:l
Sat May 30 03:35:43 2009 :[Renasta]:s
Sat May 30 03:35:44 2009 :[Renasta]:s
Sat May 30 03:35:44 2009 :[Renasta]:s
Sat May 30 03:35:44 2009 :[Renasta]:s
Sat May 30 03:35:45 2009 :[Renasta]:e
Sat May 30 03:35:45 2009 :[Renasta]:s
Sat May 30 03:35:52 2009 :[Renasta]:cast 'gate' ultra
Sat May 30 03:35:53 2009 :[Renasta]:e
Sat May 30 03:35:54 2009 :[Renasta]:n
Sat May 30 03:35:56 2009 :[Renasta]:quit
Sat May 30 03:36:00 2009 :[Renasta]:quit
Sat May 30 03:40:12 2009 :[Renasta]:s
Sat May 30 03:40:13 2009 :[Renasta]:w
Sat May 30 03:40:32 2009 :[Renasta]:cast 'gate' stoneforge
Sat May 30 03:40:36 2009 :[Renasta]:cast 'gate' orc
Sat May 30 03:40:38 2009 :[Renasta]:n
Sat May 30 03:40:41 2009 :[Renasta]:cast 'gate' 2.orc
Sat May 30 03:40:43 2009 :[Renasta]:e
Sat May 30 03:40:43 2009 :[Renasta]:e
Sat May 30 03:40:44 2009 :[Renasta]:e
Sat May 30 03:40:44 2009 :[Renasta]:e
Sat May 30 03:40:45 2009 :[Renasta]:s
Sat May 30 03:40:46 2009 :[Renasta]:e
Sat May 30 03:40:46 2009 :[Renasta]:e
Sat May 30 03:40:47 2009 :[Renasta]:e
Sat May 30 03:40:47 2009 :[Renasta]:e
Sat May 30 03:40:48 2009 :[Renasta]:e
Sat May 30 03:40:48 2009 :[Renasta]:e
Sat May 30 03:40:49 2009 :[Renasta]:e
Sat May 30 03:40:50 2009 :[Renasta]:s
Sat May 30 03:40:50 2009 :[Renasta]:e
Sat May 30 03:40:51 2009 :[Renasta]:e
Sat May 30 03:40:52 2009 :[Renasta]:n
Sat May 30 03:40:53 2009 :[Renasta]:n
Sat May 30 03:40:53 2009 :[Renasta]:n
Sat May 30 03:40:54 2009 :[Renasta]:n
Sat May 30 03:40:54 2009 :[Renasta]:n
Sat May 30 03:40:54 2009 :[Renasta]:n
Sat May 30 03:40:54 2009 :[Renasta]:n
Sat May 30 03:40:55 2009 :[Renasta]:n
Sat May 30 03:40:55 2009 :[Renasta]:n
Sat May 30 03:40:55 2009 :[Renasta]:n
Sat May 30 03:40:56 2009 :[Renasta]:n
Sat May 30 03:40:56 2009 :[Renasta]:n
Sat May 30 03:40:56 2009 :[Renasta]:n
Sat May 30 03:40:57 2009 :[Renasta]:n
Sat May 30 03:40:57 2009 :[Renasta]:n
Sat May 30 03:40:57 2009 :[Renasta]:n
Sat May 30 03:40:58 2009 :[Renasta]:n
Sat May 30 03:41:00 2009 :[Renasta]:s
Sat May 30 03:41:01 2009 :[Renasta]:s
Sat May 30 03:41:01 2009 :[Renasta]:s
Sat May 30 03:41:02 2009 :[Renasta]:s
Sat May 30 03:41:02 2009 :[Renasta]:s
Sat May 30 03:41:02 2009 :[Renasta]:s
Sat May 30 03:41:03 2009 :[Renasta]:s
Sat May 30 03:41:03 2009 :[Renasta]:s
Sat May 30 03:41:03 2009 :[Renasta]:s
Sat May 30 03:41:03 2009 :[Renasta]:s
Sat May 30 03:41:04 2009 :[Renasta]:s
Sat May 30 03:41:04 2009 :[Renasta]:s
Sat May 30 03:41:04 2009 :[Renasta]:s
Sat May 30 03:41:04 2009 :[Renasta]:s
Sat May 30 03:41:05 2009 :[Renasta]:s
Sat May 30 03:41:05 2009 :[Renasta]:s
Sat May 30 03:41:05 2009 :[Renasta]:s
Sat May 30 03:41:05 2009 :[Renasta]:s
Sat May 30 03:41:06 2009 :[Renasta]:s
Sat May 30 03:41:06 2009 :[Renasta]:w
Sat May 30 03:41:07 2009 :[Renasta]:w
Sat May 30 03:41:07 2009 :[Renasta]:w
Sat May 30 03:41:08 2009 :[Renasta]:w
Sat May 30 03:41:08 2009 :[Renasta]:w
Sat May 30 03:41:08 2009 :[Renasta]:w
Sat May 30 03:41:09 2009 :[Renasta]:e
Sat May 30 03:41:10 2009 :[Renasta]:s
Sat May 30 03:41:10 2009 :[Renasta]:s
Sat May 30 03:41:10 2009 :[Renasta]:s
Sat May 30 03:41:11 2009 :[Renasta]:s
Sat May 30 03:41:11 2009 :[Renasta]:s
Sat May 30 03:41:11 2009 :[Renasta]:s
Sat May 30 03:41:12 2009 :[Renasta]:e
Sat May 30 03:41:13 2009 :[Renasta]:e
Sat May 30 03:41:13 2009 :[Renasta]:e
Sat May 30 03:41:14 2009 :[Renasta]:n
Sat May 30 03:41:15 2009 :[Renasta]:n
Sat May 30 03:41:15 2009 :[Renasta]:n
Sat May 30 03:41:15 2009 :[Renasta]:n
Sat May 30 03:41:15 2009 :[Renasta]:n
Sat May 30 03:41:16 2009 :[Renasta]:n
Sat May 30 03:41:16 2009 :[Renasta]:n
Sat May 30 03:41:19 2009 :[Renasta]:cast 'gate' ultra
Sat May 30 03:41:21 2009 :[Renasta]:e
Sat May 30 03:41:21 2009 :[Renasta]:n
Sat May 30 03:41:22 2009 :[Renasta]:quit
Sat May 30 03:46:47 2009 :[Renasta]:s
Sat May 30 03:46:47 2009 :[Renasta]:w
Sat May 30 03:47:01 2009 :[Renasta]:who
Sat May 30 03:47:05 2009 :[Renasta]:c nexus draenarian
Sat May 30 03:47:09 2009 :[Renasta]:enter gate
Sat May 30 03:47:11 2009 :[Renasta]:cast 'fire' work
Sat May 30 03:47:13 2009 :[Renasta]:cast 'fire' work
Sat May 30 03:47:14 2009 :[Renasta]:cast 'fire' work
Sat May 30 03:47:16 2009 :[Renasta]:cast 'fire' work
Sat May 30 03:47:27 2009 :[Renasta]:enter gate
Sat May 30 03:47:28 2009 :[Renasta]:e
Sat May 30 03:47:28 2009 :[Renasta]:n
Sat May 30 03:47:30 2009 :[Renasta]:quit
Sat May 30 03:47:52 2009 :[Renasta]:quit
Sat May 30 03:48:00 2009 :[Renasta]:quit
Sat May 30 03:48:01 2009 :[Renasta]:quit
Sat May 30 03:48:26 2009 :[Renasta]:quit
Sat May 30 03:48:33 2009 :[Renasta]:cast 'create spring'
Sat May 30 03:48:34 2009 :[Renasta]:drink
Sat May 30 03:48:35 2009 :[Renasta]:quit
Sat May 30 03:48:46 2009 :[Renasta]:quit
Sat May 30 12:00:27 2009 :[Renasta]:who
Sat May 30 12:02:18 2009 :[Renasta]:quit
Sat May 30 12:39:23 2009 :[Renasta]:s
Sat May 30 12:39:24 2009 :[Renasta]:w
Sat May 30 12:39:27 2009 :[Renasta]:cast 'gate' sanaria
Sat May 30 12:39:29 2009 :[Renasta]:w
Sat May 30 12:39:30 2009 :[Renasta]:w
Sat May 30 12:39:30 2009 :[Renasta]:n
Sat May 30 12:39:31 2009 :[Renasta]:e
Sat May 30 12:39:31 2009 :[Renasta]:e
Sat May 30 12:39:31 2009 :[Renasta]:e
Sat May 30 12:39:32 2009 :[Renasta]:e
Sat May 30 12:39:32 2009 :[Renasta]:e
Sat May 30 12:39:32 2009 :[Renasta]:e
Sat May 30 12:39:32 2009 :[Renasta]:e
Sat May 30 12:39:33 2009 :[Renasta]:e
Sat May 30 12:39:33 2009 :[Renasta]:e
Sat May 30 12:39:33 2009 :[Renasta]:e
Sat May 30 12:39:33 2009 :[Renasta]:e
Sat May 30 12:39:34 2009 :[Renasta]:n
Sat May 30 12:39:34 2009 :[Renasta]:n
Sat May 30 12:39:35 2009 :[Renasta]:e
Sat May 30 12:39:35 2009 :[Renasta]:n
Sat May 30 12:39:35 2009 :[Renasta]:n
Sat May 30 12:39:36 2009 :[Renasta]:e
Sat May 30 12:39:36 2009 :[Renasta]:n
Sat May 30 12:39:37 2009 :[Renasta]:n
Sat May 30 12:39:38 2009 :[Renasta]:s
Sat May 30 12:39:38 2009 :[Renasta]:e
Sat May 30 12:39:39 2009 :[Renasta]:n
Sat May 30 12:39:39 2009 :[Renasta]:n
Sat May 30 12:39:39 2009 :[Renasta]:w
Sat May 30 12:39:40 2009 :[Renasta]:n
Sat May 30 12:39:40 2009 :[Renasta]:n
Sat May 30 12:39:43 2009 :[Renasta]:s
Sat May 30 12:39:53 2009 :[Renasta]:c summon aemerian
Sat May 30 12:43:10 2009 :[Renasta]:cast 'gate' ultra
Sat May 30 12:43:12 2009 :[Renasta]:e
Sat May 30 12:43:12 2009 :[Renasta]:n
Sat May 30 12:43:12 2009 :[Renasta]:quit
Sat May 30 12:46:09 2009 :[Renasta]:qiot
Sat May 30 12:46:11 2009 :[Renasta]:quit
Sat May 30 16:12:51 2009 :[Renasta]:who
Sat May 30 16:12:56 2009 :[Renasta]:l
Sat May 30 16:12:57 2009 :[Renasta]:who
Sat May 30 16:13:16 2009 :[Renasta]:locktitle
Sat May 30 16:13:20 2009 :[Renasta]:l
Sat May 30 16:13:21 2009 :[Renasta]:who
Sat May 30 16:13:23 2009 :[Renasta]:locktitle
Sat May 30 16:13:25 2009 :[Renasta]:locktitle
Sat May 30 16:15:21 2009 :[Renasta]:who
Sat May 30 16:15:22 2009 :[Renasta]:in
Sat May 30 16:15:24 2009 :[Renasta]:quit
Sat May 30 21:37:53 2009 :[Renasta]:who
Sat May 30 21:37:55 2009 :[Renasta]:board bugs
Sat May 30 21:37:55 2009 :[Renasta]:note
Sat May 30 21:38:33 2009 :[Renasta]:who
Sat May 30 21:38:34 2009 :[Renasta]:in
Sat May 30 21:39:11 2009 :[Renasta]:l
Sat May 30 21:39:15 2009 :[Renasta]:get mush
Sat May 30 21:39:16 2009 :[Renasta]:eat mush
Sat May 30 21:39:17 2009 :[Renasta]:who
Sat May 30 21:39:18 2009 :[Renasta]:in
Sat May 30 21:39:22 2009 :[Renasta]:quit
Mon Jun  1 01:51:57 2009 :[Renasta]:who
Mon Jun  1 01:52:02 2009 :[Renasta]:who
Mon Jun  1 01:52:03 2009 :[Renasta]:in
Mon Jun  1 01:52:04 2009 :[Renasta]:oscore 
Mon Jun  1 01:52:07 2009 :[Renasta]:quit
Mon Jun  1 12:02:37 2009 :[Renasta]:who
Mon Jun  1 12:02:42 2009 :[Renasta]:in
Mon Jun  1 12:02:43 2009 :[Renasta]:oscore 
Mon Jun  1 12:03:01 2009 :[Renasta]:quit
Mon Jun  1 17:56:28 2009 :[Renasta]:who
Mon Jun  1 17:56:29 2009 :[Renasta]:in
Mon Jun  1 17:56:33 2009 :[Renasta]:l
Mon Jun  1 17:56:34 2009 :[Renasta]:board
Mon Jun  1 17:56:35 2009 :[Renasta]:in
Mon Jun  1 17:56:35 2009 :[Renasta]:oscore 
Mon Jun  1 17:56:42 2009 :[Renasta]:l
Mon Jun  1 17:56:43 2009 :[Renasta]:who
Mon Jun  1 17:56:45 2009 :[Renasta]:quit
Tue Jun  2 02:47:13 2009 :[Renasta]:who
Tue Jun  2 02:47:16 2009 :[Renasta]:quit
Tue Jun  2 11:14:03 2009 :[Renasta]:who
Tue Jun  2 11:14:11 2009 :[Renasta]:quit
Tue Jun  2 13:37:49 2009 :[Renasta]:who
Tue Jun  2 13:37:54 2009 :[Renasta]:quit
Tue Jun  2 13:39:44 2009 :[Renasta]:quit
Tue Jun  9 03:27:31 2009 :[Renasta]:who
Tue Jun  9 03:28:19 2009 :[Renasta]:oscore 
Tue Jun  9 03:28:35 2009 :[Renasta]:rem all
Tue Jun  9 03:28:51 2009 :[Renasta]:wear all
Tue Jun  9 03:28:53 2009 :[Renasta]:in
Tue Jun  9 03:29:21 2009 :[Renasta]:who
Tue Jun  9 03:29:32 2009 :[Renasta]:1:00 AM
Tue Jun  9 03:29:48 2009 :[Renasta]:1:00 AM
